{"C:\\David\\nacional\\ingesoft2\\back\\build\\app.js": {"path":"C:\\David\\nacional\\ingesoft2\\back\\build\\app.js","statementMap":{"0":{"start":{"line":2,"column":22},"end":{"line":4,"column":1}},"1":{"start":{"line":3,"column":4},"end":{"line":3,"column":62}},"2":{"start":{"line":5,"column":0},"end":{"line":5,"column":62}},"3":{"start":{"line":6,"column":0},"end":{"line":6,"column":21}},"4":{"start":{"line":7,"column":16},"end":{"line":7,"column":51}},"5":{"start":{"line":8,"column":13},"end":{"line":8,"column":45}},"6":{"start":{"line":9,"column":15},"end":{"line":9,"column":49}},"7":{"start":{"line":10,"column":15},"end":{"line":10,"column":34}},"8":{"start":{"line":11,"column":16},"end":{"line":11,"column":50}},"9":{"start":{"line":12,"column":15},"end":{"line":12,"column":40}},"10":{"start":{"line":13,"column":20},"end":{"line":13,"column":50}},"11":{"start":{"line":14,"column":22},"end":{"line":14,"column":54}},"12":{"start":{"line":15,"column":9},"end":{"line":15,"column":22}},"13":{"start":{"line":16,"column":14},"end":{"line":16,"column":54}},"14":{"start":{"line":17,"column":22},"end":{"line":17,"column":41}},"15":{"start":{"line":18,"column":25},"end":{"line":56,"column":3}},"16":{"start":{"line":20,"column":8},"end":{"line":20,"column":44}},"17":{"start":{"line":21,"column":8},"end":{"line":21,"column":64}},"18":{"start":{"line":22,"column":8},"end":{"line":22,"column":44}},"19":{"start":{"line":23,"column":8},"end":{"line":23,"column":46}},"20":{"start":{"line":24,"column":8},"end":{"line":24,"column":48}},"21":{"start":{"line":25,"column":8},"end":{"line":25,"column":105}},"22":{"start":{"line":26,"column":8},"end":{"line":26,"column":45}},"23":{"start":{"line":27,"column":8},"end":{"line":27,"column":32}},"24":{"start":{"line":28,"column":8},"end":{"line":28,"column":38}},"25":{"start":{"line":30,"column":4},"end":{"line":35,"column":6}},"26":{"start":{"line":31,"column":8},"end":{"line":33,"column":11}},"27":{"start":{"line":32,"column":12},"end":{"line":32,"column":64}},"28":{"start":{"line":34,"column":8},"end":{"line":34,"column":24}},"29":{"start":{"line":36,"column":4},"end":{"line":42,"column":6}},"30":{"start":{"line":37,"column":20},"end":{"line":37,"column":24}},"31":{"start":{"line":38,"column":8},"end":{"line":41,"column":11}},"32":{"start":{"line":39,"column":12},"end":{"line":39,"column":34}},"33":{"start":{"line":40,"column":12},"end":{"line":40,"column":19}},"34":{"start":{"line":43,"column":4},"end":{"line":54,"column":6}},"35":{"start":{"line":44,"column":22},"end":{"line":49,"column":9}},"36":{"start":{"line":50,"column":8},"end":{"line":52,"column":9}},"37":{"start":{"line":51,"column":12},"end":{"line":51,"column":71}},"38":{"start":{"line":53,"column":8},"end":{"line":53,"column":63}},"39":{"start":{"line":55,"column":4},"end":{"line":55,"column":15}},"40":{"start":{"line":57,"column":0},"end":{"line":57,"column":18}}},"fnMap":{"0":{"name":"(anonymous_0)","decl":{"start":{"line":2,"column":56},"end":{"line":2,"column":57}},"loc":{"start":{"line":2,"column":71},"end":{"line":4,"column":1}},"line":2},"1":{"name":"(anonymous_1)","decl":{"start":{"line":18,"column":25},"end":{"line":18,"column":26}},"loc":{"start":{"line":18,"column":37},"end":{"line":56,"column":1}},"line":18},"2":{"name":"App","decl":{"start":{"line":19,"column":13},"end":{"line":19,"column":16}},"loc":{"start":{"line":19,"column":19},"end":{"line":29,"column":5}},"line":19},"3":{"name":"(anonymous_3)","decl":{"start":{"line":30,"column":27},"end":{"line":30,"column":28}},"loc":{"start":{"line":30,"column":43},"end":{"line":35,"column":5}},"line":30},"4":{"name":"(anonymous_4)","decl":{"start":{"line":31,"column":30},"end":{"line":31,"column":31}},"loc":{"start":{"line":31,"column":42},"end":{"line":33,"column":9}},"line":31},"5":{"name":"(anonymous_5)","decl":{"start":{"line":36,"column":37},"end":{"line":36,"column":38}},"loc":{"start":{"line":36,"column":49},"end":{"line":42,"column":5}},"line":36},"6":{"name":"(anonymous_6)","decl":{"start":{"line":38,"column":21},"end":{"line":38,"column":22}},"loc":{"start":{"line":38,"column":47},"end":{"line":41,"column":9}},"line":38},"7":{"name":"(anonymous_7)","decl":{"start":{"line":43,"column":31},"end":{"line":43,"column":32}},"loc":{"start":{"line":43,"column":46},"end":{"line":54,"column":5}},"line":43}},"branchMap":{"0":{"loc":{"start":{"line":2,"column":22},"end":{"line":4,"column":1}},"type":"binary-expr","locations":[{"start":{"line":2,"column":23},"end":{"line":2,"column":27}},{"start":{"line":2,"column":31},"end":{"line":2,"column":51}},{"start":{"line":2,"column":56},"end":{"line":4,"column":1}}],"line":2},"1":{"loc":{"start":{"line":3,"column":11},"end":{"line":3,"column":61}},"type":"cond-expr","locations":[{"start":{"line":3,"column":37},"end":{"line":3,"column":40}},{"start":{"line":3,"column":43},"end":{"line":3,"column":61}}],"line":3},"2":{"loc":{"start":{"line":3,"column":12},"end":{"line":3,"column":33}},"type":"binary-expr","locations":[{"start":{"line":3,"column":12},"end":{"line":3,"column":15}},{"start":{"line":3,"column":19},"end":{"line":3,"column":33}}],"line":3},"3":{"loc":{"start":{"line":50,"column":8},"end":{"line":52,"column":9}},"type":"if","locations":[{"start":{"line":50,"column":8},"end":{"line":52,"column":9}},{"start":{},"end":{}}],"line":50},"4":{"loc":{"start":{"line":50,"column":12},"end":{"line":50,"column":41}},"type":"binary-expr","locations":[{"start":{"line":50,"column":12},"end":{"line":50,"column":20}},{"start":{"line":50,"column":24},"end":{"line":50,"column":41}}],"line":50}},"s":{"0":1,"1":3,"2":1,"3":1,"4":1,"5":1,"6":1,"7":1,"8":1,"9":1,"10":1,"11":1,"12":1,"13":1,"14":1,"15":1,"16":1,"17":1,"18":1,"19":1,"20":1,"21":1,"22":1,"23":1,"24":1,"25":1,"26":1,"27":1,"28":1,"29":1,"30":1,"31":1,"32":3,"33":3,"34":1,"35":3,"36":3,"37":1,"38":3,"39":1,"40":1},"f":{"0":3,"1":1,"2":1,"3":1,"4":1,"5":1,"6":3,"7":3},"b":{"0":[1,0,1],"1":[0,3],"2":[3,3],"3":[1,2],"4":[3,3]},"_coverageSchema":"1a1c01bbd47fc00a2c39e90264f33305004495a9","hash":"421566fa01ecd03a26c7fccd2e4254a9a74f6d2c"}
,"C:\\David\\nacional\\ingesoft2\\back\\build\\server.js": {"path":"C:\\David\\nacional\\ingesoft2\\back\\build\\server.js","statementMap":{"0":{"start":{"line":2,"column":22},"end":{"line":4,"column":1}},"1":{"start":{"line":3,"column":4},"end":{"line":3,"column":62}},"2":{"start":{"line":5,"column":0},"end":{"line":5,"column":62}},"3":{"start":{"line":6,"column":12},"end":{"line":6,"column":28}},"4":{"start":{"line":7,"column":15},"end":{"line":7,"column":49}},"5":{"start":{"line":8,"column":0},"end":{"line":8,"column":26}},"6":{"start":{"line":9,"column":10},"end":{"line":9,"column":25}},"7":{"start":{"line":10,"column":18},"end":{"line":10,"column":55}},"8":{"start":{"line":11,"column":0},"end":{"line":11,"column":30}}},"fnMap":{"0":{"name":"(anonymous_0)","decl":{"start":{"line":2,"column":56},"end":{"line":2,"column":57}},"loc":{"start":{"line":2,"column":71},"end":{"line":4,"column":1}},"line":2}},"branchMap":{"0":{"loc":{"start":{"line":2,"column":22},"end":{"line":4,"column":1}},"type":"binary-expr","locations":[{"start":{"line":2,"column":23},"end":{"line":2,"column":27}},{"start":{"line":2,"column":31},"end":{"line":2,"column":51}},{"start":{"line":2,"column":56},"end":{"line":4,"column":1}}],"line":2},"1":{"loc":{"start":{"line":3,"column":11},"end":{"line":3,"column":61}},"type":"cond-expr","locations":[{"start":{"line":3,"column":37},"end":{"line":3,"column":40}},{"start":{"line":3,"column":43},"end":{"line":3,"column":61}}],"line":3},"2":{"loc":{"start":{"line":3,"column":12},"end":{"line":3,"column":33}},"type":"binary-expr","locations":[{"start":{"line":3,"column":12},"end":{"line":3,"column":15}},{"start":{"line":3,"column":19},"end":{"line":3,"column":33}}],"line":3},"3":{"loc":{"start":{"line":10,"column":29},"end":{"line":10,"column":54}},"type":"binary-expr","locations":[{"start":{"line":10,"column":29},"end":{"line":10,"column":46}},{"start":{"line":10,"column":50},"end":{"line":10,"column":54}}],"line":10}},"s":{"0":1,"1":1,"2":1,"3":1,"4":1,"5":1,"6":1,"7":1,"8":1},"f":{"0":1},"b":{"0":[1,0,1],"1":[0,1],"2":[1,1],"3":[1,0]},"_coverageSchema":"1a1c01bbd47fc00a2c39e90264f33305004495a9","hash":"9fc453613cb18aee06e9da216d3eb916b8fff2b7"}
,"C:\\David\\nacional\\ingesoft2\\back\\build\\articles\\article.controller.js": {"path":"C:\\David\\nacional\\ingesoft2\\back\\build\\articles\\article.controller.js","statementMap":{"0":{"start":{"line":2,"column":17},"end":{"line":7,"column":1}},"1":{"start":{"line":3,"column":12},"end":{"line":3,"column":28}},"2":{"start":{"line":3,"column":34},"end":{"line":3,"column":125}},"3":{"start":{"line":4,"column":4},"end":{"line":5,"column":150}},"4":{"start":{"line":4,"column":79},"end":{"line":4,"column":131}},"5":{"start":{"line":5,"column":9},"end":{"line":5,"column":150}},"6":{"start":{"line":5,"column":22},"end":{"line":5,"column":43}},"7":{"start":{"line":5,"column":58},"end":{"line":5,"column":150}},"8":{"start":{"line":5,"column":81},"end":{"line":5,"column":150}},"9":{"start":{"line":6,"column":4},"end":{"line":6,"column":66}},"10":{"start":{"line":8,"column":17},"end":{"line":10,"column":1}},"11":{"start":{"line":9,"column":4},"end":{"line":9,"column":109}},"12":{"start":{"line":9,"column":79},"end":{"line":9,"column":109}},"13":{"start":{"line":11,"column":14},"end":{"line":13,"column":1}},"14":{"start":{"line":12,"column":4},"end":{"line":12,"column":73}},"15":{"start":{"line":12,"column":36},"end":{"line":12,"column":71}},"16":{"start":{"line":14,"column":16},"end":{"line":22,"column":1}},"17":{"start":{"line":15,"column":28},"end":{"line":15,"column":110}},"18":{"start":{"line":15,"column":91},"end":{"line":15,"column":106}},"19":{"start":{"line":16,"column":4},"end":{"line":21,"column":7}},"20":{"start":{"line":17,"column":36},"end":{"line":17,"column":97}},"21":{"start":{"line":17,"column":42},"end":{"line":17,"column":70}},"22":{"start":{"line":17,"column":85},"end":{"line":17,"column":95}},"23":{"start":{"line":18,"column":35},"end":{"line":18,"column":100}},"24":{"start":{"line":18,"column":41},"end":{"line":18,"column":73}},"25":{"start":{"line":18,"column":88},"end":{"line":18,"column":98}},"26":{"start":{"line":19,"column":32},"end":{"line":19,"column":116}},"27":{"start":{"line":20,"column":8},"end":{"line":20,"column":78}},"28":{"start":{"line":23,"column":18},"end":{"line":49,"column":1}},"29":{"start":{"line":24,"column":12},"end":{"line":24,"column":104}},"30":{"start":{"line":24,"column":43},"end":{"line":24,"column":68}},"31":{"start":{"line":24,"column":57},"end":{"line":24,"column":68}},"32":{"start":{"line":24,"column":69},"end":{"line":24,"column":81}},"33":{"start":{"line":25,"column":4},"end":{"line":25,"column":157}},"34":{"start":{"line":25,"column":138},"end":{"line":25,"column":150}},"35":{"start":{"line":26,"column":23},"end":{"line":26,"column":68}},"36":{"start":{"line":26,"column":45},"end":{"line":26,"column":65}},"37":{"start":{"line":28,"column":8},"end":{"line":28,"column":70}},"38":{"start":{"line":28,"column":15},"end":{"line":28,"column":70}},"39":{"start":{"line":29,"column":8},"end":{"line":46,"column":66}},"40":{"start":{"line":29,"column":50},"end":{"line":46,"column":66}},"41":{"start":{"line":30,"column":12},"end":{"line":30,"column":169}},"42":{"start":{"line":30,"column":160},"end":{"line":30,"column":169}},"43":{"start":{"line":31,"column":12},"end":{"line":31,"column":52}},"44":{"start":{"line":31,"column":26},"end":{"line":31,"column":52}},"45":{"start":{"line":32,"column":12},"end":{"line":44,"column":13}},"46":{"start":{"line":33,"column":32},"end":{"line":33,"column":39}},"47":{"start":{"line":33,"column":40},"end":{"line":33,"column":46}},"48":{"start":{"line":34,"column":24},"end":{"line":34,"column":34}},"49":{"start":{"line":34,"column":35},"end":{"line":34,"column":72}},"50":{"start":{"line":35,"column":24},"end":{"line":35,"column":34}},"51":{"start":{"line":35,"column":35},"end":{"line":35,"column":45}},"52":{"start":{"line":35,"column":46},"end":{"line":35,"column":55}},"53":{"start":{"line":35,"column":56},"end":{"line":35,"column":65}},"54":{"start":{"line":36,"column":24},"end":{"line":36,"column":41}},"55":{"start":{"line":36,"column":42},"end":{"line":36,"column":55}},"56":{"start":{"line":36,"column":56},"end":{"line":36,"column":65}},"57":{"start":{"line":38,"column":20},"end":{"line":38,"column":128}},"58":{"start":{"line":38,"column":110},"end":{"line":38,"column":116}},"59":{"start":{"line":38,"column":117},"end":{"line":38,"column":126}},"60":{"start":{"line":39,"column":20},"end":{"line":39,"column":106}},"61":{"start":{"line":39,"column":81},"end":{"line":39,"column":97}},"62":{"start":{"line":39,"column":98},"end":{"line":39,"column":104}},"63":{"start":{"line":40,"column":20},"end":{"line":40,"column":89}},"64":{"start":{"line":40,"column":57},"end":{"line":40,"column":72}},"65":{"start":{"line":40,"column":73},"end":{"line":40,"column":80}},"66":{"start":{"line":40,"column":81},"end":{"line":40,"column":87}},"67":{"start":{"line":41,"column":20},"end":{"line":41,"column":87}},"68":{"start":{"line":41,"column":47},"end":{"line":41,"column":62}},"69":{"start":{"line":41,"column":63},"end":{"line":41,"column":78}},"70":{"start":{"line":41,"column":79},"end":{"line":41,"column":85}},"71":{"start":{"line":42,"column":20},"end":{"line":42,"column":42}},"72":{"start":{"line":42,"column":30},"end":{"line":42,"column":42}},"73":{"start":{"line":43,"column":20},"end":{"line":43,"column":33}},"74":{"start":{"line":43,"column":34},"end":{"line":43,"column":43}},"75":{"start":{"line":45,"column":12},"end":{"line":45,"column":39}},"76":{"start":{"line":46,"column":22},"end":{"line":46,"column":34}},"77":{"start":{"line":46,"column":35},"end":{"line":46,"column":41}},"78":{"start":{"line":46,"column":54},"end":{"line":46,"column":64}},"79":{"start":{"line":47,"column":8},"end":{"line":47,"column":35}},"80":{"start":{"line":47,"column":23},"end":{"line":47,"column":35}},"81":{"start":{"line":47,"column":36},"end":{"line":47,"column":89}},"82":{"start":{"line":50,"column":0},"end":{"line":50,"column":62}},"83":{"start":{"line":51,"column":0},"end":{"line":51,"column":35}},"84":{"start":{"line":52,"column":0},"end":{"line":52,"column":28}},"85":{"start":{"line":53,"column":17},"end":{"line":53,"column":36}},"86":{"start":{"line":54,"column":23},"end":{"line":54,"column":50}},"87":{"start":{"line":55,"column":15},"end":{"line":55,"column":41}},"88":{"start":{"line":56,"column":24},"end":{"line":223,"column":4}},"89":{"start":{"line":58,"column":8},"end":{"line":58,"column":43}},"90":{"start":{"line":60,"column":4},"end":{"line":71,"column":6}},"91":{"start":{"line":61,"column":8},"end":{"line":70,"column":11}},"92":{"start":{"line":62,"column":12},"end":{"line":69,"column":15}},"93":{"start":{"line":63,"column":16},"end":{"line":67,"column":19}},"94":{"start":{"line":64,"column":48},"end":{"line":64,"column":74}},"95":{"start":{"line":66,"column":20},"end":{"line":66,"column":46}},"96":{"start":{"line":68,"column":16},"end":{"line":68,"column":38}},"97":{"start":{"line":72,"column":4},"end":{"line":78,"column":6}},"98":{"start":{"line":73,"column":8},"end":{"line":77,"column":11}},"99":{"start":{"line":74,"column":39},"end":{"line":74,"column":64}},"100":{"start":{"line":76,"column":12},"end":{"line":76,"column":38}},"101":{"start":{"line":79,"column":4},"end":{"line":87,"column":6}},"102":{"start":{"line":80,"column":8},"end":{"line":86,"column":11}},"103":{"start":{"line":82,"column":12},"end":{"line":82,"column":30}},"104":{"start":{"line":85,"column":12},"end":{"line":85,"column":38}},"105":{"start":{"line":88,"column":4},"end":{"line":96,"column":6}},"106":{"start":{"line":89,"column":8},"end":{"line":95,"column":11}},"107":{"start":{"line":91,"column":12},"end":{"line":91,"column":30}},"108":{"start":{"line":94,"column":12},"end":{"line":94,"column":38}},"109":{"start":{"line":97,"column":4},"end":{"line":105,"column":6}},"110":{"start":{"line":98,"column":8},"end":{"line":104,"column":11}},"111":{"start":{"line":100,"column":12},"end":{"line":100,"column":30}},"112":{"start":{"line":103,"column":12},"end":{"line":103,"column":38}},"113":{"start":{"line":106,"column":4},"end":{"line":112,"column":6}},"114":{"start":{"line":107,"column":8},"end":{"line":111,"column":11}},"115":{"start":{"line":108,"column":40},"end":{"line":108,"column":66}},"116":{"start":{"line":110,"column":12},"end":{"line":110,"column":38}},"117":{"start":{"line":113,"column":4},"end":{"line":119,"column":6}},"118":{"start":{"line":114,"column":8},"end":{"line":118,"column":11}},"119":{"start":{"line":115,"column":40},"end":{"line":115,"column":66}},"120":{"start":{"line":117,"column":12},"end":{"line":117,"column":38}},"121":{"start":{"line":120,"column":4},"end":{"line":125,"column":6}},"122":{"start":{"line":121,"column":8},"end":{"line":124,"column":11}},"123":{"start":{"line":121,"column":71},"end":{"line":121,"column":97}},"124":{"start":{"line":122,"column":12},"end":{"line":122,"column":88}},"125":{"start":{"line":123,"column":12},"end":{"line":123,"column":38}},"126":{"start":{"line":126,"column":4},"end":{"line":131,"column":6}},"127":{"start":{"line":127,"column":8},"end":{"line":130,"column":11}},"128":{"start":{"line":127,"column":71},"end":{"line":127,"column":97}},"129":{"start":{"line":128,"column":12},"end":{"line":128,"column":85}},"130":{"start":{"line":129,"column":12},"end":{"line":129,"column":38}},"131":{"start":{"line":132,"column":4},"end":{"line":138,"column":6}},"132":{"start":{"line":133,"column":8},"end":{"line":137,"column":11}},"133":{"start":{"line":134,"column":40},"end":{"line":134,"column":66}},"134":{"start":{"line":136,"column":12},"end":{"line":136,"column":38}},"135":{"start":{"line":139,"column":4},"end":{"line":145,"column":6}},"136":{"start":{"line":140,"column":8},"end":{"line":144,"column":11}},"137":{"start":{"line":141,"column":40},"end":{"line":141,"column":66}},"138":{"start":{"line":143,"column":12},"end":{"line":143,"column":38}},"139":{"start":{"line":146,"column":4},"end":{"line":152,"column":6}},"140":{"start":{"line":147,"column":8},"end":{"line":151,"column":11}},"141":{"start":{"line":148,"column":40},"end":{"line":148,"column":66}},"142":{"start":{"line":150,"column":12},"end":{"line":150,"column":38}},"143":{"start":{"line":153,"column":4},"end":{"line":164,"column":6}},"144":{"start":{"line":154,"column":8},"end":{"line":163,"column":11}},"145":{"start":{"line":155,"column":12},"end":{"line":162,"column":15}},"146":{"start":{"line":156,"column":16},"end":{"line":160,"column":19}},"147":{"start":{"line":157,"column":48},"end":{"line":157,"column":74}},"148":{"start":{"line":159,"column":20},"end":{"line":159,"column":46}},"149":{"start":{"line":161,"column":16},"end":{"line":161,"column":38}},"150":{"start":{"line":165,"column":4},"end":{"line":176,"column":6}},"151":{"start":{"line":166,"column":8},"end":{"line":175,"column":11}},"152":{"start":{"line":167,"column":12},"end":{"line":174,"column":15}},"153":{"start":{"line":168,"column":16},"end":{"line":172,"column":19}},"154":{"start":{"line":169,"column":48},"end":{"line":169,"column":74}},"155":{"start":{"line":171,"column":20},"end":{"line":171,"column":46}},"156":{"start":{"line":173,"column":16},"end":{"line":173,"column":38}},"157":{"start":{"line":177,"column":4},"end":{"line":188,"column":6}},"158":{"start":{"line":178,"column":8},"end":{"line":187,"column":11}},"159":{"start":{"line":179,"column":12},"end":{"line":186,"column":15}},"160":{"start":{"line":180,"column":16},"end":{"line":184,"column":19}},"161":{"start":{"line":181,"column":48},"end":{"line":181,"column":74}},"162":{"start":{"line":183,"column":20},"end":{"line":183,"column":46}},"163":{"start":{"line":185,"column":16},"end":{"line":185,"column":38}},"164":{"start":{"line":189,"column":4},"end":{"line":195,"column":6}},"165":{"start":{"line":190,"column":8},"end":{"line":194,"column":11}},"166":{"start":{"line":191,"column":40},"end":{"line":191,"column":66}},"167":{"start":{"line":193,"column":12},"end":{"line":193,"column":38}},"168":{"start":{"line":196,"column":4},"end":{"line":216,"column":6}},"169":{"start":{"line":197,"column":8},"end":{"line":215,"column":11}},"170":{"start":{"line":199,"column":12},"end":{"line":214,"column":15}},"171":{"start":{"line":200,"column":16},"end":{"line":213,"column":17}},"172":{"start":{"line":202,"column":24},"end":{"line":202,"column":50}},"173":{"start":{"line":203,"column":24},"end":{"line":203,"column":92}},"174":{"start":{"line":205,"column":24},"end":{"line":205,"column":45}},"175":{"start":{"line":206,"column":24},"end":{"line":206,"column":43}},"176":{"start":{"line":207,"column":24},"end":{"line":207,"column":48}},"177":{"start":{"line":209,"column":24},"end":{"line":209,"column":44}},"178":{"start":{"line":210,"column":24},"end":{"line":210,"column":99}},"179":{"start":{"line":211,"column":24},"end":{"line":211,"column":48}},"180":{"start":{"line":212,"column":28},"end":{"line":212,"column":50}},"181":{"start":{"line":217,"column":4},"end":{"line":221,"column":26}},"182":{"start":{"line":222,"column":4},"end":{"line":222,"column":29}}},"fnMap":{"0":{"name":"(anonymous_0)","decl":{"start":{"line":2,"column":46},"end":{"line":2,"column":47}},"loc":{"start":{"line":2,"column":87},"end":{"line":7,"column":1}},"line":2},"1":{"name":"(anonymous_1)","decl":{"start":{"line":8,"column":46},"end":{"line":8,"column":47}},"loc":{"start":{"line":8,"column":62},"end":{"line":10,"column":1}},"line":8},"2":{"name":"(anonymous_2)","decl":{"start":{"line":11,"column":40},"end":{"line":11,"column":41}},"loc":{"start":{"line":11,"column":73},"end":{"line":13,"column":1}},"line":11},"3":{"name":"(anonymous_3)","decl":{"start":{"line":12,"column":11},"end":{"line":12,"column":12}},"loc":{"start":{"line":12,"column":34},"end":{"line":12,"column":73}},"line":12},"4":{"name":"(anonymous_4)","decl":{"start":{"line":14,"column":44},"end":{"line":14,"column":45}},"loc":{"start":{"line":14,"column":89},"end":{"line":22,"column":1}},"line":14},"5":{"name":"adopt","decl":{"start":{"line":15,"column":13},"end":{"line":15,"column":18}},"loc":{"start":{"line":15,"column":26},"end":{"line":15,"column":112}},"line":15},"6":{"name":"(anonymous_6)","decl":{"start":{"line":15,"column":70},"end":{"line":15,"column":71}},"loc":{"start":{"line":15,"column":89},"end":{"line":15,"column":108}},"line":15},"7":{"name":"(anonymous_7)","decl":{"start":{"line":16,"column":36},"end":{"line":16,"column":37}},"loc":{"start":{"line":16,"column":63},"end":{"line":21,"column":5}},"line":16},"8":{"name":"fulfilled","decl":{"start":{"line":17,"column":17},"end":{"line":17,"column":26}},"loc":{"start":{"line":17,"column":34},"end":{"line":17,"column":99}},"line":17},"9":{"name":"rejected","decl":{"start":{"line":18,"column":17},"end":{"line":18,"column":25}},"loc":{"start":{"line":18,"column":33},"end":{"line":18,"column":102}},"line":18},"10":{"name":"step","decl":{"start":{"line":19,"column":17},"end":{"line":19,"column":21}},"loc":{"start":{"line":19,"column":30},"end":{"line":19,"column":118}},"line":19},"11":{"name":"(anonymous_11)","decl":{"start":{"line":23,"column":48},"end":{"line":23,"column":49}},"loc":{"start":{"line":23,"column":73},"end":{"line":49,"column":1}},"line":23},"12":{"name":"(anonymous_12)","decl":{"start":{"line":24,"column":30},"end":{"line":24,"column":31}},"loc":{"start":{"line":24,"column":41},"end":{"line":24,"column":83}},"line":24},"13":{"name":"(anonymous_13)","decl":{"start":{"line":25,"column":125},"end":{"line":25,"column":126}},"loc":{"start":{"line":25,"column":136},"end":{"line":25,"column":152}},"line":25},"14":{"name":"verb","decl":{"start":{"line":26,"column":13},"end":{"line":26,"column":17}},"loc":{"start":{"line":26,"column":21},"end":{"line":26,"column":70}},"line":26},"15":{"name":"(anonymous_15)","decl":{"start":{"line":26,"column":30},"end":{"line":26,"column":31}},"loc":{"start":{"line":26,"column":43},"end":{"line":26,"column":67}},"line":26},"16":{"name":"step","decl":{"start":{"line":27,"column":13},"end":{"line":27,"column":17}},"loc":{"start":{"line":27,"column":22},"end":{"line":48,"column":5}},"line":27},"17":{"name":"(anonymous_17)","decl":{"start":{"line":56,"column":67},"end":{"line":56,"column":68}},"loc":{"start":{"line":56,"column":79},"end":{"line":223,"column":1}},"line":56},"18":{"name":"ArticleController","decl":{"start":{"line":57,"column":13},"end":{"line":57,"column":30}},"loc":{"start":{"line":57,"column":46},"end":{"line":59,"column":5}},"line":57},"19":{"name":"(anonymous_19)","decl":{"start":{"line":60,"column":46},"end":{"line":60,"column":47}},"loc":{"start":{"line":60,"column":66},"end":{"line":71,"column":5}},"line":60},"20":{"name":"(anonymous_20)","decl":{"start":{"line":61,"column":47},"end":{"line":61,"column":48}},"loc":{"start":{"line":61,"column":59},"end":{"line":70,"column":9}},"line":61},"21":{"name":"(anonymous_21)","decl":{"start":{"line":62,"column":37},"end":{"line":62,"column":38}},"loc":{"start":{"line":62,"column":51},"end":{"line":69,"column":13}},"line":62},"22":{"name":"(anonymous_22)","decl":{"start":{"line":64,"column":26},"end":{"line":64,"column":27}},"loc":{"start":{"line":64,"column":46},"end":{"line":64,"column":76}},"line":64},"23":{"name":"(anonymous_23)","decl":{"start":{"line":65,"column":27},"end":{"line":65,"column":28}},"loc":{"start":{"line":65,"column":42},"end":{"line":67,"column":17}},"line":65},"24":{"name":"(anonymous_24)","decl":{"start":{"line":72,"column":49},"end":{"line":72,"column":50}},"loc":{"start":{"line":72,"column":69},"end":{"line":78,"column":5}},"line":72},"25":{"name":"(anonymous_25)","decl":{"start":{"line":74,"column":18},"end":{"line":74,"column":19}},"loc":{"start":{"line":74,"column":37},"end":{"line":74,"column":66}},"line":74},"26":{"name":"(anonymous_26)","decl":{"start":{"line":75,"column":19},"end":{"line":75,"column":20}},"loc":{"start":{"line":75,"column":34},"end":{"line":77,"column":9}},"line":75},"27":{"name":"(anonymous_27)","decl":{"start":{"line":79,"column":42},"end":{"line":79,"column":43}},"loc":{"start":{"line":79,"column":62},"end":{"line":87,"column":5}},"line":79},"28":{"name":"(anonymous_28)","decl":{"start":{"line":81,"column":18},"end":{"line":81,"column":19}},"loc":{"start":{"line":81,"column":37},"end":{"line":83,"column":9}},"line":81},"29":{"name":"(anonymous_29)","decl":{"start":{"line":84,"column":19},"end":{"line":84,"column":20}},"loc":{"start":{"line":84,"column":34},"end":{"line":86,"column":9}},"line":84},"30":{"name":"(anonymous_30)","decl":{"start":{"line":88,"column":48},"end":{"line":88,"column":49}},"loc":{"start":{"line":88,"column":68},"end":{"line":96,"column":5}},"line":88},"31":{"name":"(anonymous_31)","decl":{"start":{"line":90,"column":18},"end":{"line":90,"column":19}},"loc":{"start":{"line":90,"column":37},"end":{"line":92,"column":9}},"line":90},"32":{"name":"(anonymous_32)","decl":{"start":{"line":93,"column":19},"end":{"line":93,"column":20}},"loc":{"start":{"line":93,"column":34},"end":{"line":95,"column":9}},"line":93},"33":{"name":"(anonymous_33)","decl":{"start":{"line":97,"column":58},"end":{"line":97,"column":59}},"loc":{"start":{"line":97,"column":78},"end":{"line":105,"column":5}},"line":97},"34":{"name":"(anonymous_34)","decl":{"start":{"line":99,"column":18},"end":{"line":99,"column":19}},"loc":{"start":{"line":99,"column":37},"end":{"line":101,"column":9}},"line":99},"35":{"name":"(anonymous_35)","decl":{"start":{"line":102,"column":19},"end":{"line":102,"column":20}},"loc":{"start":{"line":102,"column":34},"end":{"line":104,"column":9}},"line":102},"36":{"name":"(anonymous_36)","decl":{"start":{"line":106,"column":48},"end":{"line":106,"column":49}},"loc":{"start":{"line":106,"column":68},"end":{"line":112,"column":5}},"line":106},"37":{"name":"(anonymous_37)","decl":{"start":{"line":108,"column":18},"end":{"line":108,"column":19}},"loc":{"start":{"line":108,"column":38},"end":{"line":108,"column":68}},"line":108},"38":{"name":"(anonymous_38)","decl":{"start":{"line":109,"column":19},"end":{"line":109,"column":20}},"loc":{"start":{"line":109,"column":34},"end":{"line":111,"column":9}},"line":109},"39":{"name":"(anonymous_39)","decl":{"start":{"line":113,"column":44},"end":{"line":113,"column":45}},"loc":{"start":{"line":113,"column":64},"end":{"line":119,"column":5}},"line":113},"40":{"name":"(anonymous_40)","decl":{"start":{"line":115,"column":18},"end":{"line":115,"column":19}},"loc":{"start":{"line":115,"column":38},"end":{"line":115,"column":68}},"line":115},"41":{"name":"(anonymous_41)","decl":{"start":{"line":116,"column":19},"end":{"line":116,"column":20}},"loc":{"start":{"line":116,"column":34},"end":{"line":118,"column":9}},"line":116},"42":{"name":"(anonymous_42)","decl":{"start":{"line":120,"column":49},"end":{"line":120,"column":50}},"loc":{"start":{"line":120,"column":69},"end":{"line":125,"column":5}},"line":120},"43":{"name":"(anonymous_43)","decl":{"start":{"line":121,"column":49},"end":{"line":121,"column":50}},"loc":{"start":{"line":121,"column":69},"end":{"line":121,"column":99}},"line":121},"44":{"name":"(anonymous_44)","decl":{"start":{"line":121,"column":107},"end":{"line":121,"column":108}},"loc":{"start":{"line":121,"column":122},"end":{"line":124,"column":9}},"line":121},"45":{"name":"(anonymous_45)","decl":{"start":{"line":126,"column":46},"end":{"line":126,"column":47}},"loc":{"start":{"line":126,"column":66},"end":{"line":131,"column":5}},"line":126},"46":{"name":"(anonymous_46)","decl":{"start":{"line":127,"column":49},"end":{"line":127,"column":50}},"loc":{"start":{"line":127,"column":69},"end":{"line":127,"column":99}},"line":127},"47":{"name":"(anonymous_47)","decl":{"start":{"line":127,"column":107},"end":{"line":127,"column":108}},"loc":{"start":{"line":127,"column":122},"end":{"line":130,"column":9}},"line":127},"48":{"name":"(anonymous_48)","decl":{"start":{"line":132,"column":46},"end":{"line":132,"column":47}},"loc":{"start":{"line":132,"column":66},"end":{"line":138,"column":5}},"line":132},"49":{"name":"(anonymous_49)","decl":{"start":{"line":134,"column":18},"end":{"line":134,"column":19}},"loc":{"start":{"line":134,"column":38},"end":{"line":134,"column":68}},"line":134},"50":{"name":"(anonymous_50)","decl":{"start":{"line":135,"column":19},"end":{"line":135,"column":20}},"loc":{"start":{"line":135,"column":34},"end":{"line":137,"column":9}},"line":135},"51":{"name":"(anonymous_51)","decl":{"start":{"line":139,"column":43},"end":{"line":139,"column":44}},"loc":{"start":{"line":139,"column":63},"end":{"line":145,"column":5}},"line":139},"52":{"name":"(anonymous_52)","decl":{"start":{"line":141,"column":18},"end":{"line":141,"column":19}},"loc":{"start":{"line":141,"column":38},"end":{"line":141,"column":68}},"line":141},"53":{"name":"(anonymous_53)","decl":{"start":{"line":142,"column":19},"end":{"line":142,"column":20}},"loc":{"start":{"line":142,"column":34},"end":{"line":144,"column":9}},"line":142},"54":{"name":"(anonymous_54)","decl":{"start":{"line":146,"column":39},"end":{"line":146,"column":40}},"loc":{"start":{"line":146,"column":59},"end":{"line":152,"column":5}},"line":146},"55":{"name":"(anonymous_55)","decl":{"start":{"line":148,"column":18},"end":{"line":148,"column":19}},"loc":{"start":{"line":148,"column":38},"end":{"line":148,"column":68}},"line":148},"56":{"name":"(anonymous_56)","decl":{"start":{"line":149,"column":19},"end":{"line":149,"column":20}},"loc":{"start":{"line":149,"column":34},"end":{"line":151,"column":9}},"line":149},"57":{"name":"(anonymous_57)","decl":{"start":{"line":153,"column":46},"end":{"line":153,"column":47}},"loc":{"start":{"line":153,"column":66},"end":{"line":164,"column":5}},"line":153},"58":{"name":"(anonymous_58)","decl":{"start":{"line":154,"column":47},"end":{"line":154,"column":48}},"loc":{"start":{"line":154,"column":59},"end":{"line":163,"column":9}},"line":154},"59":{"name":"(anonymous_59)","decl":{"start":{"line":155,"column":37},"end":{"line":155,"column":38}},"loc":{"start":{"line":155,"column":51},"end":{"line":162,"column":13}},"line":155},"60":{"name":"(anonymous_60)","decl":{"start":{"line":157,"column":26},"end":{"line":157,"column":27}},"loc":{"start":{"line":157,"column":46},"end":{"line":157,"column":76}},"line":157},"61":{"name":"(anonymous_61)","decl":{"start":{"line":158,"column":27},"end":{"line":158,"column":28}},"loc":{"start":{"line":158,"column":42},"end":{"line":160,"column":17}},"line":158},"62":{"name":"(anonymous_62)","decl":{"start":{"line":165,"column":48},"end":{"line":165,"column":49}},"loc":{"start":{"line":165,"column":68},"end":{"line":176,"column":5}},"line":165},"63":{"name":"(anonymous_63)","decl":{"start":{"line":166,"column":47},"end":{"line":166,"column":48}},"loc":{"start":{"line":166,"column":59},"end":{"line":175,"column":9}},"line":166},"64":{"name":"(anonymous_64)","decl":{"start":{"line":167,"column":37},"end":{"line":167,"column":38}},"loc":{"start":{"line":167,"column":51},"end":{"line":174,"column":13}},"line":167},"65":{"name":"(anonymous_65)","decl":{"start":{"line":169,"column":26},"end":{"line":169,"column":27}},"loc":{"start":{"line":169,"column":46},"end":{"line":169,"column":76}},"line":169},"66":{"name":"(anonymous_66)","decl":{"start":{"line":170,"column":27},"end":{"line":170,"column":28}},"loc":{"start":{"line":170,"column":42},"end":{"line":172,"column":17}},"line":170},"67":{"name":"(anonymous_67)","decl":{"start":{"line":177,"column":51},"end":{"line":177,"column":52}},"loc":{"start":{"line":177,"column":71},"end":{"line":188,"column":5}},"line":177},"68":{"name":"(anonymous_68)","decl":{"start":{"line":178,"column":47},"end":{"line":178,"column":48}},"loc":{"start":{"line":178,"column":59},"end":{"line":187,"column":9}},"line":178},"69":{"name":"(anonymous_69)","decl":{"start":{"line":179,"column":37},"end":{"line":179,"column":38}},"loc":{"start":{"line":179,"column":51},"end":{"line":186,"column":13}},"line":179},"70":{"name":"(anonymous_70)","decl":{"start":{"line":181,"column":26},"end":{"line":181,"column":27}},"loc":{"start":{"line":181,"column":46},"end":{"line":181,"column":76}},"line":181},"71":{"name":"(anonymous_71)","decl":{"start":{"line":182,"column":27},"end":{"line":182,"column":28}},"loc":{"start":{"line":182,"column":42},"end":{"line":184,"column":17}},"line":182},"72":{"name":"(anonymous_72)","decl":{"start":{"line":189,"column":42},"end":{"line":189,"column":43}},"loc":{"start":{"line":189,"column":62},"end":{"line":195,"column":5}},"line":189},"73":{"name":"(anonymous_73)","decl":{"start":{"line":191,"column":18},"end":{"line":191,"column":19}},"loc":{"start":{"line":191,"column":38},"end":{"line":191,"column":68}},"line":191},"74":{"name":"(anonymous_74)","decl":{"start":{"line":192,"column":19},"end":{"line":192,"column":20}},"loc":{"start":{"line":192,"column":34},"end":{"line":194,"column":9}},"line":192},"75":{"name":"(anonymous_75)","decl":{"start":{"line":196,"column":56},"end":{"line":196,"column":57}},"loc":{"start":{"line":196,"column":76},"end":{"line":216,"column":5}},"line":196},"76":{"name":"(anonymous_76)","decl":{"start":{"line":197,"column":47},"end":{"line":197,"column":48}},"loc":{"start":{"line":197,"column":59},"end":{"line":215,"column":9}},"line":197},"77":{"name":"(anonymous_77)","decl":{"start":{"line":199,"column":37},"end":{"line":199,"column":38}},"loc":{"start":{"line":199,"column":51},"end":{"line":214,"column":13}},"line":199}},"branchMap":{"0":{"loc":{"start":{"line":2,"column":17},"end":{"line":7,"column":1}},"type":"binary-expr","locations":[{"start":{"line":2,"column":18},"end":{"line":2,"column":22}},{"start":{"line":2,"column":26},"end":{"line":2,"column":41}},{"start":{"line":2,"column":46},"end":{"line":7,"column":1}}],"line":2},"1":{"loc":{"start":{"line":3,"column":34},"end":{"line":3,"column":125}},"type":"cond-expr","locations":[{"start":{"line":3,"column":42},"end":{"line":3,"column":48}},{"start":{"line":3,"column":51},"end":{"line":3,"column":125}}],"line":3},"2":{"loc":{"start":{"line":3,"column":51},"end":{"line":3,"column":125}},"type":"cond-expr","locations":[{"start":{"line":3,"column":67},"end":{"line":3,"column":118}},{"start":{"line":3,"column":121},"end":{"line":3,"column":125}}],"line":3},"3":{"loc":{"start":{"line":4,"column":4},"end":{"line":5,"column":150}},"type":"if","locations":[{"start":{"line":4,"column":4},"end":{"line":5,"column":150}},{"start":{"line":5,"column":9},"end":{"line":5,"column":150}}],"line":4},"4":{"loc":{"start":{"line":4,"column":8},"end":{"line":4,"column":77}},"type":"binary-expr","locations":[{"start":{"line":4,"column":8},"end":{"line":4,"column":35}},{"start":{"line":4,"column":39},"end":{"line":4,"column":77}}],"line":4},"5":{"loc":{"start":{"line":5,"column":58},"end":{"line":5,"column":150}},"type":"if","locations":[{"start":{"line":5,"column":58},"end":{"line":5,"column":150}},{"start":{},"end":{}}],"line":5},"6":{"loc":{"start":{"line":5,"column":85},"end":{"line":5,"column":149}},"type":"binary-expr","locations":[{"start":{"line":5,"column":86},"end":{"line":5,"column":143}},{"start":{"line":5,"column":148},"end":{"line":5,"column":149}}],"line":5},"7":{"loc":{"start":{"line":5,"column":86},"end":{"line":5,"column":143}},"type":"cond-expr","locations":[{"start":{"line":5,"column":94},"end":{"line":5,"column":98}},{"start":{"line":5,"column":101},"end":{"line":5,"column":143}}],"line":5},"8":{"loc":{"start":{"line":5,"column":101},"end":{"line":5,"column":143}},"type":"cond-expr","locations":[{"start":{"line":5,"column":109},"end":{"line":5,"column":126}},{"start":{"line":5,"column":129},"end":{"line":5,"column":143}}],"line":5},"9":{"loc":{"start":{"line":6,"column":11},"end":{"line":6,"column":62}},"type":"binary-expr","locations":[{"start":{"line":6,"column":11},"end":{"line":6,"column":16}},{"start":{"line":6,"column":20},"end":{"line":6,"column":21}},{"start":{"line":6,"column":25},"end":{"line":6,"column":62}}],"line":6},"10":{"loc":{"start":{"line":8,"column":17},"end":{"line":10,"column":1}},"type":"binary-expr","locations":[{"start":{"line":8,"column":18},"end":{"line":8,"column":22}},{"start":{"line":8,"column":26},"end":{"line":8,"column":41}},{"start":{"line":8,"column":46},"end":{"line":10,"column":1}}],"line":8},"11":{"loc":{"start":{"line":9,"column":4},"end":{"line":9,"column":109}},"type":"if","locations":[{"start":{"line":9,"column":4},"end":{"line":9,"column":109}},{"start":{},"end":{}}],"line":9},"12":{"loc":{"start":{"line":9,"column":8},"end":{"line":9,"column":77}},"type":"binary-expr","locations":[{"start":{"line":9,"column":8},"end":{"line":9,"column":35}},{"start":{"line":9,"column":39},"end":{"line":9,"column":77}}],"line":9},"13":{"loc":{"start":{"line":11,"column":14},"end":{"line":13,"column":1}},"type":"binary-expr","locations":[{"start":{"line":11,"column":15},"end":{"line":11,"column":19}},{"start":{"line":11,"column":23},"end":{"line":11,"column":35}},{"start":{"line":11,"column":40},"end":{"line":13,"column":1}}],"line":11},"14":{"loc":{"start":{"line":14,"column":16},"end":{"line":22,"column":1}},"type":"binary-expr","locations":[{"start":{"line":14,"column":17},"end":{"line":14,"column":21}},{"start":{"line":14,"column":25},"end":{"line":14,"column":39}},{"start":{"line":14,"column":44},"end":{"line":22,"column":1}}],"line":14},"15":{"loc":{"start":{"line":15,"column":35},"end":{"line":15,"column":109}},"type":"cond-expr","locations":[{"start":{"line":15,"column":56},"end":{"line":15,"column":61}},{"start":{"line":15,"column":64},"end":{"line":15,"column":109}}],"line":15},"16":{"loc":{"start":{"line":16,"column":16},"end":{"line":16,"column":34}},"type":"binary-expr","locations":[{"start":{"line":16,"column":16},"end":{"line":16,"column":17}},{"start":{"line":16,"column":22},"end":{"line":16,"column":33}}],"line":16},"17":{"loc":{"start":{"line":19,"column":32},"end":{"line":19,"column":115}},"type":"cond-expr","locations":[{"start":{"line":19,"column":46},"end":{"line":19,"column":67}},{"start":{"line":19,"column":70},"end":{"line":19,"column":115}}],"line":19},"18":{"loc":{"start":{"line":20,"column":51},"end":{"line":20,"column":67}},"type":"binary-expr","locations":[{"start":{"line":20,"column":51},"end":{"line":20,"column":61}},{"start":{"line":20,"column":65},"end":{"line":20,"column":67}}],"line":20},"19":{"loc":{"start":{"line":23,"column":18},"end":{"line":49,"column":1}},"type":"binary-expr","locations":[{"start":{"line":23,"column":19},"end":{"line":23,"column":23}},{"start":{"line":23,"column":27},"end":{"line":23,"column":43}},{"start":{"line":23,"column":48},"end":{"line":49,"column":1}}],"line":23},"20":{"loc":{"start":{"line":24,"column":43},"end":{"line":24,"column":68}},"type":"if","locations":[{"start":{"line":24,"column":43},"end":{"line":24,"column":68}},{"start":{},"end":{}}],"line":24},"21":{"loc":{"start":{"line":25,"column":71},"end":{"line":25,"column":153}},"type":"binary-expr","locations":[{"start":{"line":25,"column":71},"end":{"line":25,"column":99}},{"start":{"line":25,"column":104},"end":{"line":25,"column":152}}],"line":25},"22":{"loc":{"start":{"line":28,"column":8},"end":{"line":28,"column":70}},"type":"if","locations":[{"start":{"line":28,"column":8},"end":{"line":28,"column":70}},{"start":{},"end":{}}],"line":28},"23":{"loc":{"start":{"line":29,"column":15},"end":{"line":29,"column":45}},"type":"binary-expr","locations":[{"start":{"line":29,"column":15},"end":{"line":29,"column":16}},{"start":{"line":29,"column":21},"end":{"line":29,"column":44}}],"line":29},"24":{"loc":{"start":{"line":29,"column":28},"end":{"line":29,"column":44}},"type":"binary-expr","locations":[{"start":{"line":29,"column":28},"end":{"line":29,"column":33}},{"start":{"line":29,"column":38},"end":{"line":29,"column":43}}],"line":29},"25":{"loc":{"start":{"line":30,"column":12},"end":{"line":30,"column":169}},"type":"if","locations":[{"start":{"line":30,"column":12},"end":{"line":30,"column":169}},{"start":{},"end":{}}],"line":30},"26":{"loc":{"start":{"line":30,"column":23},"end":{"line":30,"column":158}},"type":"binary-expr","locations":[{"start":{"line":30,"column":23},"end":{"line":30,"column":24}},{"start":{"line":30,"column":29},"end":{"line":30,"column":125}},{"start":{"line":30,"column":130},"end":{"line":30,"column":158}}],"line":30},"27":{"loc":{"start":{"line":30,"column":33},"end":{"line":30,"column":125}},"type":"cond-expr","locations":[{"start":{"line":30,"column":45},"end":{"line":30,"column":56}},{"start":{"line":30,"column":59},"end":{"line":30,"column":125}}],"line":30},"28":{"loc":{"start":{"line":30,"column":59},"end":{"line":30,"column":125}},"type":"cond-expr","locations":[{"start":{"line":30,"column":67},"end":{"line":30,"column":116}},{"start":{"line":30,"column":119},"end":{"line":30,"column":125}}],"line":30},"29":{"loc":{"start":{"line":30,"column":67},"end":{"line":30,"column":116}},"type":"binary-expr","locations":[{"start":{"line":30,"column":67},"end":{"line":30,"column":77}},{"start":{"line":30,"column":82},"end":{"line":30,"column":115}}],"line":30},"30":{"loc":{"start":{"line":30,"column":82},"end":{"line":30,"column":112}},"type":"binary-expr","locations":[{"start":{"line":30,"column":83},"end":{"line":30,"column":98}},{"start":{"line":30,"column":103},"end":{"line":30,"column":112}}],"line":30},"31":{"loc":{"start":{"line":31,"column":12},"end":{"line":31,"column":52}},"type":"if","locations":[{"start":{"line":31,"column":12},"end":{"line":31,"column":52}},{"start":{},"end":{}}],"line":31},"32":{"loc":{"start":{"line":32,"column":12},"end":{"line":44,"column":13}},"type":"switch","locations":[{"start":{"line":33,"column":16},"end":{"line":33,"column":23}},{"start":{"line":33,"column":24},"end":{"line":33,"column":46}},{"start":{"line":34,"column":16},"end":{"line":34,"column":72}},{"start":{"line":35,"column":16},"end":{"line":35,"column":65}},{"start":{"line":36,"column":16},"end":{"line":36,"column":65}},{"start":{"line":37,"column":16},"end":{"line":43,"column":43}}],"line":32},"33":{"loc":{"start":{"line":38,"column":20},"end":{"line":38,"column":128}},"type":"if","locations":[{"start":{"line":38,"column":20},"end":{"line":38,"column":128}},{"start":{},"end":{}}],"line":38},"34":{"loc":{"start":{"line":38,"column":24},"end":{"line":38,"column":106}},"type":"binary-expr","locations":[{"start":{"line":38,"column":24},"end":{"line":38,"column":74}},{"start":{"line":38,"column":79},"end":{"line":38,"column":90}},{"start":{"line":38,"column":94},"end":{"line":38,"column":105}}],"line":38},"35":{"loc":{"start":{"line":38,"column":42},"end":{"line":38,"column":73}},"type":"binary-expr","locations":[{"start":{"line":38,"column":42},"end":{"line":38,"column":54}},{"start":{"line":38,"column":58},"end":{"line":38,"column":73}}],"line":38},"36":{"loc":{"start":{"line":39,"column":20},"end":{"line":39,"column":106}},"type":"if","locations":[{"start":{"line":39,"column":20},"end":{"line":39,"column":106}},{"start":{},"end":{}}],"line":39},"37":{"loc":{"start":{"line":39,"column":24},"end":{"line":39,"column":77}},"type":"binary-expr","locations":[{"start":{"line":39,"column":24},"end":{"line":39,"column":35}},{"start":{"line":39,"column":40},"end":{"line":39,"column":42}},{"start":{"line":39,"column":47},"end":{"line":39,"column":59}},{"start":{"line":39,"column":63},"end":{"line":39,"column":75}}],"line":39},"38":{"loc":{"start":{"line":40,"column":20},"end":{"line":40,"column":89}},"type":"if","locations":[{"start":{"line":40,"column":20},"end":{"line":40,"column":89}},{"start":{},"end":{}}],"line":40},"39":{"loc":{"start":{"line":40,"column":24},"end":{"line":40,"column":53}},"type":"binary-expr","locations":[{"start":{"line":40,"column":24},"end":{"line":40,"column":35}},{"start":{"line":40,"column":39},"end":{"line":40,"column":53}}],"line":40},"40":{"loc":{"start":{"line":41,"column":20},"end":{"line":41,"column":87}},"type":"if","locations":[{"start":{"line":41,"column":20},"end":{"line":41,"column":87}},{"start":{},"end":{}}],"line":41},"41":{"loc":{"start":{"line":41,"column":24},"end":{"line":41,"column":43}},"type":"binary-expr","locations":[{"start":{"line":41,"column":24},"end":{"line":41,"column":25}},{"start":{"line":41,"column":29},"end":{"line":41,"column":43}}],"line":41},"42":{"loc":{"start":{"line":42,"column":20},"end":{"line":42,"column":42}},"type":"if","locations":[{"start":{"line":42,"column":20},"end":{"line":42,"column":42}},{"start":{},"end":{}}],"line":42},"43":{"loc":{"start":{"line":47,"column":8},"end":{"line":47,"column":35}},"type":"if","locations":[{"start":{"line":47,"column":8},"end":{"line":47,"column":35}},{"start":{},"end":{}}],"line":47},"44":{"loc":{"start":{"line":47,"column":52},"end":{"line":47,"column":74}},"type":"cond-expr","locations":[{"start":{"line":47,"column":60},"end":{"line":47,"column":65}},{"start":{"line":47,"column":68},"end":{"line":47,"column":74}}],"line":47},"45":{"loc":{"start":{"line":200,"column":16},"end":{"line":213,"column":17}},"type":"switch","locations":[{"start":{"line":201,"column":20},"end":{"line":203,"column":92}},{"start":{"line":204,"column":20},"end":{"line":207,"column":48}},{"start":{"line":208,"column":20},"end":{"line":211,"column":48}},{"start":{"line":212,"column":20},"end":{"line":212,"column":50}}],"line":200}},"s":{"0":1,"1":1,"2":1,"3":1,"4":1,"5":0,"6":0,"7":0,"8":0,"9":1,"10":1,"11":1,"12":1,"13":1,"14":1,"15":1,"16":1,"17":0,"18":0,"19":0,"20":0,"21":0,"22":0,"23":0,"24":0,"25":0,"26":0,"27":0,"28":1,"29":0,"30":0,"31":0,"32":0,"33":0,"34":0,"35":0,"36":0,"37":0,"38":0,"39":0,"40":0,"41":0,"42":0,"43":0,"44":0,"45":0,"46":0,"47":0,"48":0,"49":0,"50":0,"51":0,"52":0,"53":0,"54":0,"55":0,"56":0,"57":0,"58":0,"59":0,"60":0,"61":0,"62":0,"63":0,"64":0,"65":0,"66":0,"67":0,"68":0,"69":0,"70":0,"71":0,"72":0,"73":0,"74":0,"75":0,"76":0,"77":0,"78":0,"79":0,"80":0,"81":0,"82":1,"83":1,"84":1,"85":1,"86":1,"87":1,"88":1,"89":1,"90":1,"91":0,"92":0,"93":0,"94":0,"95":0,"96":0,"97":1,"98":0,"99":0,"100":0,"101":1,"102":0,"103":0,"104":0,"105":1,"106":0,"107":0,"108":0,"109":1,"110":0,"111":0,"112":0,"113":1,"114":0,"115":0,"116":0,"117":1,"118":0,"119":0,"120":0,"121":1,"122":0,"123":0,"124":0,"125":0,"126":1,"127":0,"128":0,"129":0,"130":0,"131":1,"132":0,"133":0,"134":0,"135":1,"136":0,"137":0,"138":0,"139":1,"140":0,"141":0,"142":0,"143":1,"144":0,"145":0,"146":0,"147":0,"148":0,"149":0,"150":1,"151":0,"152":0,"153":0,"154":0,"155":0,"156":0,"157":1,"158":0,"159":0,"160":0,"161":0,"162":0,"163":0,"164":1,"165":0,"166":0,"167":0,"168":1,"169":0,"170":0,"171":0,"172":0,"173":0,"174":0,"175":0,"176":0,"177":0,"178":0,"179":0,"180":0,"181":1,"182":1},"f":{"0":1,"1":1,"2":1,"3":1,"4":0,"5":0,"6":0,"7":0,"8":0,"9":0,"10":0,"11":0,"12":0,"13":0,"14":0,"15":0,"16":0,"17":1,"18":1,"19":0,"20":0,"21":0,"22":0,"23":0,"24":0,"25":0,"26":0,"27":0,"28":0,"29":0,"30":0,"31":0,"32":0,"33":0,"34":0,"35":0,"36":0,"37":0,"38":0,"39":0,"40":0,"41":0,"42":0,"43":0,"44":0,"45":0,"46":0,"47":0,"48":0,"49":0,"50":0,"51":0,"52":0,"53":0,"54":0,"55":0,"56":0,"57":0,"58":0,"59":0,"60":0,"61":0,"62":0,"63":0,"64":0,"65":0,"66":0,"67":0,"68":0,"69":0,"70":0,"71":0,"72":0,"73":0,"74":0,"75":0,"76":0,"77":0},"b":{"0":[1,0,1],"1":[1,0],"2":[0,0],"3":[1,0],"4":[1,1],"5":[0,0],"6":[0,0],"7":[0,0],"8":[0,0],"9":[1,0,0],"10":[1,0,1],"11":[1,0],"12":[1,1],"13":[1,0,1],"14":[1,0,1],"15":[0,0],"16":[0,0],"17":[0,0],"18":[0,0],"19":[1,0,1],"20":[0,0],"21":[0,0],"22":[0,0],"23":[0,0],"24":[0,0],"25":[0,0],"26":[0,0,0],"27":[0,0],"28":[0,0],"29":[0,0],"30":[0,0],"31":[0,0],"32":[0,0,0,0,0,0],"33":[0,0],"34":[0,0,0],"35":[0,0],"36":[0,0],"37":[0,0,0,0],"38":[0,0],"39":[0,0],"40":[0,0],"41":[0,0],"42":[0,0],"43":[0,0],"44":[0,0],"45":[0,0,0,0]},"_coverageSchema":"1a1c01bbd47fc00a2c39e90264f33305004495a9","hash":"5efb1c52b7680e12393e2a5b389ed448cc819313"}
,"C:\\David\\nacional\\ingesoft2\\back\\build\\articles\\article.facade.js": {"path":"C:\\David\\nacional\\ingesoft2\\back\\build\\articles\\article.facade.js","statementMap":{"0":{"start":{"line":2,"column":15},"end":{"line":12,"column":1}},"1":{"start":{"line":3,"column":4},"end":{"line":10,"column":6}},"2":{"start":{"line":4,"column":8},"end":{"line":8,"column":9}},"3":{"start":{"line":4,"column":24},"end":{"line":4,"column":25}},"4":{"start":{"line":4,"column":31},"end":{"line":4,"column":47}},"5":{"start":{"line":5,"column":12},"end":{"line":5,"column":29}},"6":{"start":{"line":6,"column":12},"end":{"line":7,"column":28}},"7":{"start":{"line":6,"column":29},"end":{"line":7,"column":28}},"8":{"start":{"line":7,"column":16},"end":{"line":7,"column":28}},"9":{"start":{"line":9,"column":8},"end":{"line":9,"column":17}},"10":{"start":{"line":11,"column":4},"end":{"line":11,"column":43}},"11":{"start":{"line":13,"column":17},"end":{"line":18,"column":1}},"12":{"start":{"line":14,"column":12},"end":{"line":14,"column":28}},"13":{"start":{"line":14,"column":34},"end":{"line":14,"column":125}},"14":{"start":{"line":15,"column":4},"end":{"line":16,"column":150}},"15":{"start":{"line":15,"column":79},"end":{"line":15,"column":131}},"16":{"start":{"line":16,"column":9},"end":{"line":16,"column":150}},"17":{"start":{"line":16,"column":22},"end":{"line":16,"column":43}},"18":{"start":{"line":16,"column":58},"end":{"line":16,"column":150}},"19":{"start":{"line":16,"column":81},"end":{"line":16,"column":150}},"20":{"start":{"line":17,"column":4},"end":{"line":17,"column":66}},"21":{"start":{"line":19,"column":17},"end":{"line":21,"column":1}},"22":{"start":{"line":20,"column":4},"end":{"line":20,"column":109}},"23":{"start":{"line":20,"column":79},"end":{"line":20,"column":109}},"24":{"start":{"line":22,"column":14},"end":{"line":24,"column":1}},"25":{"start":{"line":23,"column":4},"end":{"line":23,"column":73}},"26":{"start":{"line":23,"column":36},"end":{"line":23,"column":71}},"27":{"start":{"line":25,"column":16},"end":{"line":33,"column":1}},"28":{"start":{"line":26,"column":28},"end":{"line":26,"column":110}},"29":{"start":{"line":26,"column":91},"end":{"line":26,"column":106}},"30":{"start":{"line":27,"column":4},"end":{"line":32,"column":7}},"31":{"start":{"line":28,"column":36},"end":{"line":28,"column":97}},"32":{"start":{"line":28,"column":42},"end":{"line":28,"column":70}},"33":{"start":{"line":28,"column":85},"end":{"line":28,"column":95}},"34":{"start":{"line":29,"column":35},"end":{"line":29,"column":100}},"35":{"start":{"line":29,"column":41},"end":{"line":29,"column":73}},"36":{"start":{"line":29,"column":88},"end":{"line":29,"column":98}},"37":{"start":{"line":30,"column":32},"end":{"line":30,"column":116}},"38":{"start":{"line":31,"column":8},"end":{"line":31,"column":78}},"39":{"start":{"line":34,"column":18},"end":{"line":60,"column":1}},"40":{"start":{"line":35,"column":12},"end":{"line":35,"column":104}},"41":{"start":{"line":35,"column":43},"end":{"line":35,"column":68}},"42":{"start":{"line":35,"column":57},"end":{"line":35,"column":68}},"43":{"start":{"line":35,"column":69},"end":{"line":35,"column":81}},"44":{"start":{"line":36,"column":4},"end":{"line":36,"column":157}},"45":{"start":{"line":36,"column":138},"end":{"line":36,"column":150}},"46":{"start":{"line":37,"column":23},"end":{"line":37,"column":68}},"47":{"start":{"line":37,"column":45},"end":{"line":37,"column":65}},"48":{"start":{"line":39,"column":8},"end":{"line":39,"column":70}},"49":{"start":{"line":39,"column":15},"end":{"line":39,"column":70}},"50":{"start":{"line":40,"column":8},"end":{"line":57,"column":66}},"51":{"start":{"line":40,"column":50},"end":{"line":57,"column":66}},"52":{"start":{"line":41,"column":12},"end":{"line":41,"column":169}},"53":{"start":{"line":41,"column":160},"end":{"line":41,"column":169}},"54":{"start":{"line":42,"column":12},"end":{"line":42,"column":52}},"55":{"start":{"line":42,"column":26},"end":{"line":42,"column":52}},"56":{"start":{"line":43,"column":12},"end":{"line":55,"column":13}},"57":{"start":{"line":44,"column":32},"end":{"line":44,"column":39}},"58":{"start":{"line":44,"column":40},"end":{"line":44,"column":46}},"59":{"start":{"line":45,"column":24},"end":{"line":45,"column":34}},"60":{"start":{"line":45,"column":35},"end":{"line":45,"column":72}},"61":{"start":{"line":46,"column":24},"end":{"line":46,"column":34}},"62":{"start":{"line":46,"column":35},"end":{"line":46,"column":45}},"63":{"start":{"line":46,"column":46},"end":{"line":46,"column":55}},"64":{"start":{"line":46,"column":56},"end":{"line":46,"column":65}},"65":{"start":{"line":47,"column":24},"end":{"line":47,"column":41}},"66":{"start":{"line":47,"column":42},"end":{"line":47,"column":55}},"67":{"start":{"line":47,"column":56},"end":{"line":47,"column":65}},"68":{"start":{"line":49,"column":20},"end":{"line":49,"column":128}},"69":{"start":{"line":49,"column":110},"end":{"line":49,"column":116}},"70":{"start":{"line":49,"column":117},"end":{"line":49,"column":126}},"71":{"start":{"line":50,"column":20},"end":{"line":50,"column":106}},"72":{"start":{"line":50,"column":81},"end":{"line":50,"column":97}},"73":{"start":{"line":50,"column":98},"end":{"line":50,"column":104}},"74":{"start":{"line":51,"column":20},"end":{"line":51,"column":89}},"75":{"start":{"line":51,"column":57},"end":{"line":51,"column":72}},"76":{"start":{"line":51,"column":73},"end":{"line":51,"column":80}},"77":{"start":{"line":51,"column":81},"end":{"line":51,"column":87}},"78":{"start":{"line":52,"column":20},"end":{"line":52,"column":87}},"79":{"start":{"line":52,"column":47},"end":{"line":52,"column":62}},"80":{"start":{"line":52,"column":63},"end":{"line":52,"column":78}},"81":{"start":{"line":52,"column":79},"end":{"line":52,"column":85}},"82":{"start":{"line":53,"column":20},"end":{"line":53,"column":42}},"83":{"start":{"line":53,"column":30},"end":{"line":53,"column":42}},"84":{"start":{"line":54,"column":20},"end":{"line":54,"column":33}},"85":{"start":{"line":54,"column":34},"end":{"line":54,"column":43}},"86":{"start":{"line":56,"column":12},"end":{"line":56,"column":39}},"87":{"start":{"line":57,"column":22},"end":{"line":57,"column":34}},"88":{"start":{"line":57,"column":35},"end":{"line":57,"column":41}},"89":{"start":{"line":57,"column":54},"end":{"line":57,"column":64}},"90":{"start":{"line":58,"column":8},"end":{"line":58,"column":35}},"91":{"start":{"line":58,"column":23},"end":{"line":58,"column":35}},"92":{"start":{"line":58,"column":36},"end":{"line":58,"column":89}},"93":{"start":{"line":61,"column":13},"end":{"line":71,"column":1}},"94":{"start":{"line":62,"column":12},"end":{"line":62,"column":14}},"95":{"start":{"line":63,"column":4},"end":{"line":64,"column":20}},"96":{"start":{"line":63,"column":21},"end":{"line":64,"column":20}},"97":{"start":{"line":64,"column":8},"end":{"line":64,"column":20}},"98":{"start":{"line":65,"column":4},"end":{"line":69,"column":9}},"99":{"start":{"line":66,"column":8},"end":{"line":69,"column":9}},"100":{"start":{"line":66,"column":21},"end":{"line":66,"column":22}},"101":{"start":{"line":66,"column":28},"end":{"line":66,"column":59}},"102":{"start":{"line":67,"column":12},"end":{"line":68,"column":34}},"103":{"start":{"line":68,"column":16},"end":{"line":68,"column":34}},"104":{"start":{"line":70,"column":4},"end":{"line":70,"column":13}},"105":{"start":{"line":72,"column":20},"end":{"line":80,"column":1}},"106":{"start":{"line":73,"column":4},"end":{"line":78,"column":5}},"107":{"start":{"line":73,"column":40},"end":{"line":78,"column":5}},"108":{"start":{"line":73,"column":53},"end":{"line":73,"column":54}},"109":{"start":{"line":73,"column":60},"end":{"line":73,"column":71}},"110":{"start":{"line":74,"column":8},"end":{"line":77,"column":9}},"111":{"start":{"line":75,"column":12},"end":{"line":75,"column":65}},"112":{"start":{"line":75,"column":21},"end":{"line":75,"column":65}},"113":{"start":{"line":76,"column":12},"end":{"line":76,"column":28}},"114":{"start":{"line":79,"column":4},"end":{"line":79,"column":61}},"115":{"start":{"line":81,"column":0},"end":{"line":81,"column":62}},"116":{"start":{"line":82,"column":0},"end":{"line":82,"column":31}},"117":{"start":{"line":83,"column":0},"end":{"line":83,"column":28}},"118":{"start":{"line":84,"column":17},"end":{"line":84,"column":36}},"119":{"start":{"line":85,"column":24},"end":{"line":85,"column":52}},"120":{"start":{"line":86,"column":24},"end":{"line":86,"column":60}},"121":{"start":{"line":87,"column":20},"end":{"line":87,"column":50}},"122":{"start":{"line":88,"column":21},"end":{"line":88,"column":53}},"123":{"start":{"line":89,"column":20},"end":{"line":485,"column":4}},"124":{"start":{"line":91,"column":8},"end":{"line":91,"column":45}},"125":{"start":{"line":93,"column":4},"end":{"line":111,"column":6}},"126":{"start":{"line":94,"column":8},"end":{"line":110,"column":11}},"127":{"start":{"line":96,"column":12},"end":{"line":109,"column":15}},"128":{"start":{"line":97,"column":16},"end":{"line":108,"column":17}},"129":{"start":{"line":99,"column":24},"end":{"line":99,"column":50}},"130":{"start":{"line":100,"column":24},"end":{"line":100,"column":80}},"131":{"start":{"line":102,"column":24},"end":{"line":102,"column":45}},"132":{"start":{"line":103,"column":24},"end":{"line":103,"column":56}},"133":{"start":{"line":105,"column":24},"end":{"line":105,"column":44}},"134":{"start":{"line":106,"column":24},"end":{"line":106,"column":121}},"135":{"start":{"line":107,"column":28},"end":{"line":107,"column":50}},"136":{"start":{"line":112,"column":4},"end":{"line":133,"column":6}},"137":{"start":{"line":113,"column":8},"end":{"line":132,"column":11}},"138":{"start":{"line":115,"column":12},"end":{"line":131,"column":15}},"139":{"start":{"line":116,"column":16},"end":{"line":130,"column":17}},"140":{"start":{"line":118,"column":24},"end":{"line":118,"column":50}},"141":{"start":{"line":119,"column":24},"end":{"line":119,"column":106}},"142":{"start":{"line":121,"column":24},"end":{"line":121,"column":44}},"143":{"start":{"line":122,"column":24},"end":{"line":124,"column":25}},"144":{"start":{"line":123,"column":28},"end":{"line":123,"column":86}},"145":{"start":{"line":125,"column":24},"end":{"line":128,"column":27}},"146":{"start":{"line":126,"column":41},"end":{"line":126,"column":50}},"147":{"start":{"line":126,"column":62},"end":{"line":126,"column":84}},"148":{"start":{"line":127,"column":28},"end":{"line":127,"column":146}},"149":{"start":{"line":129,"column":24},"end":{"line":129,"column":60}},"150":{"start":{"line":134,"column":4},"end":{"line":152,"column":6}},"151":{"start":{"line":135,"column":8},"end":{"line":151,"column":11}},"152":{"start":{"line":137,"column":12},"end":{"line":150,"column":15}},"153":{"start":{"line":138,"column":16},"end":{"line":149,"column":17}},"154":{"start":{"line":140,"column":24},"end":{"line":140,"column":40}},"155":{"start":{"line":141,"column":24},"end":{"line":141,"column":84}},"156":{"start":{"line":142,"column":24},"end":{"line":142,"column":93}},"157":{"start":{"line":144,"column":24},"end":{"line":144,"column":44}},"158":{"start":{"line":145,"column":24},"end":{"line":147,"column":25}},"159":{"start":{"line":146,"column":28},"end":{"line":146,"column":317}},"160":{"start":{"line":148,"column":24},"end":{"line":148,"column":55}},"161":{"start":{"line":153,"column":4},"end":{"line":172,"column":6}},"162":{"start":{"line":154,"column":8},"end":{"line":171,"column":11}},"163":{"start":{"line":156,"column":12},"end":{"line":170,"column":15}},"164":{"start":{"line":157,"column":16},"end":{"line":169,"column":17}},"165":{"start":{"line":159,"column":24},"end":{"line":159,"column":40}},"166":{"start":{"line":160,"column":24},"end":{"line":160,"column":84}},"167":{"start":{"line":161,"column":24},"end":{"line":161,"column":101}},"168":{"start":{"line":163,"column":24},"end":{"line":163,"column":51}},"169":{"start":{"line":164,"column":24},"end":{"line":167,"column":25}},"170":{"start":{"line":165,"column":28},"end":{"line":165,"column":93}},"171":{"start":{"line":168,"column":24},"end":{"line":168,"column":117}},"172":{"start":{"line":173,"column":4},"end":{"line":194,"column":6}},"173":{"start":{"line":174,"column":8},"end":{"line":193,"column":11}},"174":{"start":{"line":176,"column":12},"end":{"line":192,"column":15}},"175":{"start":{"line":177,"column":16},"end":{"line":191,"column":17}},"176":{"start":{"line":179,"column":24},"end":{"line":179,"column":53}},"177":{"start":{"line":180,"column":24},"end":{"line":182,"column":25}},"178":{"start":{"line":181,"column":28},"end":{"line":181,"column":85}},"179":{"start":{"line":183,"column":24},"end":{"line":183,"column":51}},"180":{"start":{"line":184,"column":24},"end":{"line":184,"column":125}},"181":{"start":{"line":186,"column":24},"end":{"line":186,"column":54}},"182":{"start":{"line":187,"column":24},"end":{"line":189,"column":25}},"183":{"start":{"line":188,"column":28},"end":{"line":188,"column":95}},"184":{"start":{"line":190,"column":24},"end":{"line":190,"column":66}},"185":{"start":{"line":195,"column":4},"end":{"line":211,"column":6}},"186":{"start":{"line":196,"column":8},"end":{"line":210,"column":11}},"187":{"start":{"line":198,"column":12},"end":{"line":209,"column":15}},"188":{"start":{"line":199,"column":16},"end":{"line":208,"column":17}},"189":{"start":{"line":201,"column":24},"end":{"line":201,"column":50}},"190":{"start":{"line":202,"column":24},"end":{"line":202,"column":105}},"191":{"start":{"line":204,"column":24},"end":{"line":206,"column":25}},"192":{"start":{"line":205,"column":28},"end":{"line":205,"column":108}},"193":{"start":{"line":207,"column":24},"end":{"line":207,"column":95}},"194":{"start":{"line":212,"column":4},"end":{"line":231,"column":6}},"195":{"start":{"line":213,"column":8},"end":{"line":230,"column":11}},"196":{"start":{"line":215,"column":12},"end":{"line":229,"column":15}},"197":{"start":{"line":216,"column":16},"end":{"line":228,"column":17}},"198":{"start":{"line":217,"column":28},"end":{"line":217,"column":87}},"199":{"start":{"line":219,"column":24},"end":{"line":219,"column":48}},"200":{"start":{"line":220,"column":24},"end":{"line":222,"column":25}},"201":{"start":{"line":221,"column":28},"end":{"line":221,"column":92}},"202":{"start":{"line":223,"column":24},"end":{"line":226,"column":27}},"203":{"start":{"line":224,"column":41},"end":{"line":224,"column":50}},"204":{"start":{"line":224,"column":62},"end":{"line":224,"column":84}},"205":{"start":{"line":225,"column":28},"end":{"line":225,"column":146}},"206":{"start":{"line":227,"column":24},"end":{"line":227,"column":61}},"207":{"start":{"line":232,"column":4},"end":{"line":263,"column":6}},"208":{"start":{"line":233,"column":8},"end":{"line":262,"column":11}},"209":{"start":{"line":235,"column":12},"end":{"line":261,"column":15}},"210":{"start":{"line":236,"column":16},"end":{"line":260,"column":17}},"211":{"start":{"line":237,"column":28},"end":{"line":237,"column":101}},"212":{"start":{"line":239,"column":24},"end":{"line":239,"column":45}},"213":{"start":{"line":240,"column":24},"end":{"line":242,"column":25}},"214":{"start":{"line":241,"column":28},"end":{"line":241,"column":96}},"215":{"start":{"line":243,"column":24},"end":{"line":243,"column":43}},"216":{"start":{"line":244,"column":24},"end":{"line":258,"column":25}},"217":{"start":{"line":245,"column":28},"end":{"line":245,"column":53}},"218":{"start":{"line":247,"column":28},"end":{"line":257,"column":31}},"219":{"start":{"line":259,"column":24},"end":{"line":259,"column":61}},"220":{"start":{"line":264,"column":4},"end":{"line":301,"column":6}},"221":{"start":{"line":265,"column":8},"end":{"line":300,"column":11}},"222":{"start":{"line":267,"column":12},"end":{"line":299,"column":15}},"223":{"start":{"line":268,"column":16},"end":{"line":298,"column":17}},"224":{"start":{"line":270,"column":24},"end":{"line":270,"column":63}},"225":{"start":{"line":271,"column":24},"end":{"line":271,"column":108}},"226":{"start":{"line":273,"column":24},"end":{"line":273,"column":43}},"227":{"start":{"line":274,"column":24},"end":{"line":276,"column":25}},"228":{"start":{"line":275,"column":28},"end":{"line":275,"column":103}},"229":{"start":{"line":277,"column":24},"end":{"line":277,"column":41}},"230":{"start":{"line":278,"column":24},"end":{"line":278,"column":45}},"231":{"start":{"line":284,"column":24},"end":{"line":296,"column":25}},"232":{"start":{"line":285,"column":28},"end":{"line":285,"column":51}},"233":{"start":{"line":286,"column":28},"end":{"line":286,"column":115}},"234":{"start":{"line":287,"column":28},"end":{"line":287,"column":51}},"235":{"start":{"line":288,"column":28},"end":{"line":293,"column":29}},"236":{"start":{"line":289,"column":32},"end":{"line":289,"column":56}},"237":{"start":{"line":292,"column":32},"end":{"line":292,"column":102}},"238":{"start":{"line":295,"column":28},"end":{"line":295,"column":158}},"239":{"start":{"line":297,"column":24},"end":{"line":297,"column":63}},"240":{"start":{"line":302,"column":4},"end":{"line":317,"column":6}},"241":{"start":{"line":303,"column":8},"end":{"line":316,"column":11}},"242":{"start":{"line":305,"column":12},"end":{"line":315,"column":15}},"243":{"start":{"line":306,"column":16},"end":{"line":314,"column":17}},"244":{"start":{"line":307,"column":28},"end":{"line":307,"column":84}},"245":{"start":{"line":309,"column":24},"end":{"line":309,"column":45}},"246":{"start":{"line":310,"column":24},"end":{"line":312,"column":25}},"247":{"start":{"line":311,"column":28},"end":{"line":311,"column":103}},"248":{"start":{"line":313,"column":24},"end":{"line":313,"column":56}},"249":{"start":{"line":318,"column":4},"end":{"line":335,"column":6}},"250":{"start":{"line":319,"column":8},"end":{"line":334,"column":11}},"251":{"start":{"line":321,"column":12},"end":{"line":333,"column":15}},"252":{"start":{"line":322,"column":16},"end":{"line":332,"column":17}},"253":{"start":{"line":324,"column":24},"end":{"line":324,"column":64}},"254":{"start":{"line":325,"column":24},"end":{"line":325,"column":108}},"255":{"start":{"line":327,"column":24},"end":{"line":327,"column":45}},"256":{"start":{"line":328,"column":24},"end":{"line":330,"column":25}},"257":{"start":{"line":329,"column":28},"end":{"line":329,"column":103}},"258":{"start":{"line":331,"column":24},"end":{"line":331,"column":56}},"259":{"start":{"line":336,"column":4},"end":{"line":371,"column":6}},"260":{"start":{"line":337,"column":8},"end":{"line":370,"column":11}},"261":{"start":{"line":339,"column":12},"end":{"line":369,"column":15}},"262":{"start":{"line":340,"column":16},"end":{"line":368,"column":17}},"263":{"start":{"line":342,"column":24},"end":{"line":344,"column":25}},"264":{"start":{"line":343,"column":28},"end":{"line":343,"column":90}},"265":{"start":{"line":345,"column":24},"end":{"line":345,"column":103}},"266":{"start":{"line":346,"column":24},"end":{"line":348,"column":25}},"267":{"start":{"line":347,"column":28},"end":{"line":347,"column":79}},"268":{"start":{"line":349,"column":24},"end":{"line":349,"column":94}},"269":{"start":{"line":351,"column":24},"end":{"line":351,"column":41}},"270":{"start":{"line":352,"column":24},"end":{"line":352,"column":83}},"271":{"start":{"line":352,"column":59},"end":{"line":352,"column":83}},"272":{"start":{"line":353,"column":24},"end":{"line":353,"column":80}},"273":{"start":{"line":355,"column":24},"end":{"line":355,"column":43}},"274":{"start":{"line":356,"column":24},"end":{"line":358,"column":25}},"275":{"start":{"line":357,"column":28},"end":{"line":357,"column":96}},"276":{"start":{"line":359,"column":24},"end":{"line":362,"column":27}},"277":{"start":{"line":360,"column":41},"end":{"line":360,"column":50}},"278":{"start":{"line":360,"column":62},"end":{"line":360,"column":84}},"279":{"start":{"line":361,"column":28},"end":{"line":361,"column":183}},"280":{"start":{"line":363,"column":24},"end":{"line":365,"column":25}},"281":{"start":{"line":364,"column":28},"end":{"line":364,"column":138}},"282":{"start":{"line":366,"column":24},"end":{"line":366,"column":84}},"283":{"start":{"line":367,"column":28},"end":{"line":367,"column":75}},"284":{"start":{"line":372,"column":4},"end":{"line":393,"column":6}},"285":{"start":{"line":373,"column":8},"end":{"line":392,"column":11}},"286":{"start":{"line":375,"column":12},"end":{"line":391,"column":15}},"287":{"start":{"line":376,"column":16},"end":{"line":390,"column":17}},"288":{"start":{"line":378,"column":24},"end":{"line":378,"column":50}},"289":{"start":{"line":379,"column":24},"end":{"line":379,"column":95}},"290":{"start":{"line":381,"column":24},"end":{"line":381,"column":44}},"291":{"start":{"line":382,"column":24},"end":{"line":384,"column":25}},"292":{"start":{"line":383,"column":28},"end":{"line":383,"column":98}},"293":{"start":{"line":385,"column":24},"end":{"line":388,"column":27}},"294":{"start":{"line":386,"column":41},"end":{"line":386,"column":50}},"295":{"start":{"line":386,"column":62},"end":{"line":386,"column":84}},"296":{"start":{"line":387,"column":28},"end":{"line":387,"column":290}},"297":{"start":{"line":389,"column":24},"end":{"line":389,"column":83}},"298":{"start":{"line":394,"column":4},"end":{"line":406,"column":6}},"299":{"start":{"line":395,"column":8},"end":{"line":405,"column":11}},"300":{"start":{"line":398,"column":12},"end":{"line":404,"column":15}},"301":{"start":{"line":399,"column":16},"end":{"line":402,"column":17}},"302":{"start":{"line":400,"column":20},"end":{"line":400,"column":60}},"303":{"start":{"line":401,"column":20},"end":{"line":401,"column":82}},"304":{"start":{"line":403,"column":16},"end":{"line":403,"column":45}},"305":{"start":{"line":407,"column":4},"end":{"line":428,"column":6}},"306":{"start":{"line":408,"column":8},"end":{"line":427,"column":11}},"307":{"start":{"line":410,"column":12},"end":{"line":426,"column":15}},"308":{"start":{"line":411,"column":16},"end":{"line":425,"column":17}},"309":{"start":{"line":413,"column":24},"end":{"line":415,"column":25}},"310":{"start":{"line":414,"column":28},"end":{"line":414,"column":77}},"311":{"start":{"line":416,"column":24},"end":{"line":416,"column":103}},"312":{"start":{"line":417,"column":24},"end":{"line":419,"column":25}},"313":{"start":{"line":418,"column":28},"end":{"line":418,"column":79}},"314":{"start":{"line":420,"column":24},"end":{"line":420,"column":57}},"315":{"start":{"line":421,"column":24},"end":{"line":421,"column":126}},"316":{"start":{"line":424,"column":20},"end":{"line":424,"column":53}},"317":{"start":{"line":429,"column":4},"end":{"line":450,"column":6}},"318":{"start":{"line":430,"column":8},"end":{"line":449,"column":11}},"319":{"start":{"line":432,"column":12},"end":{"line":448,"column":15}},"320":{"start":{"line":433,"column":16},"end":{"line":447,"column":17}},"321":{"start":{"line":435,"column":24},"end":{"line":437,"column":25}},"322":{"start":{"line":436,"column":28},"end":{"line":436,"column":77}},"323":{"start":{"line":438,"column":24},"end":{"line":438,"column":103}},"324":{"start":{"line":439,"column":24},"end":{"line":441,"column":25}},"325":{"start":{"line":440,"column":28},"end":{"line":440,"column":79}},"326":{"start":{"line":442,"column":24},"end":{"line":442,"column":57}},"327":{"start":{"line":443,"column":24},"end":{"line":443,"column":128}},"328":{"start":{"line":446,"column":20},"end":{"line":446,"column":53}},"329":{"start":{"line":451,"column":4},"end":{"line":463,"column":6}},"330":{"start":{"line":452,"column":8},"end":{"line":462,"column":11}},"331":{"start":{"line":454,"column":12},"end":{"line":461,"column":15}},"332":{"start":{"line":455,"column":16},"end":{"line":460,"column":17}},"333":{"start":{"line":457,"column":24},"end":{"line":457,"column":51}},"334":{"start":{"line":458,"column":24},"end":{"line":458,"column":105}},"335":{"start":{"line":459,"column":28},"end":{"line":459,"column":61}},"336":{"start":{"line":464,"column":4},"end":{"line":478,"column":6}},"337":{"start":{"line":465,"column":8},"end":{"line":477,"column":11}},"338":{"start":{"line":467,"column":12},"end":{"line":476,"column":15}},"339":{"start":{"line":468,"column":16},"end":{"line":475,"column":17}},"340":{"start":{"line":470,"column":24},"end":{"line":470,"column":59}},"341":{"start":{"line":471,"column":24},"end":{"line":471,"column":100}},"342":{"start":{"line":473,"column":24},"end":{"line":473,"column":45}},"343":{"start":{"line":474,"column":24},"end":{"line":474,"column":56}},"344":{"start":{"line":479,"column":4},"end":{"line":483,"column":22}},"345":{"start":{"line":484,"column":4},"end":{"line":484,"column":25}}},"fnMap":{"0":{"name":"(anonymous_0)","decl":{"start":{"line":2,"column":42},"end":{"line":2,"column":43}},"loc":{"start":{"line":2,"column":54},"end":{"line":12,"column":1}},"line":2},"1":{"name":"(anonymous_1)","decl":{"start":{"line":3,"column":32},"end":{"line":3,"column":33}},"loc":{"start":{"line":3,"column":44},"end":{"line":10,"column":5}},"line":3},"2":{"name":"(anonymous_2)","decl":{"start":{"line":13,"column":46},"end":{"line":13,"column":47}},"loc":{"start":{"line":13,"column":87},"end":{"line":18,"column":1}},"line":13},"3":{"name":"(anonymous_3)","decl":{"start":{"line":19,"column":46},"end":{"line":19,"column":47}},"loc":{"start":{"line":19,"column":62},"end":{"line":21,"column":1}},"line":19},"4":{"name":"(anonymous_4)","decl":{"start":{"line":22,"column":40},"end":{"line":22,"column":41}},"loc":{"start":{"line":22,"column":73},"end":{"line":24,"column":1}},"line":22},"5":{"name":"(anonymous_5)","decl":{"start":{"line":23,"column":11},"end":{"line":23,"column":12}},"loc":{"start":{"line":23,"column":34},"end":{"line":23,"column":73}},"line":23},"6":{"name":"(anonymous_6)","decl":{"start":{"line":25,"column":44},"end":{"line":25,"column":45}},"loc":{"start":{"line":25,"column":89},"end":{"line":33,"column":1}},"line":25},"7":{"name":"adopt","decl":{"start":{"line":26,"column":13},"end":{"line":26,"column":18}},"loc":{"start":{"line":26,"column":26},"end":{"line":26,"column":112}},"line":26},"8":{"name":"(anonymous_8)","decl":{"start":{"line":26,"column":70},"end":{"line":26,"column":71}},"loc":{"start":{"line":26,"column":89},"end":{"line":26,"column":108}},"line":26},"9":{"name":"(anonymous_9)","decl":{"start":{"line":27,"column":36},"end":{"line":27,"column":37}},"loc":{"start":{"line":27,"column":63},"end":{"line":32,"column":5}},"line":27},"10":{"name":"fulfilled","decl":{"start":{"line":28,"column":17},"end":{"line":28,"column":26}},"loc":{"start":{"line":28,"column":34},"end":{"line":28,"column":99}},"line":28},"11":{"name":"rejected","decl":{"start":{"line":29,"column":17},"end":{"line":29,"column":25}},"loc":{"start":{"line":29,"column":33},"end":{"line":29,"column":102}},"line":29},"12":{"name":"step","decl":{"start":{"line":30,"column":17},"end":{"line":30,"column":21}},"loc":{"start":{"line":30,"column":30},"end":{"line":30,"column":118}},"line":30},"13":{"name":"(anonymous_13)","decl":{"start":{"line":34,"column":48},"end":{"line":34,"column":49}},"loc":{"start":{"line":34,"column":73},"end":{"line":60,"column":1}},"line":34},"14":{"name":"(anonymous_14)","decl":{"start":{"line":35,"column":30},"end":{"line":35,"column":31}},"loc":{"start":{"line":35,"column":41},"end":{"line":35,"column":83}},"line":35},"15":{"name":"(anonymous_15)","decl":{"start":{"line":36,"column":125},"end":{"line":36,"column":126}},"loc":{"start":{"line":36,"column":136},"end":{"line":36,"column":152}},"line":36},"16":{"name":"verb","decl":{"start":{"line":37,"column":13},"end":{"line":37,"column":17}},"loc":{"start":{"line":37,"column":21},"end":{"line":37,"column":70}},"line":37},"17":{"name":"(anonymous_17)","decl":{"start":{"line":37,"column":30},"end":{"line":37,"column":31}},"loc":{"start":{"line":37,"column":43},"end":{"line":37,"column":67}},"line":37},"18":{"name":"step","decl":{"start":{"line":38,"column":13},"end":{"line":38,"column":17}},"loc":{"start":{"line":38,"column":22},"end":{"line":59,"column":5}},"line":38},"19":{"name":"(anonymous_19)","decl":{"start":{"line":61,"column":38},"end":{"line":61,"column":39}},"loc":{"start":{"line":61,"column":54},"end":{"line":71,"column":1}},"line":61},"20":{"name":"(anonymous_20)","decl":{"start":{"line":72,"column":52},"end":{"line":72,"column":53}},"loc":{"start":{"line":72,"column":78},"end":{"line":80,"column":1}},"line":72},"21":{"name":"(anonymous_21)","decl":{"start":{"line":89,"column":59},"end":{"line":89,"column":60}},"loc":{"start":{"line":89,"column":71},"end":{"line":485,"column":1}},"line":89},"22":{"name":"ArticleFacade","decl":{"start":{"line":90,"column":13},"end":{"line":90,"column":26}},"loc":{"start":{"line":90,"column":43},"end":{"line":92,"column":5}},"line":90},"23":{"name":"(anonymous_23)","decl":{"start":{"line":93,"column":42},"end":{"line":93,"column":43}},"loc":{"start":{"line":93,"column":57},"end":{"line":111,"column":5}},"line":93},"24":{"name":"(anonymous_24)","decl":{"start":{"line":94,"column":47},"end":{"line":94,"column":48}},"loc":{"start":{"line":94,"column":59},"end":{"line":110,"column":9}},"line":94},"25":{"name":"(anonymous_25)","decl":{"start":{"line":96,"column":37},"end":{"line":96,"column":38}},"loc":{"start":{"line":96,"column":51},"end":{"line":109,"column":13}},"line":96},"26":{"name":"(anonymous_26)","decl":{"start":{"line":112,"column":45},"end":{"line":112,"column":46}},"loc":{"start":{"line":112,"column":60},"end":{"line":133,"column":5}},"line":112},"27":{"name":"(anonymous_27)","decl":{"start":{"line":113,"column":47},"end":{"line":113,"column":48}},"loc":{"start":{"line":113,"column":59},"end":{"line":132,"column":9}},"line":113},"28":{"name":"(anonymous_28)","decl":{"start":{"line":115,"column":37},"end":{"line":115,"column":38}},"loc":{"start":{"line":115,"column":51},"end":{"line":131,"column":13}},"line":115},"29":{"name":"(anonymous_29)","decl":{"start":{"line":125,"column":53},"end":{"line":125,"column":54}},"loc":{"start":{"line":125,"column":67},"end":{"line":128,"column":25}},"line
[...]
,"C:\\David\\nacional\\ingesoft2\\back\\build\\utils\\testConection.js": {"path":"C:\\David\\nacional\\ingesoft2\\back\\build\\utils\\testConection.js","statementMap":{"0":{"start":{"line":2,"column":16},"end":{"line":10,"column":1}},"1":{"start":{"line":3,"column":28},"end":{"line":3,"column":110}},"2":{"start":{"line":3,"column":91},"end":{"line":3,"column":106}},"3":{"start":{"line":4,"column":4},"end":{"line":9,"column":7}},"4":{"start":{"line":5,"column":36},"end":{"line":5,"column":97}},"5":{"start":{"line":5,"column":42},"end":{"line":5,"column":70}},"6":{"start":{"line":5,"column":85},"end":{"line":5,"column":95}},"7":{"start":{"line":6,"column":35},"end":{"line":6,"column":100}},"8":{"start":{"line":6,"column":41},"end":{"line":6,"column":73}},"9":{"start":{"line":6,"column":88},"end":{"line":6,"column":98}},"10":{"start":{"line":7,"column":32},"end":{"line":7,"column":116}},"11":{"start":{"line":8,"column":8},"end":{"line":8,"column":78}},"12":{"start":{"line":11,"column":18},"end":{"line":37,"column":1}},"13":{"start":{"line":12,"column":12},"end":{"line":12,"column":104}},"14":{"start":{"line":12,"column":43},"end":{"line":12,"column":68}},"15":{"start":{"line":12,"column":57},"end":{"line":12,"column":68}},"16":{"start":{"line":12,"column":69},"end":{"line":12,"column":81}},"17":{"start":{"line":13,"column":4},"end":{"line":13,"column":157}},"18":{"start":{"line":13,"column":138},"end":{"line":13,"column":150}},"19":{"start":{"line":14,"column":23},"end":{"line":14,"column":68}},"20":{"start":{"line":14,"column":45},"end":{"line":14,"column":65}},"21":{"start":{"line":16,"column":8},"end":{"line":16,"column":70}},"22":{"start":{"line":16,"column":15},"end":{"line":16,"column":70}},"23":{"start":{"line":17,"column":8},"end":{"line":34,"column":66}},"24":{"start":{"line":17,"column":50},"end":{"line":34,"column":66}},"25":{"start":{"line":18,"column":12},"end":{"line":18,"column":169}},"26":{"start":{"line":18,"column":160},"end":{"line":18,"column":169}},"27":{"start":{"line":19,"column":12},"end":{"line":19,"column":52}},"28":{"start":{"line":19,"column":26},"end":{"line":19,"column":52}},"29":{"start":{"line":20,"column":12},"end":{"line":32,"column":13}},"30":{"start":{"line":21,"column":32},"end":{"line":21,"column":39}},"31":{"start":{"line":21,"column":40},"end":{"line":21,"column":46}},"32":{"start":{"line":22,"column":24},"end":{"line":22,"column":34}},"33":{"start":{"line":22,"column":35},"end":{"line":22,"column":72}},"34":{"start":{"line":23,"column":24},"end":{"line":23,"column":34}},"35":{"start":{"line":23,"column":35},"end":{"line":23,"column":45}},"36":{"start":{"line":23,"column":46},"end":{"line":23,"column":55}},"37":{"start":{"line":23,"column":56},"end":{"line":23,"column":65}},"38":{"start":{"line":24,"column":24},"end":{"line":24,"column":41}},"39":{"start":{"line":24,"column":42},"end":{"line":24,"column":55}},"40":{"start":{"line":24,"column":56},"end":{"line":24,"column":65}},"41":{"start":{"line":26,"column":20},"end":{"line":26,"column":128}},"42":{"start":{"line":26,"column":110},"end":{"line":26,"column":116}},"43":{"start":{"line":26,"column":117},"end":{"line":26,"column":126}},"44":{"start":{"line":27,"column":20},"end":{"line":27,"column":106}},"45":{"start":{"line":27,"column":81},"end":{"line":27,"column":97}},"46":{"start":{"line":27,"column":98},"end":{"line":27,"column":104}},"47":{"start":{"line":28,"column":20},"end":{"line":28,"column":89}},"48":{"start":{"line":28,"column":57},"end":{"line":28,"column":72}},"49":{"start":{"line":28,"column":73},"end":{"line":28,"column":80}},"50":{"start":{"line":28,"column":81},"end":{"line":28,"column":87}},"51":{"start":{"line":29,"column":20},"end":{"line":29,"column":87}},"52":{"start":{"line":29,"column":47},"end":{"line":29,"column":62}},"53":{"start":{"line":29,"column":63},"end":{"line":29,"column":78}},"54":{"start":{"line":29,"column":79},"end":{"line":29,"column":85}},"55":{"start":{"line":30,"column":20},"end":{"line":30,"column":42}},"56":{"start":{"line":30,"column":30},"end":{"line":30,"column":42}},"57":{"start":{"line":31,"column":20},"end":{"line":31,"column":33}},"58":{"start":{"line":31,"column":34},"end":{"line":31,"column":43}},"59":{"start":{"line":33,"column":12},"end":{"line":33,"column":39}},"60":{"start":{"line":34,"column":22},"end":{"line":34,"column":34}},"61":{"start":{"line":34,"column":35},"end":{"line":34,"column":41}},"62":{"start":{"line":34,"column":54},"end":{"line":34,"column":64}},"63":{"start":{"line":35,"column":8},"end":{"line":35,"column":35}},"64":{"start":{"line":35,"column":23},"end":{"line":35,"column":35}},"65":{"start":{"line":35,"column":36},"end":{"line":35,"column":89}},"66":{"start":{"line":38,"column":0},"end":{"line":38,"column":62}},"67":{"start":{"line":39,"column":0},"end":{"line":39,"column":31}},"68":{"start":{"line":40,"column":17},"end":{"line":40,"column":36}},"69":{"start":{"line":41,"column":24},"end":{"line":41,"column":56}},"70":{"start":{"line":42,"column":15},"end":{"line":42,"column":34}},"71":{"start":{"line":43,"column":22},"end":{"line":43,"column":99}},"72":{"start":{"line":44,"column":20},"end":{"line":67,"column":5}},"73":{"start":{"line":44,"column":34},"end":{"line":67,"column":3}},"74":{"start":{"line":46,"column":4},"end":{"line":66,"column":7}},"75":{"start":{"line":47,"column":8},"end":{"line":65,"column":9}},"76":{"start":{"line":49,"column":16},"end":{"line":49,"column":42}},"77":{"start":{"line":50,"column":16},"end":{"line":50,"column":65}},"78":{"start":{"line":52,"column":16},"end":{"line":52,"column":26}},"79":{"start":{"line":53,"column":16},"end":{"line":53,"column":68}},"80":{"start":{"line":55,"column":16},"end":{"line":55,"column":26}},"81":{"start":{"line":56,"column":16},"end":{"line":56,"column":50}},"82":{"start":{"line":58,"column":16},"end":{"line":58,"column":36}},"83":{"start":{"line":59,"column":16},"end":{"line":59,"column":77}},"84":{"start":{"line":60,"column":16},"end":{"line":60,"column":88}},"85":{"start":{"line":61,"column":16},"end":{"line":61,"column":62}},"86":{"start":{"line":62,"column":16},"end":{"line":62,"column":32}},"87":{"start":{"line":63,"column":16},"end":{"line":63,"column":38}},"88":{"start":{"line":64,"column":20},"end":{"line":64,"column":42}},"89":{"start":{"line":68,"column":0},"end":{"line":68,"column":38}}},"fnMap":{"0":{"name":"(anonymous_0)","decl":{"start":{"line":2,"column":44},"end":{"line":2,"column":45}},"loc":{"start":{"line":2,"column":89},"end":{"line":10,"column":1}},"line":2},"1":{"name":"adopt","decl":{"start":{"line":3,"column":13},"end":{"line":3,"column":18}},"loc":{"start":{"line":3,"column":26},"end":{"line":3,"column":112}},"line":3},"2":{"name":"(anonymous_2)","decl":{"start":{"line":3,"column":70},"end":{"line":3,"column":71}},"loc":{"start":{"line":3,"column":89},"end":{"line":3,"column":108}},"line":3},"3":{"name":"(anonymous_3)","decl":{"start":{"line":4,"column":36},"end":{"line":4,"column":37}},"loc":{"start":{"line":4,"column":63},"end":{"line":9,"column":5}},"line":4},"4":{"name":"fulfilled","decl":{"start":{"line":5,"column":17},"end":{"line":5,"column":26}},"loc":{"start":{"line":5,"column":34},"end":{"line":5,"column":99}},"line":5},"5":{"name":"rejected","decl":{"start":{"line":6,"column":17},"end":{"line":6,"column":25}},"loc":{"start":{"line":6,"column":33},"end":{"line":6,"column":102}},"line":6},"6":{"name":"step","decl":{"start":{"line":7,"column":17},"end":{"line":7,"column":21}},"loc":{"start":{"line":7,"column":30},"end":{"line":7,"column":118}},"line":7},"7":{"name":"(anonymous_7)","decl":{"start":{"line":11,"column":48},"end":{"line":11,"column":49}},"loc":{"start":{"line":11,"column":73},"end":{"line":37,"column":1}},"line":11},"8":{"name":"(anonymous_8)","decl":{"start":{"line":12,"column":30},"end":{"line":12,"column":31}},"loc":{"start":{"line":12,"column":41},"end":{"line":12,"column":83}},"line":12},"9":{"name":"(anonymous_9)","decl":{"start":{"line":13,"column":125},"end":{"line":13,"column":126}},"loc":{"start":{"line":13,"column":136},"end":{"line":13,"column":152}},"line":13},"10":{"name":"verb","decl":{"start":{"line":14,"column":13},"end":{"line":14,"column":17}},"loc":{"start":{"line":14,"column":21},"end":{"line":14,"column":70}},"line":14},"11":{"name":"(anonymous_11)","decl":{"start":{"line":14,"column":30},"end":{"line":14,"column":31}},"loc":{"start":{"line":14,"column":43},"end":{"line":14,"column":67}},"line":14},"12":{"name":"step","decl":{"start":{"line":15,"column":13},"end":{"line":15,"column":17}},"loc":{"start":{"line":15,"column":22},"end":{"line":36,"column":5}},"line":15},"13":{"name":"(anonymous_13)","decl":{"start":{"line":44,"column":20},"end":{"line":44,"column":21}},"loc":{"start":{"line":44,"column":32},"end":{"line":67,"column":5}},"line":44},"14":{"name":"(anonymous_14)","decl":{"start":{"line":44,"column":75},"end":{"line":44,"column":76}},"loc":{"start":{"line":44,"column":87},"end":{"line":67,"column":1}},"line":44},"15":{"name":"(anonymous_15)","decl":{"start":{"line":46,"column":29},"end":{"line":46,"column":30}},"loc":{"start":{"line":46,"column":43},"end":{"line":66,"column":5}},"line":46}},"branchMap":{"0":{"loc":{"start":{"line":2,"column":16},"end":{"line":10,"column":1}},"type":"binary-expr","locations":[{"start":{"line":2,"column":17},"end":{"line":2,"column":21}},{"start":{"line":2,"column":25},"end":{"line":2,"column":39}},{"start":{"line":2,"column":44},"end":{"line":10,"column":1}}],"line":2},"1":{"loc":{"start":{"line":3,"column":35},"end":{"line":3,"column":109}},"type":"cond-expr","locations":[{"start":{"line":3,"column":56},"end":{"line":3,"column":61}},{"start":{"line":3,"column":64},"end":{"line":3,"column":109}}],"line":3},"2":{"loc":{"start":{"line":4,"column":16},"end":{"line":4,"column":34}},"type":"binary-expr","locations":[{"start":{"line":4,"column":16},"end":{"line":4,"column":17}},{"start":{"line":4,"column":22},"end":{"line":4,"column":33}}],"line":4},"3":{"loc":{"start":{"line":7,"column":32},"end":{"line":7,"column":115}},"type":"cond-expr","locations":[{"start":{"line":7,"column":46},"end":{"line":7,"column":67}},{"start":{"line":7,"column":70},"end":{"line":7,"column":115}}],"line":7},"4":{"loc":{"start":{"line":8,"column":51},"end":{"line":8,"column":67}},"type":"binary-expr","locations":[{"start":{"line":8,"column":51},"end":{"line":8,"column":61}},{"start":{"line":8,"column":65},"end":{"line":8,"column":67}}],"line":8},"5":{"loc":{"start":{"line":11,"column":18},"end":{"line":37,"column":1}},"type":"binary-expr","locations":[{"start":{"line":11,"column":19},"end":{"line":11,"column":23}},{"start":{"line":11,"column":27},"end":{"line":11,"column":43}},{"start":{"line":11,"column":48},"end":{"line":37,"column":1}}],"line":11},"6":{"loc":{"start":{"line":12,"column":43},"end":{"line":12,"column":68}},"type":"if","locations":[{"start":{"line":12,"column":43},"end":{"line":12,"column":68}},{"start":{},"end":{}}],"line":12},"7":{"loc":{"start":{"line":13,"column":71},"end":{"line":13,"column":153}},"type":"binary-expr","locations":[{"start":{"line":13,"column":71},"end":{"line":13,"column":99}},{"start":{"line":13,"column":104},"end":{"line":13,"column":152}}],"line":13},"8":{"loc":{"start":{"line":16,"column":8},"end":{"line":16,"column":70}},"type":"if","locations":[{"start":{"line":16,"column":8},"end":{"line":16,"column":70}},{"start":{},"end":{}}],"line":16},"9":{"loc":{"start":{"line":17,"column":15},"end":{"line":17,"column":45}},"type":"binary-expr","locations":[{"start":{"line":17,"column":15},"end":{"line":17,"column":16}},{"start":{"line":17,"column":21},"end":{"line":17,"column":44}}],"line":17},"10":{"loc":{"start":{"line":17,"column":28},"end":{"line":17,"column":44}},"type":"binary-expr","locations":[{"start":{"line":17,"column":28},"end":{"line":17,"column":33}},{"start":{"line":17,"column":38},"end":{"line":17,"column":43}}],"line":17},"11":{"loc":{"start":{"line":18,"column":12},"end":{"line":18,"column":169}},"type":"if","locations":[{"start":{"line":18,"column":12},"end":{"line":18,"column":169}},{"start":{},"end":{}}],"line":18},"12":{"loc":{"start":{"line":18,"column":23},"end":{"line":18,"column":158}},"type":"binary-expr","locations":[{"start":{"line":18,"column":23},"end":{"line":18,"column":24}},{"start":{"line":18,"column":29},"end":{"line":18,"column":125}},{"start":{"line":18,"column":130},"end":{"line":18,"column":158}}],"line":18},"13":{"loc":{"start":{"line":18,"column":33},"end":{"line":18,"column":125}},"type":"cond-expr","locations":[{"start":{"line":18,"column":45},"end":{"line":18,"column":56}},{"start":{"line":18,"column":59},"end":{"line":18,"column":125}}],"line":18},"14":{"loc":{"start":{"line":18,"column":59},"end":{"line":18,"column":125}},"type":"cond-expr","locations":[{"start":{"line":18,"column":67},"end":{"line":18,"column":116}},{"start":{"line":18,"column":119},"end":{"line":18,"column":125}}],"line":18},"15":{"loc":{"start":{"line":18,"column":67},"end":{"line":18,"column":116}},"type":"binary-expr","locations":[{"start":{"line":18,"column":67},"end":{"line":18,"column":77}},{"start":{"line":18,"column":82},"end":{"line":18,"column":115}}],"line":18},"16":{"loc":{"start":{"line":18,"column":82},"end":{"line":18,"column":112}},"type":"binary-expr","locations":[{"start":{"line":18,"column":83},"end":{"line":18,"column":98}},{"start":{"line":18,"column":103},"end":{"line":18,"column":112}}],"line":18},"17":{"loc":{"start":{"line":19,"column":12},"end":{"line":19,"column":52}},"type":"if","locations":[{"start":{"line":19,"column":12},"end":{"line":19,"column":52}},{"start":{},"end":{}}],"line":19},"18":{"loc":{"start":{"line":20,"column":12},"end":{"line":32,"column":13}},"type":"switch","locations":[{"start":{"line":21,"column":16},"end":{"line":21,"column":23}},{"start":{"line":21,"column":24},"end":{"line":21,"column":46}},{"start":{"line":22,"column":16},"end":{"line":22,"column":72}},{"start":{"line":23,"column":16},"end":{"line":23,"column":65}},{"start":{"line":24,"column":16},"end":{"line":24,"column":65}},{"start":{"line":25,"column":16},"end":{"line":31,"column":43}}],"line":20},"19":{"loc":{"start":{"line":26,"column":20},"end":{"line":26,"column":128}},"type":"if","locations":[{"start":{"line":26,"column":20},"end":{"line":26,"column":128}},{"start":{},"end":{}}],"line":26},"20":{"loc":{"start":{"line":26,"column":24},"end":{"line":26,"column":106}},"type":"binary-expr","locations":[{"start":{"line":26,"column":24},"end":{"line":26,"column":74}},{"start":{"line":26,"column":79},"end":{"line":26,"column":90}},{"start":{"line":26,"column":94},"end":{"line":26,"column":105}}],"line":26},"21":{"loc":{"start":{"line":26,"column":42},"end":{"line":26,"column":73}},"type":"binary-expr","locations":[{"start":{"line":26,"column":42},"end":{"line":26,"column":54}},{"start":{"line":26,"column":58},"end":{"line":26,"column":73}}],"line":26},"22":{"loc":{"start":{"line":27,"column":20},"end":{"line":27,"column":106}},"type":"if","locations":[{"start":{"line":27,"column":20},"end":{"line":27,"column":106}},{"start":{},"end":{}}],"line":27},"23":{"loc":{"start":{"line":27,"column":24},"end":{"line":27,"column":77}},"type":"binary-expr","locations":[{"start":{"line":27,"column":24},"end":{"line":27,"column":35}},{"start":{"line":27,"column":40},"end":{"line":27,"column":42}},{"start":{"line":27,"column":47},"end":{"line":27,"column":59}},{"start":{"line":27,"column":63},"end":{"line":27,"column":75}}],"line":27},"24":{"loc":{"start":{"line":28,"column":20},"end":{"line":28,"column":89}},"type":"if","locations":[{"start":{"line":28,"column":20},"end":{"line":28,"column":89}},{"start":{},"end":{}}],"line":28},"25":{"loc":{"start":{"line":28,"column":24},"end":{"line":28,"column":53}},"type":"binary-expr","locations":[{"start":{"line":28,"column":24},"end":{"line":28,"column":35}},{"start":{"line":28,"column":39},"end":{"line":28,"column":53}}],"line":28},"26":{"loc":{"start":{"line":29,"column":20},"end":{"line":29,"column":87}},"type":"if","locations":[{"start":{"line":29,"column":20},"end":{"line":29,"column":87}},{"start":{},"end":{}}],"line":29},"27":{"loc":{"start":{"line":29,"column":24},"end":{"line":29,"column":43}},"type":"binary-expr","locations":[{"start":{"line":29,"column":24},"end":{"line":29,"column":25}},{"start":{"line":29,"column":29},"end":{"line":29,"column":43}}],"line":29},"28":{"loc":{"start":{"line":30,"column":20},"end":{"line":30,"column":42}},"type":"if","locations":[{"start":{"line":30,"column":20},"end":{"line":30,"column":42}},{"start":{},"end":{}}],"line":30},"29":{"loc":{"start":{"line":35,"column":8},"end":{"line":35,"column":35}},"type":"if","locations":[{"start":{"line":35,"column":8},"end":{"line":35,"column":35}},{"start":{},"end":{}}],"line":35},"30":{"loc":{"start":{"line":35,"column":52},"end":{"line":35,"column":74}},"type":"cond-expr","locations":[{"start":{"line":35,"column":60},"end":{"line":35,"column":65}},{"start":{"line":35,"column":68},"end":{"line":35,"column":74}}],"line":35},"31":{"loc":{"start":{"line":47,"column":8},"end":{"line":65,"column":9}},"type":"switch","locations":[{"start":{"line":48,"column":12},"end":{"line":50,"column":65}},{"start":{"line":51,"column":12},"end":{"line":53,"column":68}},{"start":{"line":54,"column":12},"end":{"line":56,"column":50}},{"start":{"line":57,"column":12},"end":{"line":63,"column":38}},{"start":{"line":64,"column":12},"end":{"line":64,"column":42}}],"line":47}},"s":{"0":1,"1":2,"2":0,"3":1,"4":2,"5":2,"6":0,"7":0,"8":0,"9":0,"10":3,"11":1,"12":1,"13":1,"14":2,"15":0,"16":2,"17":1,"18":0,"19":3,"20":3,"21":3,"22":0,"23":3,"24":7,"25":7,"26":0,"27":7,"28":0,"29":7,"30":3,"31":3,"32":2,"33":2,"34":0,"35":0,"36":0,"37":0,"38":0,"39":0,"40":0,"41":2,"42":1,"43":1,"44":1,"45":0,"46":0,"47":1,"48":0,"49":0,"50":0,"51":1,"52":0,"53":0,"54":0,"55":1,"56":0,"57":1,"58":1,"59":3,"60":0,"61":0,"62":7,"63":1,"64":0,"65":1,"66":1,"67":1,"68":1,"69":1,"70":1,"71":1,"72":1,"73":1,"74":1,"75":3,"76":1,"77":1,"78":1,"79":1,"80":1,"81":1,"82":0,"83":0,"84":0,"85":0,"86":0,"87":0,"88":0,"89":1},"f":{"0":1,"1":2,"2":0,"3":1,"4":2,"5":0,"6":3,"7":1,"8":2,"9":0,"10":3,"11":3,"12":3,"13":1,"14":1,"15":3},"b":{"0":[1,0,1],"1":[2,0],"2":[1,1],"3":[1,2],"4":[1,1],"5":[1,0,1],"6":[0,2],"7":[1,1],"8":[0,3],"9":[8,1],"10":[1,0],"11":[0,7],"12":[7,0,0],"13":[0,0],"14":[0,0],"15":[0,0],"16":[0,0],"17":[0,7],"18":[3,3,2,0,0,2],"19":[1,1],"20":[2,1,1],"21":[2,1],"22":[0,1],"23":[1,0,0,0],"24":[0,1],"25":[1,0],"26":[0,1],"27":[1,1],"28":[0,1],"29":[0,1],"30":[1,0],"31":[1,1,1,0,0]},"_coverageSchema":"1a1c01bbd47fc00a2c39e90264f33305004495a9","hash":"3e32b3c4b4cfbd83b8d3bd9fa098970c1412ca75"}
,"C:\\David\\nacional\\ingesoft2\\back\\build\\utils\\swagger\\swagger.js": {"path":"C:\\David\\nacional\\ingesoft2\\back\\build\\utils\\swagger\\swagger.js","statementMap":{"0":{"start":{"line":2,"column":0},"end":{"line":2,"column":62}},"1":{"start":{"line":3,"column":0},"end":{"line":3,"column":27}},"2":{"start":{"line":4,"column":19},"end":{"line":4,"column":43}},"3":{"start":{"line":5,"column":0},"end":{"line":5,"column":50}},"4":{"start":{"line":6,"column":21},"end":{"line":6,"column":49}},"5":{"start":{"line":7,"column":10},"end":{"line":14,"column":1}},"6":{"start":{"line":15,"column":17},"end":{"line":15,"column":40}},"7":{"start":{"line":16,"column":21},"end":{"line":16,"column":55}}},"fnMap":{},"branchMap":{},"s":{"0":1,"1":1,"2":1,"3":1,"4":1,"5":1,"6":1,"7":1},"f":{},"b":{},"_coverageSchema":"1a1c01bbd47fc00a2c39e90264f33305004495a9","hash":"3067135e744fdd11fa85e120f145b84b7d2d09e0"}
}
