TN:
SF:build\app.js
FN:2,(anonymous_0)
FN:18,(anonymous_1)
FN:19,App
FN:30,(anonymous_3)
FN:31,(anonymous_4)
FN:36,(anonymous_5)
FN:38,(anonymous_6)
FN:43,(anonymous_7)
FNF:8
FNH:8
FNDA:9,(anonymous_0)
FNDA:3,(anonymous_1)
FNDA:3,App
FNDA:3,(anonymous_3)
FNDA:1,(anonymous_4)
FNDA:3,(anonymous_5)
FNDA:9,(anonymous_6)
FNDA:9,(anonymous_7)
DA:2,3
DA:3,9
DA:5,3
DA:6,3
DA:7,3
DA:8,3
DA:9,3
DA:10,3
DA:11,3
DA:12,3
DA:13,3
DA:14,3
DA:15,3
DA:16,3
DA:17,3
DA:18,3
DA:20,3
DA:21,3
DA:22,3
DA:23,3
DA:24,3
DA:25,3
DA:26,3
DA:27,3
DA:28,3
DA:30,3
DA:31,3
DA:32,1
DA:34,3
DA:36,3
DA:37,3
DA:38,3
DA:39,9
DA:40,9
DA:43,3
DA:44,9
DA:50,9
DA:51,2
DA:53,9
DA:55,3
DA:57,3
LF:41
LH:41
BRDA:2,0,0,3
BRDA:2,0,1,0
BRDA:2,0,2,3
BRDA:3,1,0,0
BRDA:3,1,1,9
BRDA:3,2,0,9
BRDA:3,2,1,9
BRDA:50,3,0,2
BRDA:50,3,1,7
BRDA:50,4,0,9
BRDA:50,4,1,9
BRF:11
BRH:9
end_of_record
TN:
SF:build\server.js
FN:2,(anonymous_0)
FNF:1
FNH:1
FNDA:3,(anonymous_0)
DA:2,3
DA:3,3
DA:5,3
DA:6,3
DA:7,3
DA:8,3
DA:9,3
DA:10,3
DA:11,3
LF:9
LH:9
BRDA:2,0,0,3
BRDA:2,0,1,0
BRDA:2,0,2,3
BRDA:3,1,0,0
BRDA:3,1,1,3
BRDA:3,2,0,3
BRDA:3,2,1,3
BRDA:10,3,0,3
BRDA:10,3,1,0
BRF:9
BRH:6
end_of_record
TN:
SF:build\articles\article.controller.js
FN:2,(anonymous_0)
FN:8,(anonymous_1)
FN:11,(anonymous_2)
FN:12,(anonymous_3)
FN:14,(anonymous_4)
FN:15,adopt
FN:15,(anonymous_6)
FN:16,(anonymous_7)
FN:17,fulfilled
FN:18,rejected
FN:19,step
FN:23,(anonymous_11)
FN:24,(anonymous_12)
FN:25,(anonymous_13)
FN:26,verb
FN:26,(anonymous_15)
FN:27,step
FN:56,(anonymous_17)
FN:57,ArticleController
FN:60,(anonymous_19)
FN:61,(anonymous_20)
FN:62,(anonymous_21)
FN:64,(anonymous_22)
FN:65,(anonymous_23)
FN:72,(anonymous_24)
FN:74,(anonymous_25)
FN:75,(anonymous_26)
FN:79,(anonymous_27)
FN:81,(anonymous_28)
FN:84,(anonymous_29)
FN:88,(anonymous_30)
FN:90,(anonymous_31)
FN:93,(anonymous_32)
FN:97,(anonymous_33)
FN:99,(anonymous_34)
FN:102,(anonymous_35)
FN:106,(anonymous_36)
FN:108,(anonymous_37)
FN:109,(anonymous_38)
FN:113,(anonymous_39)
FN:115,(anonymous_40)
FN:116,(anonymous_41)
FN:120,(anonymous_42)
FN:121,(anonymous_43)
FN:121,(anonymous_44)
FN:126,(anonymous_45)
FN:127,(anonymous_46)
FN:127,(anonymous_47)
FN:132,(anonymous_48)
FN:134,(anonymous_49)
FN:135,(anonymous_50)
FN:139,(anonymous_51)
FN:141,(anonymous_52)
FN:142,(anonymous_53)
FN:146,(anonymous_54)
FN:148,(anonymous_55)
FN:149,(anonymous_56)
FN:153,(anonymous_57)
FN:154,(anonymous_58)
FN:155,(anonymous_59)
FN:157,(anonymous_60)
FN:158,(anonymous_61)
FN:165,(anonymous_62)
FN:166,(anonymous_63)
FN:167,(anonymous_64)
FN:169,(anonymous_65)
FN:170,(anonymous_66)
FN:177,(anonymous_67)
FN:178,(anonymous_68)
FN:179,(anonymous_69)
FN:181,(anonymous_70)
FN:182,(anonymous_71)
FN:189,(anonymous_72)
FN:191,(anonymous_73)
FN:192,(anonymous_74)
FN:196,(anonymous_75)
FN:197,(anonymous_76)
FN:199,(anonymous_77)
FNF:78
FNH:6
FNDA:3,(anonymous_0)
FNDA:3,(anonymous_1)
FNDA:3,(anonymous_2)
FNDA:3,(anonymous_3)
FNDA:0,(anonymous_4)
FNDA:0,adopt
FNDA:0,(anonymous_6)
FNDA:0,(anonymous_7)
FNDA:0,fulfilled
FNDA:0,rejected
FNDA:0,step
FNDA:0,(anonymous_11)
FNDA:0,(anonymous_12)
FNDA:0,(anonymous_13)
FNDA:0,verb
FNDA:0,(anonymous_15)
FNDA:0,step
FNDA:3,(anonymous_17)
FNDA:3,ArticleController
FNDA:0,(anonymous_19)
FNDA:0,(anonymous_20)
FNDA:0,(anonymous_21)
FNDA:0,(anonymous_22)
FNDA:0,(anonymous_23)
FNDA:0,(anonymous_24)
FNDA:0,(anonymous_25)
FNDA:0,(anonymous_26)
FNDA:0,(anonymous_27)
FNDA:0,(anonymous_28)
FNDA:0,(anonymous_29)
FNDA:0,(anonymous_30)
FNDA:0,(anonymous_31)
FNDA:0,(anonymous_32)
FNDA:0,(anonymous_33)
FNDA:0,(anonymous_34)
FNDA:0,(anonymous_35)
FNDA:0,(anonymous_36)
FNDA:0,(anonymous_37)
FNDA:0,(anonymous_38)
FNDA:0,(anonymous_39)
FNDA:0,(anonymous_40)
FNDA:0,(anonymous_41)
FNDA:0,(anonymous_42)
FNDA:0,(anonymous_43)
FNDA:0,(anonymous_44)
FNDA:0,(anonymous_45)
FNDA:0,(anonymous_46)
FNDA:0,(anonymous_47)
FNDA:0,(anonymous_48)
FNDA:0,(anonymous_49)
FNDA:0,(anonymous_50)
FNDA:0,(anonymous_51)
FNDA:0,(anonymous_52)
FNDA:0,(anonymous_53)
FNDA:0,(anonymous_54)
FNDA:0,(anonymous_55)
FNDA:0,(anonymous_56)
FNDA:0,(anonymous_57)
FNDA:0,(anonymous_58)
FNDA:0,(anonymous_59)
FNDA:0,(anonymous_60)
FNDA:0,(anonymous_61)
FNDA:0,(anonymous_62)
FNDA:0,(anonymous_63)
FNDA:0,(anonymous_64)
FNDA:0,(anonymous_65)
FNDA:0,(anonymous_66)
FNDA:0,(anonymous_67)
FNDA:0,(anonymous_68)
FNDA:0,(anonymous_69)
FNDA:0,(anonymous_70)
FNDA:0,(anonymous_71)
FNDA:0,(anonymous_72)
FNDA:0,(anonymous_73)
FNDA:0,(anonymous_74)
FNDA:0,(anonymous_75)
FNDA:0,(anonymous_76)
FNDA:0,(anonymous_77)
DA:2,3
DA:3,3
DA:4,3
DA:5,0
DA:6,3
DA:8,3
DA:9,3
DA:11,3
DA:12,3
DA:14,3
DA:15,0
DA:16,0
DA:17,0
DA:18,0
DA:19,0
DA:20,0
DA:23,3
DA:24,0
DA:25,0
DA:26,0
DA:28,0
DA:29,0
DA:30,0
DA:31,0
DA:32,0
DA:33,0
DA:34,0
DA:35,0
DA:36,0
DA:38,0
DA:39,0
DA:40,0
DA:41,0
DA:42,0
DA:43,0
DA:45,0
DA:46,0
DA:47,0
DA:50,3
DA:51,3
DA:52,3
DA:53,3
DA:54,3
DA:55,3
DA:56,3
DA:58,3
DA:60,3
DA:61,0
DA:62,0
DA:63,0
DA:64,0
DA:66,0
DA:68,0
DA:72,3
DA:73,0
DA:74,0
DA:76,0
DA:79,3
DA:80,0
DA:82,0
DA:85,0
DA:88,3
DA:89,0
DA:91,0
DA:94,0
DA:97,3
DA:98,0
DA:100,0
DA:103,0
DA:106,3
DA:107,0
DA:108,0
DA:110,0
DA:113,3
DA:114,0
DA:115,0
DA:117,0
DA:120,3
DA:121,0
DA:122,0
DA:123,0
DA:126,3
DA:127,0
DA:128,0
DA:129,0
DA:132,3
DA:133,0
DA:134,0
DA:136,0
DA:139,3
DA:140,0
DA:141,0
DA:143,0
DA:146,3
DA:147,0
DA:148,0
DA:150,0
DA:153,3
DA:154,0
DA:155,0
DA:156,0
DA:157,0
DA:159,0
DA:161,0
DA:165,3
DA:166,0
DA:167,0
DA:168,0
DA:169,0
DA:171,0
DA:173,0
DA:177,3
DA:178,0
DA:179,0
DA:180,0
DA:181,0
DA:183,0
DA:185,0
DA:189,3
DA:190,0
DA:191,0
DA:193,0
DA:196,3
DA:197,0
DA:199,0
DA:200,0
DA:202,0
DA:203,0
DA:205,0
DA:206,0
DA:207,0
DA:209,0
DA:210,0
DA:211,0
DA:212,0
DA:217,3
DA:222,3
LF:137
LH:37
BRDA:2,0,0,3
BRDA:2,0,1,0
BRDA:2,0,2,3
BRDA:3,1,0,3
BRDA:3,1,1,0
BRDA:3,2,0,0
BRDA:3,2,1,0
BRDA:4,3,0,3
BRDA:4,3,1,0
BRDA:4,4,0,3
BRDA:4,4,1,3
BRDA:5,5,0,0
BRDA:5,5,1,0
BRDA:5,6,0,0
BRDA:5,6,1,0
BRDA:5,7,0,0
BRDA:5,7,1,0
BRDA:5,8,0,0
BRDA:5,8,1,0
BRDA:6,9,0,3
BRDA:6,9,1,0
BRDA:6,9,2,0
BRDA:8,10,0,3
BRDA:8,10,1,0
BRDA:8,10,2,3
BRDA:9,11,0,3
BRDA:9,11,1,0
BRDA:9,12,0,3
BRDA:9,12,1,3
BRDA:11,13,0,3
BRDA:11,13,1,0
BRDA:11,13,2,3
BRDA:14,14,0,3
BRDA:14,14,1,0
BRDA:14,14,2,3
BRDA:15,15,0,0
BRDA:15,15,1,0
BRDA:16,16,0,0
BRDA:16,16,1,0
BRDA:19,17,0,0
BRDA:19,17,1,0
BRDA:20,18,0,0
BRDA:20,18,1,0
BRDA:23,19,0,3
BRDA:23,19,1,0
BRDA:23,19,2,3
BRDA:24,20,0,0
BRDA:24,20,1,0
BRDA:25,21,0,0
BRDA:25,21,1,0
BRDA:28,22,0,0
BRDA:28,22,1,0
BRDA:29,23,0,0
BRDA:29,23,1,0
BRDA:29,24,0,0
BRDA:29,24,1,0
BRDA:30,25,0,0
BRDA:30,25,1,0
BRDA:30,26,0,0
BRDA:30,26,1,0
BRDA:30,26,2,0
BRDA:30,27,0,0
BRDA:30,27,1,0
BRDA:30,28,0,0
BRDA:30,28,1,0
BRDA:30,29,0,0
BRDA:30,29,1,0
BRDA:30,30,0,0
BRDA:30,30,1,0
BRDA:31,31,0,0
BRDA:31,31,1,0
BRDA:32,32,0,0
BRDA:32,32,1,0
BRDA:32,32,2,0
BRDA:32,32,3,0
BRDA:32,32,4,0
BRDA:32,32,5,0
BRDA:38,33,0,0
BRDA:38,33,1,0
BRDA:38,34,0,0
BRDA:38,34,1,0
BRDA:38,34,2,0
BRDA:38,35,0,0
BRDA:38,35,1,0
BRDA:39,36,0,0
BRDA:39,36,1,0
BRDA:39,37,0,0
BRDA:39,37,1,0
BRDA:39,37,2,0
BRDA:39,37,3,0
BRDA:40,38,0,0
BRDA:40,38,1,0
BRDA:40,39,0,0
BRDA:40,39,1,0
BRDA:41,40,0,0
BRDA:41,40,1,0
BRDA:41,41,0,0
BRDA:41,41,1,0
BRDA:42,42,0,0
BRDA:42,42,1,0
BRDA:47,43,0,0
BRDA:47,43,1,0
BRDA:47,44,0,0
BRDA:47,44,1,0
BRDA:200,45,0,0
BRDA:200,45,1,0
BRDA:200,45,2,0
BRDA:200,45,3,0
BRF:108
BRH:18
end_of_record
TN:
SF:build\articles\article.facade.js
FN:2,(anonymous_0)
FN:3,(anonymous_1)
FN:13,(anonymous_2)
FN:19,(anonymous_3)
FN:22,(anonymous_4)
FN:23,(anonymous_5)
FN:25,(anonymous_6)
FN:26,adopt
FN:26,(anonymous_8)
FN:27,(anonymous_9)
FN:28,fulfilled
FN:29,rejected
FN:30,step
FN:34,(anonymous_13)
FN:35,(anonymous_14)
FN:36,(anonymous_15)
FN:37,verb
FN:37,(anonymous_17)
FN:38,step
FN:61,(anonymous_19)
FN:72,(anonymous_20)
FN:89,(anonymous_21)
FN:90,ArticleFacade
FN:93,(anonymous_23)
FN:94,(anonymous_24)
FN:96,(anonymous_25)
FN:112,(anonymous_26)
FN:113,(anonymous_27)
FN:115,(anonymous_28)
FN:125,(anonymous_29)
FN:134,(anonymous_30)
FN:135,(anonymous_31)
FN:137,(anonymous_32)
FN:153,(anonymous_33)
FN:154,(anonymous_34)
FN:156,(anonymous_35)
FN:173,(anonymous_36)
FN:174,(anonymous_37)
FN:176,(anonymous_38)
FN:195,(anonymous_39)
FN:196,(anonymous_40)
FN:198,(anonymous_41)
FN:212,(anonymous_42)
FN:213,(anonymous_43)
FN:215,(anonymous_44)
FN:223,(anonymous_45)
FN:232,(anonymous_46)
FN:233,(anonymous_47)
FN:235,(anonymous_48)
FN:264,(anonymous_49)
FN:265,(anonymous_50)
FN:267,(anonymous_51)
FN:302,(anonymous_52)
FN:303,(anonymous_53)
FN:305,(anonymous_54)
FN:318,(anonymous_55)
FN:319,(anonymous_56)
FN:321,(anonymous_57)
FN:336,(anonymous_58)
FN:337,(anonymous_59)
FN:339,(anonymous_60)
FN:359,(anonymous_61)
FN:372,(anonymous_62)
FN:373,(anonymous_63)
FN:375,(anonymous_64)
FN:385,(anonymous_65)
FN:394,(anonymous_66)
FN:395,(anonymous_67)
FN:398,(anonymous_68)
FN:407,(anonymous_69)
FN:408,(anonymous_70)
FN:410,(anonymous_71)
FN:429,(anonymous_72)
FN:430,(anonymous_73)
FN:432,(anonymous_74)
FN:451,(anonymous_75)
FN:452,(anonymous_76)
FN:454,(anonymous_77)
FN:464,(anonymous_78)
FN:465,(anonymous_79)
FN:467,(anonymous_80)
FNF:81
FNH:6
FNDA:0,(anonymous_0)
FNDA:0,(anonymous_1)
FNDA:3,(anonymous_2)
FNDA:3,(anonymous_3)
FNDA:3,(anonymous_4)
FNDA:3,(anonymous_5)
FNDA:0,(anonymous_6)
FNDA:0,adopt
FNDA:0,(anonymous_8)
FNDA:0,(anonymous_9)
FNDA:0,fulfilled
FNDA:0,rejected
FNDA:0,step
FNDA:0,(anonymous_13)
FNDA:0,(anonymous_14)
FNDA:0,(anonymous_15)
FNDA:0,verb
FNDA:0,(anonymous_17)
FNDA:0,step
FNDA:0,(anonymous_19)
FNDA:0,(anonymous_20)
FNDA:3,(anonymous_21)
FNDA:3,ArticleFacade
FNDA:0,(anonymous_23)
FNDA:0,(anonymous_24)
FNDA:0,(anonymous_25)
FNDA:0,(anonymous_26)
FNDA:0,(anonymous_27)
FNDA:0,(anonymous_28)
FNDA:0,(anonymous_29)
FNDA:0,(anonymous_30)
FNDA:0,(anonymous_31)
FNDA:0,(anonymous_32)
FNDA:0,(anonymous_33)
FNDA:0,(anonymous_34)
FNDA:0,(anonymous_35)
FNDA:0,(anonymous_36)
FNDA:0,(anonymous_37)
FNDA:0,(anonymous_38)
FNDA:0,(anonymous_39)
FNDA:0,(anonymous_40)
FNDA:0,(anonymous_41)
FNDA:0,(anonymous_42)
FNDA:0,(anonymous_43)
FNDA:0,(anonymous_44)
FNDA:0,(anonymous_45)
FNDA:0,(anonymous_46)
FNDA:0,(anonymous_47)
FNDA:0,(anonymous_48)
FNDA:0,(anonymous_49)
FNDA:0,(anonymous_50)
FNDA:0,(anonymous_51)
FNDA:0,(anonymous_52)
FNDA:0,(anonymous_53)
FNDA:0,(anonymous_54)
FNDA:0,(anonymous_55)
FNDA:0,(anonymous_56)
FNDA:0,(anonymous_57)
FNDA:0,(anonymous_58)
FNDA:0,(anonymous_59)
FNDA:0,(anonymous_60)
FNDA:0,(anonymous_61)
FNDA:0,(anonymous_62)
FNDA:0,(anonymous_63)
FNDA:0,(anonymous_64)
FNDA:0,(anonymous_65)
FNDA:0,(anonymous_66)
FNDA:0,(anonymous_67)
FNDA:0,(anonymous_68)
FNDA:0,(anonymous_69)
FNDA:0,(anonymous_70)
FNDA:0,(anonymous_71)
FNDA:0,(anonymous_72)
FNDA:0,(anonymous_73)
FNDA:0,(anonymous_74)
FNDA:0,(anonymous_75)
FNDA:0,(anonymous_76)
FNDA:0,(anonymous_77)
FNDA:0,(anonymous_78)
FNDA:0,(anonymous_79)
FNDA:0,(anonymous_80)
DA:2,3
DA:3,0
DA:4,0
DA:5,0
DA:6,0
DA:7,0
DA:9,0
DA:11,0
DA:13,3
DA:14,3
DA:15,3
DA:16,0
DA:17,3
DA:19,3
DA:20,3
DA:22,3
DA:23,3
DA:25,3
DA:26,0
DA:27,0
DA:28,0
DA:29,0
DA:30,0
DA:31,0
DA:34,3
DA:35,0
DA:36,0
DA:37,0
DA:39,0
DA:40,0
DA:41,0
DA:42,0
DA:43,0
DA:44,0
DA:45,0
DA:46,0
DA:47,0
DA:49,0
DA:50,0
DA:51,0
DA:52,0
DA:53,0
DA:54,0
DA:56,0
DA:57,0
DA:58,0
DA:61,3
DA:62,0
DA:63,0
DA:64,0
DA:65,0
DA:66,0
DA:67,0
DA:68,0
DA:70,0
DA:72,3
DA:73,0
DA:74,0
DA:75,0
DA:76,0
DA:79,0
DA:81,3
DA:82,3
DA:83,3
DA:84,3
DA:85,3
DA:86,3
DA:87,3
DA:88,3
DA:89,3
DA:91,3
DA:93,3
DA:94,0
DA:96,0
DA:97,0
DA:99,0
DA:100,0
DA:102,0
DA:103,0
DA:105,0
DA:106,0
DA:107,0
DA:112,3
DA:113,0
DA:115,0
DA:116,0
DA:118,0
DA:119,0
DA:121,0
DA:122,0
DA:123,0
DA:125,0
DA:126,0
DA:127,0
DA:129,0
DA:134,3
DA:135,0
DA:137,0
DA:138,0
DA:140,0
DA:141,0
DA:142,0
DA:144,0
DA:145,0
DA:146,0
DA:148,0
DA:153,3
DA:154,0
DA:156,0
DA:157,0
DA:159,0
DA:160,0
DA:161,0
DA:163,0
DA:164,0
DA:165,0
DA:168,0
DA:173,3
DA:174,0
DA:176,0
DA:177,0
DA:179,0
DA:180,0
DA:181,0
DA:183,0
DA:184,0
DA:186,0
DA:187,0
DA:188,0
DA:190,0
DA:195,3
DA:196,0
DA:198,0
DA:199,0
DA:201,0
DA:202,0
DA:204,0
DA:205,0
DA:207,0
DA:212,3
DA:213,0
DA:215,0
DA:216,0
DA:217,0
DA:219,0
DA:220,0
DA:221,0
DA:223,0
DA:224,0
DA:225,0
DA:227,0
DA:232,3
DA:233,0
DA:235,0
DA:236,0
DA:237,0
DA:239,0
DA:240,0
DA:241,0
DA:243,0
DA:244,0
DA:245,0
DA:247,0
DA:259,0
DA:264,3
DA:265,0
DA:267,0
DA:268,0
DA:270,0
DA:271,0
DA:273,0
DA:274,0
DA:275,0
DA:277,0
DA:278,0
DA:284,0
DA:285,0
DA:286,0
DA:287,0
DA:288,0
DA:289,0
DA:292,0
DA:295,0
DA:297,0
DA:302,3
DA:303,0
DA:305,0
DA:306,0
DA:307,0
DA:309,0
DA:310,0
DA:311,0
DA:313,0
DA:318,3
DA:319,0
DA:321,0
DA:322,0
DA:324,0
DA:325,0
DA:327,0
DA:328,0
DA:329,0
DA:331,0
DA:336,3
DA:337,0
DA:339,0
DA:340,0
DA:342,0
DA:343,0
DA:345,0
DA:346,0
DA:347,0
DA:349,0
DA:351,0
DA:352,0
DA:353,0
DA:355,0
DA:356,0
DA:357,0
DA:359,0
DA:360,0
DA:361,0
DA:363,0
DA:364,0
DA:366,0
DA:367,0
DA:372,3
DA:373,0
DA:375,0
DA:376,0
DA:378,0
DA:379,0
DA:381,0
DA:382,0
DA:383,0
DA:385,0
DA:386,0
DA:387,0
DA:389,0
DA:394,3
DA:395,0
DA:398,0
DA:399,0
DA:400,0
DA:401,0
DA:403,0
DA:407,3
DA:408,0
DA:410,0
DA:411,0
DA:413,0
DA:414,0
DA:416,0
DA:417,0
DA:418,0
DA:420,0
DA:421,0
DA:424,0
DA:429,3
DA:430,0
DA:432,0
DA:433,0
DA:435,0
DA:436,0
DA:438,0
DA:439,0
DA:440,0
DA:442,0
DA:443,0
DA:446,0
DA:451,3
DA:452,0
DA:454,0
DA:455,0
DA:457,0
DA:458,0
DA:459,0
DA:464,3
DA:465,0
DA:467,0
DA:468,0
DA:470,0
DA:471,0
DA:473,0
DA:474,0
DA:479,3
DA:484,3
LF:287
LH:43
BRDA:2,0,0,3
BRDA:2,0,1,0
BRDA:2,0,2,3
BRDA:3,1,0,0
BRDA:3,1,1,0
BRDA:6,2,0,0
BRDA:6,2,1,0
BRDA:13,3,0,3
BRDA:13,3,1,0
BRDA:13,3,2,3
BRDA:14,4,0,3
BRDA:14,4,1,0
BRDA:14,5,0,0
BRDA:14,5,1,0
BRDA:15,6,0,3
BRDA:15,6,1,0
BRDA:15,7,0,3
BRDA:15,7,1,3
BRDA:16,8,0,0
BRDA:16,8,1,0
BRDA:16,9,0,0
BRDA:16,9,1,0
BRDA:16,10,0,0
BRDA:16,10,1,0
BRDA:16,11,0,0
BRDA:16,11,1,0
BRDA:17,12,0,3
BRDA:17,12,1,0
BRDA:17,12,2,0
BRDA:19,13,0,3
BRDA:19,13,1,0
BRDA:19,13,2,3
BRDA:20,14,0,3
BRDA:20,14,1,0
BRDA:20,15,0,3
BRDA:20,15,1,3
BRDA:22,16,0,3
BRDA:22,16,1,0
BRDA:22,16,2,3
BRDA:25,17,0,3
BRDA:25,17,1,0
BRDA:25,17,2,3
BRDA:26,18,0,0
BRDA:26,18,1,0
BRDA:27,19,0,0
BRDA:27,19,1,0
BRDA:30,20,0,0
BRDA:30,20,1,0
BRDA:31,21,0,0
BRDA:31,21,1,0
BRDA:34,22,0,3
BRDA:34,22,1,0
BRDA:34,22,2,3
BRDA:35,23,0,0
BRDA:35,23,1,0
BRDA:36,24,0,0
BRDA:36,24,1,0
BRDA:39,25,0,0
BRDA:39,25,1,0
BRDA:40,26,0,0
BRDA:40,26,1,0
BRDA:40,27,0,0
BRDA:40,27,1,0
BRDA:41,28,0,0
BRDA:41,28,1,0
BRDA:41,29,0,0
BRDA:41,29,1,0
BRDA:41,29,2,0
BRDA:41,30,0,0
BRDA:41,30,1,0
BRDA:41,31,0,0
BRDA:41,31,1,0
BRDA:41,32,0,0
BRDA:41,32,1,0
BRDA:41,33,0,0
BRDA:41,33,1,0
BRDA:42,34,0,0
BRDA:42,34,1,0
BRDA:43,35,0,0
BRDA:43,35,1,0
BRDA:43,35,2,0
BRDA:43,35,3,0
BRDA:43,35,4,0
BRDA:43,35,5,0
BRDA:49,36,0,0
BRDA:49,36,1,0
BRDA:49,37,0,0
BRDA:49,37,1,0
BRDA:49,37,2,0
BRDA:49,38,0,0
BRDA:49,38,1,0
BRDA:50,39,0,0
BRDA:50,39,1,0
BRDA:50,40,0,0
BRDA:50,40,1,0
BRDA:50,40,2,0
BRDA:50,40,3,0
BRDA:51,41,0,0
BRDA:51,41,1,0
BRDA:51,42,0,0
BRDA:51,42,1,0
BRDA:52,43,0,0
BRDA:52,43,1,0
BRDA:52,44,0,0
BRDA:52,44,1,0
BRDA:53,45,0,0
BRDA:53,45,1,0
BRDA:58,46,0,0
BRDA:58,46,1,0
BRDA:58,47,0,0
BRDA:58,47,1,0
BRDA:61,48,0,3
BRDA:61,48,1,0
BRDA:61,48,2,3
BRDA:63,49,0,0
BRDA:63,49,1,0
BRDA:63,50,0,0
BRDA:63,50,1,0
BRDA:65,51,0,0
BRDA:65,51,1,0
BRDA:65,52,0,0
BRDA:65,52,1,0
BRDA:67,53,0,0
BRDA:67,53,1,0
BRDA:67,54,0,0
BRDA:67,54,1,0
BRDA:72,55,0,3
BRDA:72,55,1,0
BRDA:72,55,2,3
BRDA:73,56,0,0
BRDA:73,56,1,0
BRDA:73,57,0,0
BRDA:73,57,1,0
BRDA:74,58,0,0
BRDA:74,58,1,0
BRDA:74,59,0,0
BRDA:74,59,1,0
BRDA:75,60,0,0
BRDA:75,60,1,0
BRDA:79,61,0,0
BRDA:79,61,1,0
BRDA:97,62,0,0
BRDA:97,62,1,0
BRDA:97,62,2,0
BRDA:97,62,3,0
BRDA:116,63,0,0
BRDA:116,63,1,0
BRDA:122,64,0,0
BRDA:122,64,1,0
BRDA:138,65,0,0
BRDA:138,65,1,0
BRDA:145,66,0,0
BRDA:145,66,1,0
BRDA:157,67,0,0
BRDA:157,67,1,0
BRDA:164,68,0,0
BRDA:164,68,1,0
BRDA:177,69,0,0
BRDA:177,69,1,0
BRDA:180,70,0,0
BRDA:180,70,1,0
BRDA:187,71,0,0
BRDA:187,71,1,0
BRDA:199,72,0,0
BRDA:199,72,1,0
BRDA:204,73,0,0
BRDA:204,73,1,0
BRDA:216,74,0,0
BRDA:216,74,1,0
BRDA:220,75,0,0
BRDA:220,75,1,0
BRDA:236,76,0,0
BRDA:236,76,1,0
BRDA:240,77,0,0
BRDA:240,77,1,0
BRDA:268,78,0,0
BRDA:268,78,1,0
BRDA:274,79,0,0
BRDA:274,79,1,0
BRDA:288,80,0,0
BRDA:288,80,1,0
BRDA:306,81,0,0
BRDA:306,81,1,0
BRDA:310,82,0,0
BRDA:310,82,1,0
BRDA:322,83,0,0
BRDA:322,83,1,0
BRDA:328,84,0,0
BRDA:328,84,1,0
BRDA:340,85,0,0
BRDA:340,85,1,0
BRDA:340,85,2,0
BRDA:340,85,3,0
BRDA:342,86,0,0
BRDA:342,86,1,0
BRDA:346,87,0,0
BRDA:346,87,1,0
BRDA:352,88,0,0
BRDA:352,88,1,0
BRDA:352,89,0,0
BRDA:352,89,1,0
BRDA:356,90,0,0
BRDA:356,90,1,0
BRDA:363,91,0,0
BRDA:363,91,1,0
BRDA:376,92,0,0
BRDA:376,92,1,0
BRDA:382,93,0,0
BRDA:382,93,1,0
BRDA:382,94,0,0
BRDA:382,94,1,0
BRDA:387,95,0,0
BRDA:387,95,1,0
BRDA:387,96,0,0
BRDA:387,96,1,0
BRDA:387,97,0,0
BRDA:387,97,1,0
BRDA:387,98,0,0
BRDA:387,98,1,0
BRDA:387,99,0,0
BRDA:387,99,1,0
BRDA:387,100,0,0
BRDA:387,100,1,0
BRDA:411,101,0,0
BRDA:411,101,1,0
BRDA:413,102,0,0
BRDA:413,102,1,0
BRDA:417,103,0,0
BRDA:417,103,1,0
BRDA:433,104,0,0
BRDA:433,104,1,0
BRDA:435,105,0,0
BRDA:435,105,1,0
BRDA:439,106,0,0
BRDA:439,106,1,0
BRDA:455,107,0,0
BRDA:455,107,1,0
BRDA:468,108,0,0
BRDA:468,108,1,0
BRF:239
BRH:24
end_of_record
TN:
SF:build\articles\article.service.js
FN:2,(anonymous_0)
FN:3,(anonymous_1)
FN:13,(anonymous_2)
FN:19,(anonymous_3)
FN:22,(anonymous_4)
FN:23,(anonymous_5)
FN:25,(anonymous_6)
FN:26,adopt
FN:26,(anonymous_8)
FN:27,(anonymous_9)
FN:28,fulfilled
FN:29,rejected
FN:30,step
FN:34,(anonymous_13)
FN:35,(anonymous_14)
FN:36,(anonymous_15)
FN:37,verb
FN:37,(anonymous_17)
FN:38,step
FN:61,(anonymous_19)
FN:72,(anonymous_20)
FN:81,(anonymous_21)
FN:96,(anonymous_22)
FN:97,ArticleService
FN:101,(anonymous_24)
FN:102,(anonymous_25)
FN:103,(anonymous_26)
FN:111,(anonymous_27)
FN:112,(anonymous_28)
FN:113,(anonymous_29)
FN:129,(anonymous_30)
FN:130,(anonymous_31)
FN:133,(anonymous_32)
FN:164,(anonymous_33)
FN:165,(anonymous_34)
FN:167,(anonymous_35)
FN:209,(anonymous_36)
FN:210,(anonymous_37)
FN:212,(anonymous_38)
FN:275,(anonymous_39)
FN:276,(anonymous_40)
FN:278,(anonymous_41)
FN:301,(anonymous_42)
FN:302,(anonymous_43)
FN:304,(anonymous_44)
FN:344,(anonymous_45)
FN:345,(anonymous_46)
FN:347,(anonymous_47)
FN:372,(anonymous_48)
FN:373,(anonymous_49)
FN:375,(anonymous_50)
FN:396,(anonymous_51)
FN:397,(anonymous_52)
FN:399,(anonymous_53)
FN:432,(anonymous_54)
FN:433,(anonymous_55)
FN:435,(anonymous_56)
FN:458,(anonymous_57)
FN:459,(anonymous_58)
FN:461,(anonymous_59)
FN:485,(anonymous_60)
FN:486,(anonymous_61)
FN:488,(anonymous_62)
FN:519,(anonymous_63)
FN:520,(anonymous_64)
FN:522,(anonymous_65)
FN:526,(anonymous_66)
FN:568,(anonymous_67)
FN:595,(anonymous_68)
FN:611,(anonymous_69)
FN:612,(anonymous_70)
FN:614,(anonymous_71)
FN:617,(anonymous_72)
FN:637,(anonymous_73)
FN:641,(anonymous_74)
FN:642,(anonymous_75)
FN:644,(anonymous_76)
FN:675,(anonymous_77)
FN:676,(anonymous_78)
FN:678,(anonymous_79)
FN:708,(anonymous_80)
FN:709,(anonymous_81)
FN:711,(anonymous_82)
FN:739,(anonymous_83)
FN:748,(anonymous_84)
FN:749,(anonymous_85)
FN:751,(anonymous_86)
FN:821,(anonymous_87)
FN:822,(anonymous_88)
FN:824,(anonymous_89)
FNF:90
FNH:7
FNDA:0,(anonymous_0)
FNDA:0,(anonymous_1)
FNDA:3,(anonymous_2)
FNDA:3,(anonymous_3)
FNDA:6,(anonymous_4)
FNDA:6,(anonymous_5)
FNDA:0,(anonymous_6)
FNDA:0,adopt
FNDA:0,(anonymous_8)
FNDA:0,(anonymous_9)
FNDA:0,fulfilled
FNDA:0,rejected
FNDA:0,step
FNDA:0,(anonymous_13)
FNDA:0,(anonymous_14)
FNDA:0,(anonymous_15)
FNDA:0,verb
FNDA:0,(anonymous_17)
FNDA:0,step
FNDA:0,(anonymous_19)
FNDA:0,(anonymous_20)
FNDA:3,(anonymous_21)
FNDA:3,(anonymous_22)
FNDA:3,ArticleService
FNDA:0,(anonymous_24)
FNDA:0,(anonymous_25)
FNDA:0,(anonymous_26)
FNDA:0,(anonymous_27)
FNDA:0,(anonymous_28)
FNDA:0,(anonymous_29)
FNDA:0,(anonymous_30)
FNDA:0,(anonymous_31)
FNDA:0,(anonymous_32)
FNDA:0,(anonymous_33)
FNDA:0,(anonymous_34)
FNDA:0,(anonymous_35)
FNDA:0,(anonymous_36)
FNDA:0,(anonymous_37)
FNDA:0,(anonymous_38)
FNDA:0,(anonymous_39)
FNDA:0,(anonymous_40)
FNDA:0,(anonymous_41)
FNDA:0,(anonymous_42)
FNDA:0,(anonymous_43)
FNDA:0,(anonymous_44)
FNDA:0,(anonymous_45)
FNDA:0,(anonymous_46)
FNDA:0,(anonymous_47)
FNDA:0,(anonymous_48)
FNDA:0,(anonymous_49)
FNDA:0,(anonymous_50)
FNDA:0,(anonymous_51)
FNDA:0,(anonymous_52)
FNDA:0,(anonymous_53)
FNDA:0,(anonymous_54)
FNDA:0,(anonymous_55)
FNDA:0,(anonymous_56)
FNDA:0,(anonymous_57)
FNDA:0,(anonymous_58)
FNDA:0,(anonymous_59)
FNDA:0,(anonymous_60)
FNDA:0,(anonymous_61)
FNDA:0,(anonymous_62)
FNDA:0,(anonymous_63)
FNDA:0,(anonymous_64)
FNDA:0,(anonymous_65)
FNDA:0,(anonymous_66)
FNDA:0,(anonymous_67)
FNDA:0,(anonymous_68)
FNDA:0,(anonymous_69)
FNDA:0,(anonymous_70)
FNDA:0,(anonymous_71)
FNDA:0,(anonymous_72)
FNDA:0,(anonymous_73)
FNDA:0,(anonymous_74)
FNDA:0,(anonymous_75)
FNDA:0,(anonymous_76)
FNDA:0,(anonymous_77)
FNDA:0,(anonymous_78)
FNDA:0,(anonymous_79)
FNDA:0,(anonymous_80)
FNDA:0,(anonymous_81)
FNDA:0,(anonymous_82)
FNDA:0,(anonymous_83)
FNDA:0,(anonymous_84)
FNDA:0,(anonymous_85)
FNDA:0,(anonymous_86)
FNDA:0,(anonymous_87)
FNDA:0,(anonymous_88)
FNDA:0,(anonymous_89)
DA:2,3
DA:3,0
DA:4,0
DA:5,0
DA:6,0
DA:7,0
DA:9,0
DA:11,0
DA:13,3
DA:14,3
DA:15,3
DA:16,0
DA:17,3
DA:19,3
DA:20,3
DA:22,3
DA:23,6
DA:25,3
DA:26,0
DA:27,0
DA:28,0
DA:29,0
DA:30,0
DA:31,0
DA:34,3
DA:35,0
DA:36,0
DA:37,0
DA:39,0
DA:40,0
DA:41,0
DA:42,0
DA:43,0
DA:44,0
DA:45,0
DA:46,0
DA:47,0
DA:49,0
DA:50,0
DA:51,0
DA:52,0
DA:53,0
DA:54,0
DA:56,0
DA:57,0
DA:58,0
DA:61,3
DA:62,0
DA:63,0
DA:64,0
DA:65,0
DA:66,0
DA:67,0
DA:68,0
DA:70,0
DA:72,3
DA:73,0
DA:74,0
DA:75,0
DA:76,0
DA:79,0
DA:81,3
DA:82,3
DA:84,3
DA:85,3
DA:86,3
DA:87,3
DA:88,3
DA:89,3
DA:90,3
DA:91,3
DA:92,3
DA:93,3
DA:94,3
DA:95,3
DA:96,3
DA:98,3
DA:99,3
DA:101,3
DA:102,0
DA:103,0
DA:104,0
DA:105,0
DA:106,0
DA:111,3
DA:112,0
DA:113,0
DA:114,0
DA:115,0
DA:124,0
DA:129,3
DA:130,0
DA:133,0
DA:134,0
DA:136,0
DA:137,0
DA:138,0
DA:139,0
DA:140,0
DA:145,0
DA:146,0
DA:147,0
DA:148,0
DA:149,0
DA:151,0
DA:156,0
DA:157,0
DA:158,0
DA:159,0
DA:164,3
DA:165,0
DA:167,0
DA:168,0
DA:170,0
DA:171,0
DA:173,0
DA:174,0
DA:175,0
DA:176,0
DA:178,0
DA:180,0
DA:181,0
DA:182,0
DA:184,0
DA:196,0
DA:197,0
DA:198,0
DA:200,0
DA:202,0
DA:203,0
DA:204,0
DA:209,3
DA:210,0
DA:212,0
DA:213,0
DA:215,0
DA:216,0
DA:222,0
DA:223,0
DA:224,0
DA:226,0
DA:227,0
DA:229,0
DA:230,0
DA:232,0
DA:233,0
DA:234,0
DA:236,0
DA:237,0
DA:243,0
DA:244,0
DA:245,0
DA:247,0
DA:254,0
DA:255,0
DA:257,0
DA:258,0
DA:259,0
DA:262,0
DA:264,0
DA:265,0
DA:266,0
DA:268,0
DA:269,0
DA:270,0
DA:275,3
DA:276,0
DA:278,0
DA:279,0
DA:281,0
DA:282,0
DA:288,0
DA:289,0
DA:290,0
DA:292,0
DA:294,0
DA:295,0
DA:296,0
DA:301,3
DA:302,0
DA:304,0
DA:305,0
DA:307,0
DA:308,0
DA:315,0
DA:316,0
DA:317,0
DA:318,0
DA:319,0
DA:320,0
DA:322,0
DA:323,0
DA:324,0
DA:326,0
DA:327,0
DA:329,0
DA:331,0
DA:332,0
DA:335,0
DA:337,0
DA:338,0
DA:339,0
DA:344,3
DA:345,0
DA:347,0
DA:348,0
DA:350,0
DA:351,0
DA:359,0
DA:360,0
DA:361,0
DA:363,0
DA:365,0
DA:366,0
DA:367,0
DA:372,3
DA:373,0
DA:375,0
DA:376,0
DA:378,0
DA:379,0
DA:383,0
DA:384,0
DA:385,0
DA:387,0
DA:389,0
DA:390,0
DA:391,0
DA:396,3
DA:397,0
DA:399,0
DA:400,0
DA:402,0
DA:403,0
DA:419,0
DA:420,0
DA:421,0
DA:423,0
DA:425,0
DA:426,0
DA:427,0
DA:432,3
DA:433,0
DA:435,0
DA:436,0
DA:438,0
DA:439,0
DA:445,0
DA:446,0
DA:447,0
DA:449,0
DA:451,0
DA:452,0
DA:453,0
DA:458,3
DA:459,0
DA:461,0
DA:462,0
DA:464,0
DA:465,0
DA:472,0
DA:473,0
DA:474,0
DA:476,0
DA:478,0
DA:479,0
DA:480,0
DA:485,3
DA:486,0
DA:488,0
DA:489,0
DA:491,0
DA:492,0
DA:493,0
DA:494,0
DA:518,0
DA:519,0
DA:520,0
DA:522,0
DA:523,0
DA:524,0
DA:526,0
DA:527,0
DA:528,0
DA:529,0
DA:532,0
DA:534,0
DA:536,0
DA:537,0
DA:538,0
DA:539,0
DA:540,0
DA:542,0
DA:543,0
DA:544,0
DA:545,0
DA:546,0
DA:547,0
DA:548,0
DA:567,0
DA:568,0
DA:569,0
DA:570,0
DA:572,0
DA:574,0
DA:575,0
DA:576,0
DA:594,0
DA:595,0
DA:596,0
DA:597,0
DA:599,0
DA:600,0
DA:602,0
DA:603,0
DA:604,0
DA:605,0
DA:606,0
DA:611,3
DA:612,0
DA:614,0
DA:615,0
DA:616,0
DA:617,0
DA:618,0
DA:619,0
DA:620,0
DA:623,0
DA:626,0
DA:627,0
DA:628,0
DA:629,0
DA:631,0
DA:632,0
DA:633,0
DA:634,0
DA:635,0
DA:637,0
DA:641,3
DA:642,0
DA:644,0
DA:645,0
DA:647,0
DA:648,0
DA:655,0
DA:656,0
DA:657,0
DA:659,0
DA:666,0
DA:668,0
DA:669,0
DA:670,0
DA:675,3
DA:676,0
DA:678,0
DA:679,0
DA:681,0
DA:682,0
DA:689,0
DA:690,0
DA:691,0
DA:693,0
DA:699,0
DA:701,0
DA:702,0
DA:703,0
DA:708,3
DA:709,0
DA:711,0
DA:712,0
DA:714,0
DA:715,0
DA:738,0
DA:739,0
DA:741,0
DA:742,0
DA:743,0
DA:748,3
DA:749,0
DA:751,0
DA:752,0
DA:754,0
DA:755,0
DA:756,0
DA:757,0
DA:762,0
DA:763,0
DA:764,0
DA:766,0
DA:777,0
DA:778,0
DA:783,0
DA:784,0
DA:785,0
DA:787,0
DA:788,0
DA:789,0
DA:803,0
DA:804,0
DA:805,0
DA:807,0
DA:808,0
DA:810,0
DA:811,0
DA:813,0
DA:814,0
DA:815,0
DA:816,0
DA:821,3
DA:822,0
DA:824,0
DA:825,0
DA:827,0
DA:828,0
DA:830,0
DA:831,0
DA:841,0
DA:842,0
DA:844,0
DA:845,0
DA:846,0
DA:851,3
DA:857,3
LF:423
LH:51
BRDA:2,0,0,3
BRDA:2,0,1,0
BRDA:2,0,2,3
BRDA:3,1,0,0
BRDA:3,1,1,0
BRDA:6,2,0,0
BRDA:6,2,1,0
BRDA:13,3,0,3
BRDA:13,3,1,0
BRDA:13,3,2,3
BRDA:14,4,0,3
BRDA:14,4,1,0
BRDA:14,5,0,0
BRDA:14,5,1,0
BRDA:15,6,0,3
BRDA:15,6,1,0
BRDA:15,7,0,3
BRDA:15,7,1,3
BRDA:16,8,0,0
BRDA:16,8,1,0
BRDA:16,9,0,0
BRDA:16,9,1,0
BRDA:16,10,0,0
BRDA:16,10,1,0
BRDA:16,11,0,0
BRDA:16,11,1,0
BRDA:17,12,0,3
BRDA:17,12,1,0
BRDA:17,12,2,0
BRDA:19,13,0,3
BRDA:19,13,1,0
BRDA:19,13,2,3
BRDA:20,14,0,3
BRDA:20,14,1,0
BRDA:20,15,0,3
BRDA:20,15,1,3
BRDA:22,16,0,3
BRDA:22,16,1,0
BRDA:22,16,2,3
BRDA:25,17,0,3
BRDA:25,17,1,0
BRDA:25,17,2,3
BRDA:26,18,0,0
BRDA:26,18,1,0
BRDA:27,19,0,0
BRDA:27,19,1,0
BRDA:30,20,0,0
BRDA:30,20,1,0
BRDA:31,21,0,0
BRDA:31,21,1,0
BRDA:34,22,0,3
BRDA:34,22,1,0
BRDA:34,22,2,3
BRDA:35,23,0,0
BRDA:35,23,1,0
BRDA:36,24,0,0
BRDA:36,24,1,0
BRDA:39,25,0,0
BRDA:39,25,1,0
BRDA:40,26,0,0
BRDA:40,26,1,0
BRDA:40,27,0,0
BRDA:40,27,1,0
BRDA:41,28,0,0
BRDA:41,28,1,0
BRDA:41,29,0,0
BRDA:41,29,1,0
BRDA:41,29,2,0
BRDA:41,30,0,0
BRDA:41,30,1,0
BRDA:41,31,0,0
BRDA:41,31,1,0
BRDA:41,32,0,0
BRDA:41,32,1,0
BRDA:41,33,0,0
BRDA:41,33,1,0
BRDA:42,34,0,0
BRDA:42,34,1,0
BRDA:43,35,0,0
BRDA:43,35,1,0
BRDA:43,35,2,0
BRDA:43,35,3,0
BRDA:43,35,4,0
BRDA:43,35,5,0
BRDA:49,36,0,0
BRDA:49,36,1,0
BRDA:49,37,0,0
BRDA:49,37,1,0
BRDA:49,37,2,0
BRDA:49,38,0,0
BRDA:49,38,1,0
BRDA:50,39,0,0
BRDA:50,39,1,0
BRDA:50,40,0,0
BRDA:50,40,1,0
BRDA:50,40,2,0
BRDA:50,40,3,0
BRDA:51,41,0,0
BRDA:51,41,1,0
BRDA:51,42,0,0
BRDA:51,42,1,0
BRDA:52,43,0,0
BRDA:52,43,1,0
BRDA:52,44,0,0
BRDA:52,44,1,0
BRDA:53,45,0,0
BRDA:53,45,1,0
BRDA:58,46,0,0
BRDA:58,46,1,0
BRDA:58,47,0,0
BRDA:58,47,1,0
BRDA:61,48,0,3
BRDA:61,48,1,0
BRDA:61,48,2,3
BRDA:63,49,0,0
BRDA:63,49,1,0
BRDA:63,50,0,0
BRDA:63,50,1,0
BRDA:65,51,0,0
BRDA:65,51,1,0
BRDA:65,52,0,0
BRDA:65,52,1,0
BRDA:67,53,0,0
BRDA:67,53,1,0
BRDA:67,54,0,0
BRDA:67,54,1,0
BRDA:72,55,0,3
BRDA:72,55,1,0
BRDA:72,55,2,3
BRDA:73,56,0,0
BRDA:73,56,1,0
BRDA:73,57,0,0
BRDA:73,57,1,0
BRDA:74,58,0,0
BRDA:74,58,1,0
BRDA:74,59,0,0
BRDA:74,59,1,0
BRDA:75,60,0,0
BRDA:75,60,1,0
BRDA:79,61,0,0
BRDA:79,61,1,0
BRDA:81,62,0,3
BRDA:81,62,1,0
BRDA:81,62,2,3
BRDA:82,63,0,0
BRDA:82,63,1,3
BRDA:82,64,0,3
BRDA:82,64,1,3
BRDA:104,65,0,0
BRDA:104,65,1,0
BRDA:114,66,0,0
BRDA:114,66,1,0
BRDA:134,67,0,0
BRDA:134,67,1,0
BRDA:134,67,2,0
BRDA:134,67,3,0
BRDA:148,68,0,0
BRDA:148,68,1,0
BRDA:148,69,0,0
BRDA:148,69,1,0
BRDA:168,70,0,0
BRDA:168,70,1,0
BRDA:168,70,2,0
BRDA:168,70,3,0
BRDA:168,70,4,0
BRDA:168,70,5,0
BRDA:174,71,0,0
BRDA:174,71,1,0
BRDA:174,72,0,0
BRDA:174,72,1,0
BRDA:181,73,0,0
BRDA:181,73,1,0
BRDA:197,74,0,0
BRDA:197,74,1,0
BRDA:213,75,0,0
BRDA:213,75,1,0
BRDA:213,75,2,0
BRDA:213,75,3,0
BRDA:213,75,4,0
BRDA:213,75,5,0
BRDA:213,75,6,0
BRDA:213,75,7,0
BRDA:213,75,8,0
BRDA:213,75,9,0
BRDA:213,75,10,0
BRDA:213,75,11,0
BRDA:223,76,0,0
BRDA:223,76,1,0
BRDA:226,77,0,0
BRDA:226,77,1,0
BRDA:232,78,0,0
BRDA:232,78,1,0
BRDA:244,79,0,0
BRDA:244,79,1,0
BRDA:279,80,0,0
BRDA:279,80,1,0
BRDA:279,80,2,0
BRDA:279,80,3,0
BRDA:289,81,0,0
BRDA:289,81,1,0
BRDA:305,82,0,0
BRDA:305,82,1,0
BRDA:305,82,2,0
BRDA:305,82,3,0
BRDA:305,82,4,0
BRDA:305,82,5,0
BRDA:319,83,0,0
BRDA:319,83,1,0
BRDA:331,84,0,0
BRDA:331,84,1,0
BRDA:348,85,0,0
BRDA:348,85,1,0
BRDA:348,85,2,0
BRDA:348,85,3,0
BRDA:360,86,0,0
BRDA:360,86,1,0
BRDA:376,87,0,0
BRDA:376,87,1,0
BRDA:376,87,2,0
BRDA:376,87,3,0
BRDA:384,88,0,0
BRDA:384,88,1,0
BRDA:400,89,0,0
BRDA:400,89,1,0
BRDA:400,89,2,0
BRDA:400,89,3,0
BRDA:420,90,0,0
BRDA:420,90,1,0
BRDA:420,91,0,0
BRDA:420,91,1,0
BRDA:436,92,0,0
BRDA:436,92,1,0
BRDA:436,92,2,0
BRDA:436,92,3,0
BRDA:446,93,0,0
BRDA:446,93,1,0
BRDA:462,94,0,0
BRDA:462,94,1,0
BRDA:462,94,2,0
BRDA:462,94,3,0
BRDA:473,95,0,0
BRDA:473,95,1,0
BRDA:489,96,0,0
BRDA:489,96,1,0
BRDA:489,96,2,0
BRDA:489,96,3,0
BRDA:489,96,4,0
BRDA:489,96,5,0
BRDA:489,96,6,0
BRDA:489,96,7,0
BRDA:489,96,8,0
BRDA:489,96,9,0
BRDA:528,97,0,0
BRDA:528,97,1,0
BRDA:542,98,0,0
BRDA:542,98,1,0
BRDA:619,99,0,0
BRDA:619,99,1,0
BRDA:645,100,0,0
BRDA:645,100,1,0
BRDA:645,100,2,0
BRDA:645,100,3,0
BRDA:645,100,4,0
BRDA:656,101,0,0
BRDA:656,101,1,0
BRDA:679,102,0,0
BRDA:679,102,1,0
BRDA:679,102,2,0
BRDA:679,102,3,0
BRDA:679,102,4,0
BRDA:690,103,0,0
BRDA:690,103,1,0
BRDA:712,104,0,0
BRDA:712,104,1,0
BRDA:712,104,2,0
BRDA:712,104,3,0
BRDA:752,105,0,0
BRDA:752,105,1,0
BRDA:752,105,2,0
BRDA:752,105,3,0
BRDA:752,105,4,0
BRDA:752,105,5,0
BRDA:752,105,6,0
BRDA:752,105,7,0
BRDA:752,105,8,0
BRDA:752,105,9,0
BRDA:763,106,0,0
BRDA:763,106,1,0
BRDA:787,107,0,0
BRDA:787,107,1,0
BRDA:825,108,0,0
BRDA:825,108,1,0
BRDA:825,108,2,0
BRDA:825,108,3,0
BRDA:825,108,4,0
BRF:295
BRH:29
end_of_record
TN:
SF:build\auth\jwtServices.js
FN:2,(anonymous_0)
FN:11,(anonymous_1)
FN:23,(anonymous_2)
FN:24,(anonymous_3)
FN:29,(anonymous_4)
FN:46,(anonymous_5)
FN:47,(anonymous_6)
FN:51,(anonymous_7)
FN:64,(anonymous_8)
FN:73,(anonymous_9)
FN:75,(anonymous_10)
FNF:11
FNH:8
FNDA:3,(anonymous_0)
FNDA:2,(anonymous_1)
FNDA:21,(anonymous_2)
FNDA:2,(anonymous_3)
FNDA:2,(anonymous_4)
FNDA:9,(anonymous_5)
FNDA:0,(anonymous_6)
FNDA:0,(anonymous_7)
FNDA:0,(anonymous_8)
FNDA:2,(anonymous_9)
FNDA:2,(anonymous_10)
DA:2,3
DA:3,3
DA:5,3
DA:6,3
DA:7,3
DA:8,3
DA:9,3
DA:10,3
DA:11,3
DA:12,2
DA:13,2
DA:18,2
DA:19,2
DA:20,2
DA:22,3
DA:23,3
DA:24,21
DA:25,2
DA:27,2
DA:28,0
DA:29,2
DA:30,2
DA:31,0
DA:32,2
DA:33,0
DA:36,2
DA:37,0
DA:40,2
DA:41,2
DA:45,3
DA:46,3
DA:47,9
DA:48,0
DA:49,0
DA:50,0
DA:51,0
DA:52,0
DA:53,0
DA:54,0
DA:55,0
DA:56,0
DA:58,0
DA:59,0
DA:63,3
DA:64,3
DA:65,0
DA:69,0
DA:70,0
DA:72,3
DA:73,3
DA:75,2
DA:76,2
DA:77,2
DA:80,2
DA:82,3
LF:55
LH:37
BRDA:2,0,0,3
BRDA:2,0,1,0
BRDA:2,0,2,3
BRDA:3,1,0,0
BRDA:3,1,1,3
BRDA:3,2,0,3
BRDA:3,2,1,3
BRDA:27,3,0,0
BRDA:27,3,1,2
BRDA:30,4,0,0
BRDA:30,4,1,2
BRDA:32,5,0,0
BRDA:32,5,1,2
BRDA:36,6,0,0
BRDA:36,6,1,2
BRDA:36,7,0,2
BRDA:36,7,1,0
BRDA:36,7,2,0
BRDA:49,8,0,0
BRDA:49,8,1,0
BRDA:52,9,0,0
BRDA:52,9,1,0
BRDA:54,10,0,0
BRDA:54,10,1,0
BRDA:76,11,0,2
BRDA:76,11,1,0
BRF:26
BRH:11
end_of_record
TN:
SF:build\aws\addS3.js
FN:2,(anonymous_0)
FN:3,adopt
FN:3,(anonymous_2)
FN:4,(anonymous_3)
FN:5,fulfilled
FN:6,rejected
FN:7,step
FN:11,(anonymous_7)
FN:12,(anonymous_8)
FN:13,(anonymous_9)
FN:14,verb
FN:14,(anonymous_11)
FN:15,step
FN:45,(anonymous_13)
FN:45,(anonymous_14)
FN:47,(anonymous_15)
FNF:16
FNH:0
FNDA:0,(anonymous_0)
FNDA:0,adopt
FNDA:0,(anonymous_2)
FNDA:0,(anonymous_3)
FNDA:0,fulfilled
FNDA:0,rejected
FNDA:0,step
FNDA:0,(anonymous_7)
FNDA:0,(anonymous_8)
FNDA:0,(anonymous_9)
FNDA:0,verb
FNDA:0,(anonymous_11)
FNDA:0,step
FNDA:0,(anonymous_13)
FNDA:0,(anonymous_14)
FNDA:0,(anonymous_15)
DA:2,3
DA:3,0
DA:4,0
DA:5,0
DA:6,0
DA:7,0
DA:8,0
DA:11,3
DA:12,0
DA:13,0
DA:14,0
DA:16,0
DA:17,0
DA:18,0
DA:19,0
DA:20,0
DA:21,0
DA:22,0
DA:23,0
DA:24,0
DA:26,0
DA:27,0
DA:28,0
DA:29,0
DA:30,0
DA:31,0
DA:33,0
DA:34,0
DA:35,0
DA:38,3
DA:39,3
DA:41,3
DA:42,3
DA:43,3
DA:44,3
DA:45,3
DA:47,0
DA:48,0
DA:50,0
DA:51,0
DA:52,0
DA:57,0
DA:59,0
DA:60,0
DA:62,0
DA:63,0
DA:64,0
DA:66,0
DA:67,0
DA:68,0
DA:69,0
DA:73,3
LF:52
LH:10
BRDA:2,0,0,3
BRDA:2,0,1,0
BRDA:2,0,2,3
BRDA:3,1,0,0
BRDA:3,1,1,0
BRDA:4,2,0,0
BRDA:4,2,1,0
BRDA:7,3,0,0
BRDA:7,3,1,0
BRDA:8,4,0,0
BRDA:8,4,1,0
BRDA:11,5,0,3
BRDA:11,5,1,0
BRDA:11,5,2,3
BRDA:12,6,0,0
BRDA:12,6,1,0
BRDA:13,7,0,0
BRDA:13,7,1,0
BRDA:16,8,0,0
BRDA:16,8,1,0
BRDA:17,9,0,0
BRDA:17,9,1,0
BRDA:17,10,0,0
BRDA:17,10,1,0
BRDA:18,11,0,0
BRDA:18,11,1,0
BRDA:18,12,0,0
BRDA:18,12,1,0
BRDA:18,12,2,0
BRDA:18,13,0,0
BRDA:18,13,1,0
BRDA:18,14,0,0
BRDA:18,14,1,0
BRDA:18,15,0,0
BRDA:18,15,1,0
BRDA:18,16,0,0
BRDA:18,16,1,0
BRDA:19,17,0,0
BRDA:19,17,1,0
BRDA:20,18,0,0
BRDA:20,18,1,0
BRDA:20,18,2,0
BRDA:20,18,3,0
BRDA:20,18,4,0
BRDA:20,18,5,0
BRDA:26,19,0,0
BRDA:26,19,1,0
BRDA:26,20,0,0
BRDA:26,20,1,0
BRDA:26,20,2,0
BRDA:26,21,0,0
BRDA:26,21,1,0
BRDA:27,22,0,0
BRDA:27,22,1,0
BRDA:27,23,0,0
BRDA:27,23,1,0
BRDA:27,23,2,0
BRDA:27,23,3,0
BRDA:28,24,0,0
BRDA:28,24,1,0
BRDA:28,25,0,0
BRDA:28,25,1,0
BRDA:29,26,0,0
BRDA:29,26,1,0
BRDA:29,27,0,0
BRDA:29,27,1,0
BRDA:30,28,0,0
BRDA:30,28,1,0
BRDA:35,29,0,0
BRDA:35,29,1,0
BRDA:35,30,0,0
BRDA:35,30,1,0
BRDA:48,31,0,0
BRDA:48,31,1,0
BRDA:48,31,2,0
BRDA:48,31,3,0
BRDA:48,31,4,0
BRF:77
BRH:4
end_of_record
TN:
SF:build\aws\s3Instance.js
FN:5,(anonymous_0)
FN:6,S3Singleton
FN:8,(anonymous_2)
FNF:3
FNH:2
FNDA:3,(anonymous_0)
FNDA:0,S3Singleton
FNDA:3,(anonymous_2)
DA:2,3
DA:3,3
DA:4,3
DA:5,3
DA:8,3
DA:9,3
DA:10,3
DA:11,3
DA:13,3
DA:15,3
DA:17,3
LF:11
LH:11
BRDA:9,0,0,3
BRDA:9,0,1,0
BRF:2
BRH:1
end_of_record
TN:
SF:build\db\databaseService.js
FN:2,(anonymous_0)
FN:8,(anonymous_1)
FN:18,(anonymous_2)
FN:19,DatabaseService
FN:23,(anonymous_4)
FN:29,(anonymous_5)
FNF:6
FNH:5
FNDA:3,(anonymous_0)
FNDA:3,(anonymous_1)
FNDA:3,(anonymous_2)
FNDA:12,DatabaseService
FNDA:0,(anonymous_4)
FNDA:12,(anonymous_5)
DA:2,3
DA:3,3
DA:4,3
DA:5,0
DA:6,3
DA:8,3
DA:9,3
DA:11,3
DA:12,3
DA:13,3
DA:14,3
DA:15,3
DA:16,3
DA:18,3
DA:20,12
DA:22,3
DA:23,3
DA:24,0
DA:25,0
DA:27,0
DA:29,3
DA:30,12
DA:33,3
DA:34,3
DA:38,3
LF:25
LH:21
BRDA:2,0,0,3
BRDA:2,0,1,0
BRDA:2,0,2,3
BRDA:3,1,0,3
BRDA:3,1,1,0
BRDA:3,2,0,0
BRDA:3,2,1,0
BRDA:4,3,0,3
BRDA:4,3,1,0
BRDA:4,4,0,3
BRDA:4,4,1,3
BRDA:5,5,0,0
BRDA:5,5,1,0
BRDA:5,6,0,0
BRDA:5,6,1,0
BRDA:5,7,0,0
BRDA:5,7,1,0
BRDA:5,8,0,0
BRDA:5,8,1,0
BRDA:6,9,0,3
BRDA:6,9,1,0
BRDA:6,9,2,0
BRDA:8,10,0,3
BRDA:8,10,1,0
BRDA:8,10,2,3
BRDA:9,11,0,3
BRDA:9,11,1,0
BRDA:9,12,0,3
BRDA:9,12,1,3
BRDA:24,13,0,0
BRDA:24,13,1,0
BRF:31
BRH:12
end_of_record
TN:
SF:build\errors\database.errors.js
FN:2,(anonymous_0)
FN:3,(anonymous_1)
FN:5,(anonymous_2)
FN:6,(anonymous_3)
FN:9,(anonymous_4)
FN:13,__
FN:20,(anonymous_6)
FN:22,DatabaseErrors
FNF:8
FNH:5
FNDA:3,(anonymous_0)
FNDA:3,(anonymous_1)
FNDA:0,(anonymous_2)
FNDA:0,(anonymous_3)
FNDA:3,(anonymous_4)
FNDA:3,__
FNDA:3,(anonymous_6)
FNDA:0,DatabaseErrors
DA:2,3
DA:3,3
DA:4,3
DA:5,0
DA:6,0
DA:7,3
DA:9,3
DA:10,3
DA:11,0
DA:12,3
DA:13,3
DA:14,3
DA:17,3
DA:18,3
DA:19,3
DA:20,3
DA:21,3
DA:23,0
DA:24,0
DA:25,0
DA:27,3
DA:29,3
LF:22
LH:16
BRDA:2,0,0,3
BRDA:2,0,1,0
BRDA:2,0,2,3
BRDA:4,1,0,3
BRDA:4,1,1,0
BRDA:4,1,2,0
BRDA:4,1,3,0
BRDA:6,2,0,0
BRDA:6,2,1,0
BRDA:10,3,0,0
BRDA:10,3,1,3
BRDA:10,4,0,3
BRDA:10,4,1,0
BRDA:14,5,0,0
BRDA:14,5,1,3
BRDA:23,6,0,0
BRDA:23,6,1,0
BRF:17
BRH:6
end_of_record
TN:
SF:build\middleware\dataValidation\schemas.js
FN:10,(anonymous_0)
FN:37,(anonymous_1)
FNF:2
FNH:1
FNDA:2,(anonymous_0)
FNDA:0,(anonymous_1)
DA:2,3
DA:3,3
DA:4,3
DA:5,3
DA:10,2
DA:16,3
DA:20,3
DA:23,3
DA:28,3
DA:37,0
LF:10
LH:9
BRDA:10,0,0,2
BRDA:10,0,1,0
BRDA:10,0,2,0
BRF:3
BRH:1
end_of_record
TN:
SF:build\middleware\dataValidation\zodValidation.js
FN:5,(anonymous_0)
FN:6,(anonymous_1)
FNF:2
FNH:2
FNDA:18,(anonymous_0)
FNDA:2,(anonymous_1)
DA:2,3
DA:3,3
DA:4,3
DA:5,3
DA:6,18
DA:7,2
DA:8,2
DA:9,2
DA:12,0
DA:13,0
DA:14,0
DA:18,3
LF:12
LH:9
BRF:0
BRH:0
end_of_record
TN:
SF:build\routes\article.routes.js
FN:2,(anonymous_0)
FN:8,(anonymous_1)
FN:11,(anonymous_2)
FN:12,(anonymous_3)
FN:24,(anonymous_4)
FN:25,ArticleRouter
FN:29,(anonymous_6)
FN:32,(anonymous_7)
FN:36,(anonymous_8)
FN:39,(anonymous_9)
FN:42,(anonymous_10)
FN:45,(anonymous_11)
FN:48,(anonymous_12)
FN:51,(anonymous_13)
FN:54,(anonymous_14)
FN:55,(anonymous_15)
FN:56,(anonymous_16)
FN:57,(anonymous_17)
FN:58,(anonymous_18)
FN:61,(anonymous_19)
FN:64,(anonymous_20)
FN:65,(anonymous_21)
FN:66,(anonymous_22)
FN:67,(anonymous_23)
FNF:24
FNH:7
FNDA:3,(anonymous_0)
FNDA:3,(anonymous_1)
FNDA:3,(anonymous_2)
FNDA:3,(anonymous_3)
FNDA:3,(anonymous_4)
FNDA:3,ArticleRouter
FNDA:3,(anonymous_6)
FNDA:0,(anonymous_7)
FNDA:0,(anonymous_8)
FNDA:0,(anonymous_9)
FNDA:0,(anonymous_10)
FNDA:0,(anonymous_11)
FNDA:0,(anonymous_12)
FNDA:0,(anonymous_13)
FNDA:0,(anonymous_14)
FNDA:0,(anonymous_15)
FNDA:0,(anonymous_16)
FNDA:0,(anonymous_17)
FNDA:0,(anonymous_18)
FNDA:0,(anonymous_19)
FNDA:0,(anonymous_20)
FNDA:0,(anonymous_21)
FNDA:0,(anonymous_22)
FNDA:0,(anonymous_23)
DA:2,3
DA:3,3
DA:4,3
DA:5,0
DA:6,3
DA:8,3
DA:9,3
DA:11,3
DA:12,3
DA:14,3
DA:15,3
DA:16,3
DA:17,3
DA:18,3
DA:19,3
DA:20,3
DA:21,3
DA:22,3
DA:23,3
DA:24,3
DA:26,3
DA:27,3
DA:29,3
DA:30,3
DA:32,3
DA:33,0
DA:36,3
DA:37,0
DA:39,3
DA:40,0
DA:42,3
DA:43,0
DA:45,3
DA:46,0
DA:48,3
DA:49,0
DA:51,3
DA:52,0
DA:54,3
DA:55,3
DA:56,3
DA:57,3
DA:58,3
DA:59,0
DA:61,3
DA:62,0
DA:64,3
DA:65,3
DA:66,3
DA:67,3
DA:68,3
DA:70,3
DA:75,3
LF:53
LH:43
BRDA:2,0,0,3
BRDA:2,0,1,0
BRDA:2,0,2,3
BRDA:3,1,0,3
BRDA:3,1,1,0
BRDA:3,2,0,0
BRDA:3,2,1,0
BRDA:4,3,0,3
BRDA:4,3,1,0
BRDA:4,4,0,3
BRDA:4,4,1,3
BRDA:5,5,0,0
BRDA:5,5,1,0
BRDA:5,6,0,0
BRDA:5,6,1,0
BRDA:5,7,0,0
BRDA:5,7,1,0
BRDA:5,8,0,0
BRDA:5,8,1,0
BRDA:6,9,0,3
BRDA:6,9,1,0
BRDA:6,9,2,0
BRDA:8,10,0,3
BRDA:8,10,1,0
BRDA:8,10,2,3
BRDA:9,11,0,3
BRDA:9,11,1,0
BRDA:9,12,0,3
BRDA:9,12,1,3
BRDA:11,13,0,3
BRDA:11,13,1,0
BRDA:11,13,2,3
BRF:32
BRH:14
end_of_record
TN:
SF:build\routes\index.js
FNF:0
FNH:0
DA:2,3
DA:3,3
DA:4,3
DA:5,3
DA:6,3
DA:7,3
DA:8,3
DA:9,3
DA:10,3
DA:11,3
DA:12,3
LF:11
LH:11
BRF:0
BRH:0
end_of_record
TN:
SF:build\routes\user.routes.js
FN:2,(anonymous_0)
FN:8,(anonymous_1)
FN:11,(anonymous_2)
FN:12,(anonymous_3)
FN:26,(anonymous_4)
FN:27,UserRouter
FN:31,(anonymous_6)
FN:33,(anonymous_7)
FN:33,(anonymous_8)
FN:36,(anonymous_9)
FN:38,(anonymous_10)
FN:39,(anonymous_11)
FN:40,(anonymous_12)
FN:41,(anonymous_13)
FN:44,(anonymous_14)
FN:48,(anonymous_15)
FN:49,(anonymous_16)
FN:50,(anonymous_17)
FN:52,(anonymous_18)
FN:53,(anonymous_19)
FN:54,(anonymous_20)
FN:55,(anonymous_21)
FN:56,(anonymous_22)
FN:57,(anonymous_23)
FN:58,(anonymous_24)
FNF:25
FNH:12
FNDA:3,(anonymous_0)
FNDA:3,(anonymous_1)
FNDA:3,(anonymous_2)
FNDA:3,(anonymous_3)
FNDA:3,(anonymous_4)
FNDA:3,UserRouter
FNDA:3,(anonymous_6)
FNDA:2,(anonymous_7)
FNDA:2,(anonymous_8)
FNDA:0,(anonymous_9)
FNDA:0,(anonymous_10)
FNDA:3,(anonymous_11)
FNDA:2,(anonymous_12)
FNDA:0,(anonymous_13)
FNDA:0,(anonymous_14)
FNDA:0,(anonymous_15)
FNDA:0,(anonymous_16)
FNDA:0,(anonymous_17)
FNDA:0,(anonymous_18)
FNDA:2,(anonymous_19)
FNDA:0,(anonymous_20)
FNDA:0,(anonymous_21)
FNDA:0,(anonymous_22)
FNDA:0,(anonymous_23)
FNDA:0,(anonymous_24)
DA:2,3
DA:3,3
DA:4,3
DA:5,0
DA:6,3
DA:8,3
DA:9,3
DA:11,3
DA:12,3
DA:14,3
DA:15,3
DA:16,3
DA:17,3
DA:19,3
DA:20,3
DA:21,3
DA:22,3
DA:23,3
DA:24,3
DA:25,3
DA:26,3
DA:28,3
DA:29,3
DA:31,3
DA:32,3
DA:33,3
DA:34,2
DA:36,3
DA:38,3
DA:39,3
DA:40,3
DA:41,3
DA:42,0
DA:44,3
DA:45,0
DA:48,3
DA:49,3
DA:50,3
DA:52,3
DA:53,3
DA:54,3
DA:55,3
DA:56,3
DA:57,3
DA:58,3
DA:59,3
DA:61,3
DA:66,3
LF:48
LH:45
BRDA:2,0,0,3
BRDA:2,0,1,0
BRDA:2,0,2,3
BRDA:3,1,0,3
BRDA:3,1,1,0
BRDA:3,2,0,0
BRDA:3,2,1,0
BRDA:4,3,0,3
BRDA:4,3,1,0
BRDA:4,4,0,3
BRDA:4,4,1,3
BRDA:5,5,0,0
BRDA:5,5,1,0
BRDA:5,6,0,0
BRDA:5,6,1,0
BRDA:5,7,0,0
BRDA:5,7,1,0
BRDA:5,8,0,0
BRDA:5,8,1,0
BRDA:6,9,0,3
BRDA:6,9,1,0
BRDA:6,9,2,0
BRDA:8,10,0,3
BRDA:8,10,1,0
BRDA:8,10,2,3
BRDA:9,11,0,3
BRDA:9,11,1,0
BRDA:9,12,0,3
BRDA:9,12,1,3
BRDA:11,13,0,3
BRDA:11,13,1,0
BRDA:11,13,2,3
BRF:32
BRH:14
end_of_record
TN:
SF:build\test_helpers\user.helpers.js
FN:4,isUserfollowerSum
FN:14,anythingOrNullOrUndefined
FN:17,(anonymous_2)
FNF:3
FNH:1
FNDA:918,isUserfollowerSum
FNDA:0,anythingOrNullOrUndefined
FNDA:0,(anonymous_2)
DA:2,2
DA:3,2
DA:5,918
DA:13,2
DA:15,0
DA:16,0
DA:17,0
DA:21,2
LF:8
LH:5
BRDA:5,0,0,918
BRDA:5,0,1,918
BRDA:5,0,2,918
BRDA:5,0,3,918
BRDA:5,0,4,918
BRDA:5,0,5,918
BRDA:5,0,6,918
BRDA:15,1,0,0
BRDA:15,1,1,0
BRF:9
BRH:7
end_of_record
TN:
SF:build\user\user.controller.js
FN:2,(anonymous_0)
FN:8,(anonymous_1)
FN:11,(anonymous_2)
FN:12,(anonymous_3)
FN:14,(anonymous_4)
FN:15,adopt
FN:15,(anonymous_6)
FN:16,(anonymous_7)
FN:17,fulfilled
FN:18,rejected
FN:19,step
FN:23,(anonymous_11)
FN:24,(anonymous_12)
FN:25,(anonymous_13)
FN:26,verb
FN:26,(anonymous_15)
FN:27,step
FN:58,(anonymous_17)
FN:59,UserController
FN:63,(anonymous_19)
FN:63,(anonymous_20)
FN:66,(anonymous_21)
FN:86,(anonymous_22)
FN:86,(anonymous_23)
FN:88,(anonymous_24)
FN:107,(anonymous_25)
FN:107,(anonymous_26)
FN:109,(anonymous_27)
FN:128,(anonymous_28)
FN:129,(anonymous_29)
FN:129,(anonymous_30)
FN:134,(anonymous_31)
FN:135,(anonymous_32)
FN:135,(anonymous_33)
FN:140,(anonymous_34)
FN:143,(anonymous_35)
FN:146,(anonymous_36)
FN:148,(anonymous_37)
FN:149,(anonymous_38)
FN:149,(anonymous_39)
FN:154,(anonymous_40)
FN:155,(anonymous_41)
FN:155,(anonymous_42)
FN:161,(anonymous_43)
FN:162,(anonymous_44)
FN:162,(anonymous_45)
FN:167,(anonymous_46)
FN:168,(anonymous_47)
FN:168,(anonymous_48)
FN:173,(anonymous_49)
FN:175,(anonymous_50)
FN:176,(anonymous_51)
FN:180,(anonymous_52)
FN:182,(anonymous_53)
FN:183,(anonymous_54)
FN:187,(anonymous_55)
FN:189,(anonymous_56)
FN:190,(anonymous_57)
FN:194,(anonymous_58)
FN:196,(anonymous_59)
FN:197,(anonymous_60)
FN:201,(anonymous_61)
FN:202,(anonymous_62)
FN:204,(anonymous_63)
FN:217,(anonymous_64)
FN:218,(anonymous_65)
FN:220,(anonymous_66)
FNF:67
FNH:14
FNDA:3,(anonymous_0)
FNDA:3,(anonymous_1)
FNDA:3,(anonymous_2)
FNDA:3,(anonymous_3)
FNDA:0,(anonymous_4)
FNDA:0,adopt
FNDA:0,(anonymous_6)
FNDA:0,(anonymous_7)
FNDA:0,fulfilled
FNDA:0,rejected
FNDA:0,step
FNDA:0,(anonymous_11)
FNDA:0,(anonymous_12)
FNDA:0,(anonymous_13)
FNDA:0,verb
FNDA:0,(anonymous_15)
FNDA:0,step
FNDA:3,(anonymous_17)
FNDA:3,UserController
FNDA:0,(anonymous_19)
FNDA:0,(anonymous_20)
FNDA:0,(anonymous_21)
FNDA:0,(anonymous_22)
FNDA:0,(anonymous_23)
FNDA:0,(anonymous_24)
FNDA:0,(anonymous_25)
FNDA:0,(anonymous_26)
FNDA:0,(anonymous_27)
FNDA:2,(anonymous_28)
FNDA:2,(anonymous_29)
FNDA:0,(anonymous_30)
FNDA:0,(anonymous_31)
FNDA:0,(anonymous_32)
FNDA:0,(anonymous_33)
FNDA:2,(anonymous_34)
FNDA:2,(anonymous_35)
FNDA:0,(anonymous_36)
FNDA:0,(anonymous_37)
FNDA:0,(anonymous_38)
FNDA:0,(anonymous_39)
FNDA:0,(anonymous_40)
FNDA:0,(anonymous_41)
FNDA:0,(anonymous_42)
FNDA:3,(anonymous_43)
FNDA:3,(anonymous_44)
FNDA:0,(anonymous_45)
FNDA:2,(anonymous_46)
FNDA:2,(anonymous_47)
FNDA:0,(anonymous_48)
FNDA:0,(anonymous_49)
FNDA:0,(anonymous_50)
FNDA:0,(anonymous_51)
FNDA:0,(anonymous_52)
FNDA:0,(anonymous_53)
FNDA:0,(anonymous_54)
FNDA:0,(anonymous_55)
FNDA:0,(anonymous_56)
FNDA:0,(anonymous_57)
FNDA:0,(anonymous_58)
FNDA:0,(anonymous_59)
FNDA:0,(anonymous_60)
FNDA:0,(anonymous_61)
FNDA:0,(anonymous_62)
FNDA:0,(anonymous_63)
FNDA:0,(anonymous_64)
FNDA:0,(anonymous_65)
FNDA:0,(anonymous_66)
DA:2,3
DA:3,3
DA:4,3
DA:5,0
DA:6,3
DA:8,3
DA:9,3
DA:11,3
DA:12,3
DA:14,3
DA:15,0
DA:16,0
DA:17,0
DA:18,0
DA:19,0
DA:20,0
DA:23,3
DA:24,0
DA:25,0
DA:26,0
DA:28,0
DA:29,0
DA:30,0
DA:31,0
DA:32,0
DA:33,0
DA:34,0
DA:35,0
DA:36,0
DA:38,0
DA:39,0
DA:40,0
DA:41,0
DA:42,0
DA:43,0
DA:45,0
DA:46,0
DA:47,0
DA:50,3
DA:51,3
DA:52,3
DA:53,3
DA:55,3
DA:56,3
DA:58,3
DA:60,3
DA:61,3
DA:63,3
DA:66,0
DA:67,0
DA:69,0
DA:70,0
DA:71,0
DA:72,0
DA:74,0
DA:75,0
DA:76,0
DA:78,0
DA:79,0
DA:80,0
DA:81,0
DA:82,0
DA:86,3
DA:88,0
DA:89,0
DA:91,0
DA:92,0
DA:93,0
DA:95,0
DA:96,0
DA:97,0
DA:99,0
DA:100,0
DA:101,0
DA:102,0
DA:103,0
DA:107,3
DA:109,0
DA:110,0
DA:112,0
DA:113,0
DA:115,0
DA:116,0
DA:117,0
DA:119,0
DA:120,0
DA:121,0
DA:122,0
DA:123,0
DA:128,3
DA:129,2
DA:130,0
DA:131,0
DA:134,3
DA:135,0
DA:136,0
DA:140,3
DA:143,2
DA:144,2
DA:145,2
DA:146,0
DA:148,3
DA:149,0
DA:150,0
DA:151,0
DA:154,3
DA:155,0
DA:156,0
DA:157,0
DA:161,3
DA:162,3
DA:163,0
DA:164,0
DA:167,3
DA:168,2
DA:169,0
DA:170,0
DA:173,3
DA:174,0
DA:175,0
DA:177,0
DA:180,3
DA:181,0
DA:182,0
DA:184,0
DA:187,3
DA:188,0
DA:189,0
DA:191,0
DA:194,3
DA:195,0
DA:196,0
DA:198,0
DA:201,3
DA:202,0
DA:204,0
DA:205,0
DA:207,0
DA:208,0
DA:210,0
DA:211,0
DA:212,0
DA:217,3
DA:218,0
DA:220,0
DA:221,0
DA:223,0
DA:224,0
DA:226,0
DA:227,0
DA:228,0
DA:233,3
DA:238,3
LF:153
LH:43
BRDA:2,0,0,3
BRDA:2,0,1,0
BRDA:2,0,2,3
BRDA:3,1,0,3
BRDA:3,1,1,0
BRDA:3,2,0,0
BRDA:3,2,1,0
BRDA:4,3,0,3
BRDA:4,3,1,0
BRDA:4,4,0,3
BRDA:4,4,1,3
BRDA:5,5,0,0
BRDA:5,5,1,0
BRDA:5,6,0,0
BRDA:5,6,1,0
BRDA:5,7,0,0
BRDA:5,7,1,0
BRDA:5,8,0,0
BRDA:5,8,1,0
BRDA:6,9,0,3
BRDA:6,9,1,0
BRDA:6,9,2,0
BRDA:8,10,0,3
BRDA:8,10,1,0
BRDA:8,10,2,3
BRDA:9,11,0,3
BRDA:9,11,1,0
BRDA:9,12,0,3
BRDA:9,12,1,3
BRDA:11,13,0,3
BRDA:11,13,1,0
BRDA:11,13,2,3
BRDA:14,14,0,3
BRDA:14,14,1,0
BRDA:14,14,2,3
BRDA:15,15,0,0
BRDA:15,15,1,0
BRDA:16,16,0,0
BRDA:16,16,1,0
BRDA:19,17,0,0
BRDA:19,17,1,0
BRDA:20,18,0,0
BRDA:20,18,1,0
BRDA:23,19,0,3
BRDA:23,19,1,0
BRDA:23,19,2,3
BRDA:24,20,0,0
BRDA:24,20,1,0
BRDA:25,21,0,0
BRDA:25,21,1,0
BRDA:28,22,0,0
BRDA:28,22,1,0
BRDA:29,23,0,0
BRDA:29,23,1,0
BRDA:29,24,0,0
BRDA:29,24,1,0
BRDA:30,25,0,0
BRDA:30,25,1,0
BRDA:30,26,0,0
BRDA:30,26,1,0
BRDA:30,26,2,0
BRDA:30,27,0,0
BRDA:30,27,1,0
BRDA:30,28,0,0
BRDA:30,28,1,0
BRDA:30,29,0,0
BRDA:30,29,1,0
BRDA:30,30,0,0
BRDA:30,30,1,0
BRDA:31,31,0,0
BRDA:31,31,1,0
BRDA:32,32,0,0
BRDA:32,32,1,0
BRDA:32,32,2,0
BRDA:32,32,3,0
BRDA:32,32,4,0
BRDA:32,32,5,0
BRDA:38,33,0,0
BRDA:38,33,1,0
BRDA:38,34,0,0
BRDA:38,34,1,0
BRDA:38,34,2,0
BRDA:38,35,0,0
BRDA:38,35,1,0
BRDA:39,36,0,0
BRDA:39,36,1,0
BRDA:39,37,0,0
BRDA:39,37,1,0
BRDA:39,37,2,0
BRDA:39,37,3,0
BRDA:40,38,0,0
BRDA:40,38,1,0
BRDA:40,39,0,0
BRDA:40,39,1,0
BRDA:41,40,0,0
BRDA:41,40,1,0
BRDA:41,41,0,0
BRDA:41,41,1,0
BRDA:42,42,0,0
BRDA:42,42,1,0
BRDA:47,43,0,0
BRDA:47,43,1,0
BRDA:47,44,0,0
BRDA:47,44,1,0
BRDA:67,45,0,0
BRDA:67,45,1,0
BRDA:67,45,2,0
BRDA:67,45,3,0
BRDA:89,46,0,0
BRDA:89,46,1,0
BRDA:89,46,2,0
BRDA:89,46,3,0
BRDA:110,47,0,0
BRDA:110,47,1,0
BRDA:110,47,2,0
BRDA:110,47,3,0
BRDA:205,48,0,0
BRDA:205,48,1,0
BRDA:221,49,0,0
BRDA:221,49,1,0
BRF:120
BRH:18
end_of_record
TN:
SF:build\user\user.facade.js
FN:2,(anonymous_0)
FN:8,(anonymous_1)
FN:11,(anonymous_2)
FN:12,(anonymous_3)
FN:14,(anonymous_4)
FN:15,adopt
FN:15,(anonymous_6)
FN:16,(anonymous_7)
FN:17,fulfilled
FN:18,rejected
FN:19,step
FN:23,(anonymous_11)
FN:24,(anonymous_12)
FN:25,(anonymous_13)
FN:26,verb
FN:26,(anonymous_15)
FN:27,step
FN:57,(anonymous_17)
FN:58,UserFacade
FN:61,(anonymous_19)
FN:62,(anonymous_20)
FN:64,(anonymous_21)
FN:94,(anonymous_22)
FN:95,(anonymous_23)
FN:97,(anonymous_24)
FN:111,(anonymous_25)
FN:112,(anonymous_26)
FN:114,(anonymous_27)
FN:127,(anonymous_28)
FN:128,(anonymous_29)
FN:130,(anonymous_30)
FN:143,(anonymous_31)
FN:144,(anonymous_32)
FN:146,(anonymous_33)
FN:159,(anonymous_34)
FN:160,(anonymous_35)
FN:162,(anonymous_36)
FN:172,(anonymous_37)
FN:173,(anonymous_38)
FN:174,(anonymous_39)
FN:193,(anonymous_40)
FN:194,(anonymous_41)
FN:196,(anonymous_42)
FN:206,(anonymous_43)
FN:207,(anonymous_44)
FN:208,(anonymous_45)
FN:228,(anonymous_46)
FN:229,(anonymous_47)
FN:231,(anonymous_48)
FN:261,(anonymous_49)
FN:262,(anonymous_50)
FN:264,(anonymous_51)
FN:283,(anonymous_52)
FN:284,(anonymous_53)
FN:286,(anonymous_54)
FN:300,(anonymous_55)
FN:301,(anonymous_56)
FN:303,(anonymous_57)
FN:316,(anonymous_58)
FN:317,(anonymous_59)
FN:319,(anonymous_60)
FN:334,(anonymous_61)
FN:335,(anonymous_62)
FN:337,(anonymous_63)
FN:353,(anonymous_64)
FN:354,(anonymous_65)
FN:356,(anonymous_66)
FN:372,(anonymous_67)
FN:373,(anonymous_68)
FN:375,(anonymous_69)
FN:391,(anonymous_70)
FN:392,(anonymous_71)
FN:394,(anonymous_72)
FNF:73
FNH:34
FNDA:3,(anonymous_0)
FNDA:3,(anonymous_1)
FNDA:3,(anonymous_2)
FNDA:3,(anonymous_3)
FNDA:9,(anonymous_4)
FNDA:9,adopt
FNDA:0,(anonymous_6)
FNDA:9,(anonymous_7)
FNDA:9,fulfilled
FNDA:0,rejected
FNDA:18,step
FNDA:9,(anonymous_11)
FNDA:9,(anonymous_12)
FNDA:0,(anonymous_13)
FNDA:27,verb
FNDA:18,(anonymous_15)
FNDA:18,step
FNDA:3,(anonymous_17)
FNDA:3,UserFacade
FNDA:2,(anonymous_19)
FNDA:2,(anonymous_20)
FNDA:4,(anonymous_21)
FNDA:0,(anonymous_22)
FNDA:0,(anonymous_23)
FNDA:0,(anonymous_24)
FNDA:2,(anonymous_25)
FNDA:2,(anonymous_26)
FNDA:4,(anonymous_27)
FNDA:0,(anonymous_28)
FNDA:0,(anonymous_29)
FNDA:0,(anonymous_30)
FNDA:0,(anonymous_31)
FNDA:0,(anonymous_32)
FNDA:0,(anonymous_33)
FNDA:3,(anonymous_34)
FNDA:3,(anonymous_35)
FNDA:6,(anonymous_36)
FNDA:918,(anonymous_37)
FNDA:455328,(anonymous_38)
FNDA:455328,(anonymous_39)
FNDA:2,(anonymous_40)
FNDA:2,(anonymous_41)
FNDA:4,(anonymous_42)
FNDA:18,(anonymous_43)
FNDA:8928,(anonymous_44)
FNDA:8928,(anonymous_45)
FNDA:0,(anonymous_46)
FNDA:0,(anonymous_47)
FNDA:0,(anonymous_48)
FNDA:0,(anonymous_49)
FNDA:0,(anonymous_50)
FNDA:0,(anonymous_51)
FNDA:0,(anonymous_52)
FNDA:0,(anonymous_53)
FNDA:0,(anonymous_54)
FNDA:0,(anonymous_55)
FNDA:0,(anonymous_56)
FNDA:0,(anonymous_57)
FNDA:0,(anonymous_58)
FNDA:0,(anonymous_59)
FNDA:0,(anonymous_60)
FNDA:0,(anonymous_61)
FNDA:0,(anonymous_62)
FNDA:0,(anonymous_63)
FNDA:0,(anonymous_64)
FNDA:0,(anonymous_65)
FNDA:0,(anonymous_66)
FNDA:0,(anonymous_67)
FNDA:0,(anonymous_68)
FNDA:0,(anonymous_69)
FNDA:0,(anonymous_70)
FNDA:0,(anonymous_71)
FNDA:0,(anonymous_72)
DA:2,3
DA:3,3
DA:4,3
DA:5,0
DA:6,3
DA:8,3
DA:9,3
DA:11,3
DA:12,3
DA:14,3
DA:15,9
DA:16,9
DA:17,9
DA:18,0
DA:19,18
DA:20,9
DA:23,3
DA:24,9
DA:25,9
DA:26,27
DA:28,18
DA:29,36
DA:30,36
DA:31,36
DA:32,36
DA:33,18
DA:34,9
DA:35,0
DA:36,0
DA:38,9
DA:39,0
DA:40,0
DA:41,0
DA:42,0
DA:43,0
DA:45,18
DA:46,36
DA:47,9
DA:50,3
DA:51,3
DA:52,3
DA:53,3
DA:54,3
DA:55,3
DA:56,3
DA:57,3
DA:59,3
DA:61,3
DA:62,2
DA:64,2
DA:65,4
DA:67,2
DA:68,0
DA:70,2
DA:71,2
DA:72,0
DA:74,2
DA:75,2
DA:79,2
DA:81,2
DA:82,2
DA:83,0
DA:85,2
DA:86,2
DA:87,2
DA:94,3
DA:95,0
DA:97,0
DA:98,0
DA:100,0
DA:101,0
DA:103,0
DA:104,0
DA:106,0
DA:111,3
DA:112,2
DA:114,2
DA:115,4
DA:116,2
DA:118,2
DA:119,2
DA:120,0
DA:122,2
DA:127,3
DA:128,0
DA:130,0
DA:131,0
DA:132,0
DA:134,0
DA:135,0
DA:136,0
DA:138,0
DA:143,3
DA:144,0
DA:146,0
DA:147,0
DA:148,0
DA:150,0
DA:151,0
DA:152,0
DA:154,0
DA:159,3
DA:160,3
DA:162,3
DA:163,6
DA:164,3
DA:166,3
DA:167,3
DA:168,0
DA:170,3
DA:171,3
DA:172,3
DA:173,455328
DA:174,455328
DA:175,918
DA:188,3
DA:193,3
DA:194,2
DA:196,2
DA:197,4
DA:198,2
DA:200,2
DA:201,2
DA:202,0
DA:204,2
DA:205,2
DA:206,2
DA:207,8928
DA:208,8928
DA:209,18
DA:222,2
DA:228,3
DA:229,0
DA:231,0
DA:232,0
DA:234,0
DA:235,0
DA:237,0
DA:238,0
DA:239,0
DA:241,0
DA:242,0
DA:243,0
DA:245,0
DA:247,0
DA:248,0
DA:250,0
DA:251,0
DA:253,0
DA:254,0
DA:255,0
DA:256,0
DA:261,3
DA:262,0
DA:264,0
DA:265,0
DA:266,0
DA:271,0
DA:272,0
DA:273,0
DA:275,0
DA:277,0
DA:278,0
DA:283,3
DA:284,0
DA:286,0
DA:287,0
DA:288,0
DA:290,0
DA:291,0
DA:292,0
DA:294,0
DA:300,3
DA:301,0
DA:303,0
DA:304,0
DA:305,0
DA:307,0
DA:308,0
DA:309,0
DA:311,0
DA:316,3
DA:317,0
DA:319,0
DA:320,0
DA:322,0
DA:323,0
DA:325,0
DA:326,0
DA:327,0
DA:329,0
DA:334,3
DA:335,0
DA:337,0
DA:338,0
DA:340,0
DA:341,0
DA:343,0
DA:344,0
DA:346,0
DA:347,0
DA:348,0
DA:353,3
DA:354,0
DA:356,0
DA:357,0
DA:359,0
DA:360,0
DA:362,0
DA:363,0
DA:365,0
DA:366,0
DA:367,0
DA:372,3
DA:373,0
DA:375,0
DA:376,0
DA:378,0
DA:379,0
DA:381,0
DA:382,0
DA:384,0
DA:385,0
DA:386,0
DA:391,3
DA:392,0
DA:394,0
DA:395,0
DA:397,0
DA:398,0
DA:400,0
DA:401,0
DA:403,0
DA:404,0
DA:405,0
DA:410,3
DA:415,3
LF:237
LH:103
BRDA:2,0,0,3
BRDA:2,0,1,0
BRDA:2,0,2,3
BRDA:3,1,0,3
BRDA:3,1,1,0
BRDA:3,2,0,0
BRDA:3,2,1,0
BRDA:4,3,0,3
BRDA:4,3,1,0
BRDA:4,4,0,3
BRDA:4,4,1,3
BRDA:5,5,0,0
BRDA:5,5,1,0
BRDA:5,6,0,0
BRDA:5,6,1,0
BRDA:5,7,0,0
BRDA:5,7,1,0
BRDA:5,8,0,0
BRDA:5,8,1,0
BRDA:6,9,0,3
BRDA:6,9,1,0
BRDA:6,9,2,0
BRDA:8,10,0,3
BRDA:8,10,1,0
BRDA:8,10,2,3
BRDA:9,11,0,3
BRDA:9,11,1,0
BRDA:9,12,0,3
BRDA:9,12,1,3
BRDA:11,13,0,3
BRDA:11,13,1,0
BRDA:11,13,2,3
BRDA:14,14,0,3
BRDA:14,14,1,0
BRDA:14,14,2,3
BRDA:15,15,0,9
BRDA:15,15,1,0
BRDA:16,16,0,9
BRDA:16,16,1,9
BRDA:19,17,0,9
BRDA:19,17,1,9
BRDA:20,18,0,9
BRDA:20,18,1,9
BRDA:23,19,0,3
BRDA:23,19,1,0
BRDA:23,19,2,3
BRDA:24,20,0,0
BRDA:24,20,1,9
BRDA:25,21,0,9
BRDA:25,21,1,9
BRDA:28,22,0,0
BRDA:28,22,1,18
BRDA:29,23,0,45
BRDA:29,23,1,9
BRDA:29,24,0,9
BRDA:29,24,1,0
BRDA:30,25,0,0
BRDA:30,25,1,36
BRDA:30,26,0,36
BRDA:30,26,1,0
BRDA:30,26,2,0
BRDA:30,27,0,0
BRDA:30,27,1,0
BRDA:30,28,0,0
BRDA:30,28,1,0
BRDA:30,29,0,0
BRDA:30,29,1,0
BRDA:30,30,0,0
BRDA:30,30,1,0
BRDA:31,31,0,0
BRDA:31,31,1,36
BRDA:32,32,0,18
BRDA:32,32,1,18
BRDA:32,32,2,9
BRDA:32,32,3,0
BRDA:32,32,4,0
BRDA:32,32,5,9
BRDA:38,33,0,9
BRDA:38,33,1,0
BRDA:38,34,0,9
BRDA:38,34,1,9
BRDA:38,34,2,9
BRDA:38,35,0,9
BRDA:38,35,1,0
BRDA:39,36,0,0
BRDA:39,36,1,0
BRDA:39,37,0,0
BRDA:39,37,1,0
BRDA:39,37,2,0
BRDA:39,37,3,0
BRDA:40,38,0,0
BRDA:40,38,1,0
BRDA:40,39,0,0
BRDA:40,39,1,0
BRDA:41,40,0,0
BRDA:41,40,1,0
BRDA:41,41,0,0
BRDA:41,41,1,0
BRDA:42,42,0,0
BRDA:42,42,1,0
BRDA:47,43,0,0
BRDA:47,43,1,9
BRDA:47,44,0,9
BRDA:47,44,1,0
BRDA:65,45,0,2
BRDA:65,45,1,2
BRDA:67,46,0,0
BRDA:67,46,1,2
BRDA:71,47,0,0
BRDA:71,47,1,2
BRDA:82,48,0,0
BRDA:82,48,1,2
BRDA:98,49,0,0
BRDA:98,49,1,0
BRDA:103,50,0,0
BRDA:103,50,1,0
BRDA:115,51,0,2
BRDA:115,51,1,2
BRDA:119,52,0,0
BRDA:119,52,1,2
BRDA:131,53,0,0
BRDA:131,53,1,0
BRDA:135,54,0,0
BRDA:135,54,1,0
BRDA:147,55,0,0
BRDA:147,55,1,0
BRDA:151,56,0,0
BRDA:151,56,1,0
BRDA:163,57,0,3
BRDA:163,57,1,3
BRDA:167,58,0,0
BRDA:167,58,1,3
BRDA:197,59,0,2
BRDA:197,59,1,2
BRDA:201,60,0,0
BRDA:201,60,1,2
BRDA:232,61,0,0
BRDA:232,61,1,0
BRDA:232,61,2,0
BRDA:232,61,3,0
BRDA:232,61,4,0
BRDA:238,62,0,0
BRDA:238,62,1,0
BRDA:241,63,0,0
BRDA:241,63,1,0
BRDA:241,64,0,0
BRDA:241,64,1,0
BRDA:242,65,0,0
BRDA:242,65,1,0
BRDA:242,66,0,0
BRDA:242,66,1,0
BRDA:265,67,0,0
BRDA:265,67,1,0
BRDA:265,67,2,0
BRDA:272,68,0,0
BRDA:272,68,1,0
BRDA:287,69,0,0
BRDA:287,69,1,0
BRDA:291,70,0,0
BRDA:291,70,1,0
BRDA:304,71,0,0
BRDA:304,71,1,0
BRDA:308,72,0,0
BRDA:308,72,1,0
BRDA:320,73,0,0
BRDA:320,73,1,0
BRDA:326,74,0,0
BRDA:326,74,1,0
BRDA:338,75,0,0
BRDA:338,75,1,0
BRDA:338,75,2,0
BRDA:338,75,3,0
BRDA:357,76,0,0
BRDA:357,76,1,0
BRDA:357,76,2,0
BRDA:357,76,3,0
BRDA:376,77,0,0
BRDA:376,77,1,0
BRDA:376,77,2,0
BRDA:376,77,3,0
BRDA:395,78,0,0
BRDA:395,78,1,0
BRDA:395,78,2,0
BRDA:395,78,3,0
BRF:184
BRH:60
end_of_record
TN:
SF:build\user\user.service.js
FN:2,(anonymous_0)
FN:3,(anonymous_1)
FN:13,(anonymous_2)
FN:19,(anonymous_3)
FN:22,(anonymous_4)
FN:23,(anonymous_5)
FN:25,(anonymous_6)
FN:26,adopt
FN:26,(anonymous_8)
FN:27,(anonymous_9)
FN:28,fulfilled
FN:29,rejected
FN:30,step
FN:34,(anonymous_13)
FN:35,(anonymous_14)
FN:36,(anonymous_15)
FN:37,verb
FN:37,(anonymous_17)
FN:38,step
FN:70,(anonymous_19)
FN:71,UserService
FN:74,(anonymous_21)
FN:75,(anonymous_22)
FN:77,(anonymous_23)
FN:151,(anonymous_24)
FN:152,(anonymous_25)
FN:153,(anonymous_26)
FN:159,(anonymous_27)
FN:172,(anonymous_28)
FN:173,(anonymous_29)
FN:175,(anonymous_30)
FN:189,(anonymous_31)
FN:200,(anonymous_32)
FN:201,(anonymous_33)
FN:203,(anonymous_34)
FN:227,(anonymous_35)
FN:228,(anonymous_36)
FN:230,(anonymous_37)
FN:247,(anonymous_38)
FN:248,(anonymous_39)
FN:250,(anonymous_40)
FN:273,(anonymous_41)
FN:274,(anonymous_42)
FN:275,(anonymous_43)
FN:283,(anonymous_44)
FN:284,(anonymous_45)
FN:286,(anonymous_46)
FN:316,(anonymous_47)
FN:317,(anonymous_48)
FN:319,(anonymous_49)
FN:375,(anonymous_50)
FN:376,(anonymous_51)
FN:378,(anonymous_52)
FN:417,(anonymous_53)
FN:418,(anonymous_54)
FN:420,(anonymous_55)
FN:457,(anonymous_56)
FN:458,(anonymous_57)
FN:460,(anonymous_58)
FN:487,(anonymous_59)
FN:488,(anonymous_60)
FN:490,(anonymous_61)
FN:527,(anonymous_62)
FN:528,(anonymous_63)
FN:530,(anonymous_64)
FN:553,(anonymous_65)
FN:554,(anonymous_66)
FN:556,(anonymous_67)
FN:580,(anonymous_68)
FN:581,(anonymous_69)
FN:583,(anonymous_70)
FN:598,(anonymous_71)
FN:599,(anonymous_72)
FN:601,(anonymous_73)
FN:647,(anonymous_74)
FN:648,(anonymous_75)
FN:650,(anonymous_76)
FN:696,(anonymous_77)
FN:697,(anonymous_78)
FN:699,(anonymous_79)
FN:723,(anonymous_80)
FN:732,(anonymous_81)
FN:733,(anonymous_82)
FN:735,(anonymous_83)
FN:759,(anonymous_84)
FNF:85
FNH:33
FNDA:4,(anonymous_0)
FNDA:0,(anonymous_1)
FNDA:3,(anonymous_2)
FNDA:3,(anonymous_3)
FNDA:3,(anonymous_4)
FNDA:3,(anonymous_5)
FNDA:11,(anonymous_6)
FNDA:28,adopt
FNDA:22,(anonymous_8)
FNDA:11,(anonymous_9)
FNDA:28,fulfilled
FNDA:0,rejected
FNDA:39,step
FNDA:11,(anonymous_13)
FNDA:28,(anonymous_14)
FNDA:0,(anonymous_15)
FNDA:33,verb
FNDA:39,(anonymous_17)
FNDA:39,step
FNDA:3,(anonymous_19)
FNDA:6,UserService
FNDA:2,(anonymous_21)
FNDA:2,(anonymous_22)
FNDA:14,(anonymous_23)
FNDA:0,(anonymous_24)
FNDA:0,(anonymous_25)
FNDA:0,(anonymous_26)
FNDA:0,(anonymous_27)
FNDA:2,(anonymous_28)
FNDA:2,(anonymous_29)
FNDA:6,(anonymous_30)
FNDA:0,(anonymous_31)
FNDA:0,(anonymous_32)
FNDA:0,(anonymous_33)
FNDA:0,(anonymous_34)
FNDA:0,(anonymous_35)
FNDA:0,(anonymous_36)
FNDA:0,(anonymous_37)
FNDA:0,(anonymous_38)
FNDA:0,(anonymous_39)
FNDA:0,(anonymous_40)
FNDA:0,(anonymous_41)
FNDA:0,(anonymous_42)
FNDA:0,(anonymous_43)
FNDA:3,(anonymous_44)
FNDA:3,(anonymous_45)
FNDA:9,(anonymous_46)
FNDA:2,(anonymous_47)
FNDA:2,(anonymous_48)
FNDA:6,(anonymous_49)
FNDA:0,(anonymous_50)
FNDA:0,(anonymous_51)
FNDA:0,(anonymous_52)
FNDA:0,(anonymous_53)
FNDA:0,(anonymous_54)
FNDA:0,(anonymous_55)
FNDA:0,(anonymous_56)
FNDA:0,(anonymous_57)
FNDA:0,(anonymous_58)
FNDA:0,(anonymous_59)
FNDA:0,(anonymous_60)
FNDA:0,(anonymous_61)
FNDA:0,(anonymous_62)
FNDA:0,(anonymous_63)
FNDA:0,(anonymous_64)
FNDA:0,(anonymous_65)
FNDA:0,(anonymous_66)
FNDA:0,(anonymous_67)
FNDA:2,(anonymous_68)
FNDA:2,(anonymous_69)
FNDA:4,(anonymous_70)
FNDA:0,(anonymous_71)
FNDA:0,(anonymous_72)
FNDA:0,(anonymous_73)
FNDA:0,(anonymous_74)
FNDA:0,(anonymous_75)
FNDA:0,(anonymous_76)
FNDA:0,(anonymous_77)
FNDA:0,(anonymous_78)
FNDA:0,(anonymous_79)
FNDA:0,(anonymous_80)
FNDA:0,(anonymous_81)
FNDA:0,(anonymous_82)
FNDA:0,(anonymous_83)
FNDA:0,(anonymous_84)
DA:2,3
DA:3,4
DA:4,0
DA:5,0
DA:6,0
DA:7,0
DA:9,0
DA:11,4
DA:13,3
DA:14,3
DA:15,3
DA:16,0
DA:17,3
DA:19,3
DA:20,3
DA:22,3
DA:23,3
DA:25,3
DA:26,28
DA:27,11
DA:28,28
DA:29,0
DA:30,39
DA:31,11
DA:34,3
DA:35,28
DA:36,11
DA:37,39
DA:39,39
DA:40,83
DA:41,83
DA:42,83
DA:43,83
DA:44,39
DA:45,28
DA:46,0
DA:47,0
DA:49,16
DA:50,5
DA:51,5
DA:52,5
DA:53,5
DA:54,5
DA:56,39
DA:57,83
DA:58,11
DA:61,3
DA:62,3
DA:63,3
DA:64,3
DA:65,3
DA:66,3
DA:67,3
DA:68,3
DA:69,3
DA:70,3
DA:72,6
DA:74,3
DA:75,2
DA:77,2
DA:78,14
DA:80,2
DA:81,2
DA:87,2
DA:88,2
DA:89,0
DA:91,2
DA:97,2
DA:98,2
DA:104,2
DA:105,2
DA:128,2
DA:129,2
DA:131,2
DA:132,2
DA:133,2
DA:144,2
DA:145,2
DA:146,0
DA:151,3
DA:152,0
DA:153,0
DA:154,0
DA:155,0
DA:160,0
DA:161,0
DA:164,0
DA:167,0
DA:172,3
DA:173,2
DA:175,2
DA:176,6
DA:177,2
DA:179,2
DA:180,2
DA:190,0
DA:193,2
DA:195,2
DA:200,3
DA:201,0
DA:203,0
DA:204,0
DA:206,0
DA:207,0
DA:209,0
DA:210,0
DA:211,0
DA:213,0
DA:214,0
DA:215,0
DA:217,0
DA:218,0
DA:220,0
DA:221,0
DA:222,0
DA:227,3
DA:228,0
DA:230,0
DA:231,0
DA:232,0
DA:238,0
DA:239,0
DA:240,0
DA:242,0
DA:247,3
DA:248,0
DA:250,0
DA:251,0
DA:253,0
DA:254,0
DA:260,0
DA:261,0
DA:262,0
DA:264,0
DA:266,0
DA:267,0
DA:268,0
DA:273,3
DA:274,0
DA:275,0
DA:276,0
DA:277,0
DA:278,0
DA:283,3
DA:284,3
DA:286,3
DA:287,9
DA:289,3
DA:290,3
DA:294,3
DA:295,3
DA:303,3
DA:304,3
DA:305,0
DA:307,3
DA:309,0
DA:310,0
DA:311,0
DA:316,3
DA:317,2
DA:319,2
DA:320,6
DA:322,2
DA:323,2
DA:352,2
DA:353,2
DA:361,2
DA:362,2
DA:363,0
DA:365,2
DA:367,0
DA:368,0
DA:369,0
DA:375,3
DA:376,0
DA:378,0
DA:379,0
DA:381,0
DA:382,0
DA:388,0
DA:389,0
DA:390,0
DA:392,0
DA:407,0
DA:408,0
DA:410,0
DA:411,0
DA:412,0
DA:417,3
DA:418,0
DA:420,0
DA:421,0
DA:423,0
DA:424,0
DA:425,0
DA:431,0
DA:432,0
DA:433,0
DA:435,0
DA:437,0
DA:438,0
DA:447,0
DA:448,0
DA:450,0
DA:451,0
DA:452,0
DA:457,3
DA:458,0
DA:460,0
DA:461,0
DA:463,0
DA:464,0
DA:465,0
DA:467,0
DA:468,0
DA:469,0
DA:471,0
DA:473,0
DA:474,0
DA:475,0
DA:477,0
DA:479,0
DA:480,0
DA:481,0
DA:487,3
DA:488,0
DA:490,0
DA:491,0
DA:493,0
DA:494,0
DA:501,0
DA:502,0
DA:503,0
DA:504,0
DA:505,0
DA:506,0
DA:508,0
DA:509,0
DA:510,0
DA:512,0
DA:514,0
DA:515,0
DA:518,0
DA:520,0
DA:521,0
DA:522,0
DA:527,3
DA:528,0
DA:530,0
DA:531,0
DA:533,0
DA:534,0
DA:540,0
DA:541,0
DA:542,0
DA:544,0
DA:546,0
DA:547,0
DA:548,0
DA:553,3
DA:554,0
DA:556,0
DA:557,0
DA:559,0
DA:560,0
DA:567,0
DA:568,0
DA:569,0
DA:571,0
DA:573,0
DA:574,0
DA:575,0
DA:580,3
DA:581,2
DA:583,2
DA:584,4
DA:585,2
DA:592,2
DA:593,2
DA:598,3
DA:599,0
DA:601,0
DA:602,0
DA:604,0
DA:605,0
DA:611,0
DA:612,0
DA:613,0
DA:615,0
DA:621,0
DA:622,0
DA:623,0
DA:625,0
DA:627,0
DA:628,0
DA:630,0
DA:637,0
DA:638,0
DA:640,0
DA:641,0
DA:642,0
DA:647,3
DA:648,0
DA:650,0
DA:651,0
DA:653,0
DA:654,0
DA:660,0
DA:661,0
DA:662,0
DA:664,0
DA:666,0
DA:667,0
DA:669,0
DA:675,0
DA:676,0
DA:677,0
DA:679,0
DA:686,0
DA:687,0
DA:689,0
DA:690,0
DA:691,0
DA:696,3
DA:697,0
DA:699,0
DA:700,0
DA:702,0
DA:703,0
DA:704,0
DA:722,0
DA:723,0
DA:725,0
DA:726,0
DA:727,0
DA:732,3
DA:733,0
DA:735,0
DA:736,0
DA:738,0
DA:739,0
DA:740,0
DA:758,0
DA:759,0
DA:761,0
DA:762,0
DA:763,0
DA:768,3
DA:773,3
LF:349
LH:123
BRDA:2,0,0,3
BRDA:2,0,1,0
BRDA:2,0,2,3
BRDA:3,1,0,4
BRDA:3,1,1,0
BRDA:6,2,0,0
BRDA:6,2,1,0
BRDA:13,3,0,3
BRDA:13,3,1,0
BRDA:13,3,2,3
BRDA:14,4,0,3
BRDA:14,4,1,0
BRDA:14,5,0,0
BRDA:14,5,1,0
BRDA:15,6,0,3
BRDA:15,6,1,0
BRDA:15,7,0,3
BRDA:15,7,1,3
BRDA:16,8,0,0
BRDA:16,8,1,0
BRDA:16,9,0,0
BRDA:16,9,1,0
BRDA:16,10,0,0
BRDA:16,10,1,0
BRDA:16,11,0,0
BRDA:16,11,1,0
BRDA:17,12,0,3
BRDA:17,12,1,0
BRDA:17,12,2,0
BRDA:19,13,0,3
BRDA:19,13,1,0
BRDA:19,13,2,3
BRDA:20,14,0,3
BRDA:20,14,1,0
BRDA:20,15,0,3
BRDA:20,15,1,3
BRDA:22,16,0,3
BRDA:22,16,1,0
BRDA:22,16,2,3
BRDA:25,17,0,3
BRDA:25,17,1,0
BRDA:25,17,2,3
BRDA:26,18,0,6
BRDA:26,18,1,22
BRDA:27,19,0,11
BRDA:27,19,1,11
BRDA:30,20,0,11
BRDA:30,20,1,28
BRDA:31,21,0,11
BRDA:31,21,1,11
BRDA:34,22,0,3
BRDA:34,22,1,0
BRDA:34,22,2,3
BRDA:35,23,0,0
BRDA:35,23,1,28
BRDA:36,24,0,11
BRDA:36,24,1,11
BRDA:39,25,0,0
BRDA:39,25,1,39
BRDA:40,26,0,94
BRDA:40,26,1,11
BRDA:40,27,0,11
BRDA:40,27,1,0
BRDA:41,28,0,0
BRDA:41,28,1,83
BRDA:41,29,0,83
BRDA:41,29,1,0
BRDA:41,29,2,0
BRDA:41,30,0,0
BRDA:41,30,1,0
BRDA:41,31,0,0
BRDA:41,31,1,0
BRDA:41,32,0,0
BRDA:41,32,1,0
BRDA:41,33,0,0
BRDA:41,33,1,0
BRDA:42,34,0,0
BRDA:42,34,1,83
BRDA:43,35,0,39
BRDA:43,35,1,39
BRDA:43,35,2,28
BRDA:43,35,3,0
BRDA:43,35,4,0
BRDA:43,35,5,16
BRDA:49,36,0,11
BRDA:49,36,1,5
BRDA:49,37,0,16
BRDA:49,37,1,11
BRDA:49,37,2,11
BRDA:49,38,0,16
BRDA:49,38,1,5
BRDA:50,39,0,0
BRDA:50,39,1,5
BRDA:50,40,0,5
BRDA:50,40,1,0
BRDA:50,40,2,0
BRDA:50,40,3,0
BRDA:51,41,0,0
BRDA:51,41,1,5
BRDA:51,42,0,5
BRDA:51,42,1,0
BRDA:52,43,0,0
BRDA:52,43,1,5
BRDA:52,44,0,5
BRDA:52,44,1,5
BRDA:53,45,0,0
BRDA:53,45,1,5
BRDA:58,46,0,0
BRDA:58,46,1,11
BRDA:58,47,0,11
BRDA:58,47,1,0
BRDA:78,48,0,2
BRDA:78,48,1,2
BRDA:78,48,2,2
BRDA:78,48,3,2
BRDA:78,48,4,2
BRDA:78,48,5,2
BRDA:78,48,6,2
BRDA:78,48,7,0
BRDA:88,49,0,0
BRDA:88,49,1,2
BRDA:132,50,0,0
BRDA:132,50,1,2
BRDA:154,51,0,0
BRDA:154,51,1,0
BRDA:176,52,0,2
BRDA:176,52,1,2
BRDA:176,52,2,2
BRDA:204,53,0,0
BRDA:204,53,1,0
BRDA:204,53,2,0
BRDA:204,53,3,0
BRDA:204,53,4,0
BRDA:214,54,0,0
BRDA:214,54,1,0
BRDA:231,55,0,0
BRDA:231,55,1,0
BRDA:239,56,0,0
BRDA:239,56,1,0
BRDA:251,57,0,0
BRDA:251,57,1,0
BRDA:251,57,2,0
BRDA:251,57,3,0
BRDA:261,58,0,0
BRDA:261,58,1,0
BRDA:276,59,0,0
BRDA:276,59,1,0
BRDA:287,60,0,3
BRDA:287,60,1,3
BRDA:287,60,2,3
BRDA:287,60,3,0
BRDA:287,60,4,0
BRDA:304,61,0,0
BRDA:304,61,1,3
BRDA:304,62,0,3
BRDA:304,62,1,3
BRDA:320,63,0,2
BRDA:320,63,1,2
BRDA:320,63,2,2
BRDA:320,63,3,0
BRDA:320,63,4,0
BRDA:362,64,0,0
BRDA:362,64,1,2
BRDA:362,65,0,2
BRDA:362,65,1,2
BRDA:362,65,2,2
BRDA:379,66,0,0
BRDA:379,66,1,0
BRDA:379,66,2,0
BRDA:379,66,3,0
BRDA:379,66,4,0
BRDA:389,67,0,0
BRDA:389,67,1,0
BRDA:397,68,0,0
BRDA:397,68,1,0
BRDA:398,69,0,0
BRDA:398,69,1,0
BRDA:399,70,0,0
BRDA:399,70,1,0
BRDA:400,71,0,0
BRDA:400,71,1,0
BRDA:401,72,0,0
BRDA:401,72,1,0
BRDA:402,73,0,0
BRDA:402,73,1,0
BRDA:403,74,0,0
BRDA:403,74,1,0
BRDA:421,75,0,0
BRDA:421,75,1,0
BRDA:421,75,2,0
BRDA:421,75,3,0
BRDA:421,75,4,0
BRDA:421,75,5,0
BRDA:432,76,0,0
BRDA:432,76,1,0
BRDA:461,77,0,0
BRDA:461,77,1,0
BRDA:461,77,2,0
BRDA:461,77,3,0
BRDA:461,77,4,0
BRDA:468,78,0,0
BRDA:468,78,1,0
BRDA:474,79,0,0
BRDA:474,79,1,0
BRDA:491,80,0,0
BRDA:491,80,1,0
BRDA:491,80,2,0
BRDA:491,80,3,0
BRDA:491,80,4,0
BRDA:505,81,0,0
BRDA:505,81,1,0
BRDA:514,82,0,0
BRDA:514,82,1,0
BRDA:531,83,0,0
BRDA:531,83,1,0
BRDA:531,83,2,0
BRDA:531,83,3,0
BRDA:541,84,0,0
BRDA:541,84,1,0
BRDA:557,85,0,0
BRDA:557,85,1,0
BRDA:557,85,2,0
BRDA:557,85,3,0
BRDA:568,86,0,0
BRDA:568,86,1,0
BRDA:584,87,0,2
BRDA:584,87,1,2
BRDA:602,88,0,0
BRDA:602,88,1,0
BRDA:602,88,2,0
BRDA:602,88,3,0
BRDA:602,88,4,0
BRDA:602,88,5,0
BRDA:602,88,6,0
BRDA:612,89,0,0
BRDA:612,89,1,0
BRDA:622,90,0,0
BRDA:622,90,1,0
BRDA:627,91,0,0
BRDA:627,91,1,0
BRDA:651,92,0,0
BRDA:651,92,1,0
BRDA:651,92,2,0
BRDA:651,92,3,0
BRDA:651,92,4,0
BRDA:651,92,5,0
BRDA:651,92,6,0
BRDA:661,93,0,0
BRDA:661,93,1,0
BRDA:666,94,0,0
BRDA:666,94,1,0
BRDA:676,95,0,0
BRDA:676,95,1,0
BRDA:700,96,0,0
BRDA:700,96,1,0
BRDA:700,96,2,0
BRDA:700,96,3,0
BRDA:736,97,0,0
BRDA:736,97,1,0
BRDA:736,97,2,0
BRDA:736,97,3,0
BRF:261
BRH:87
end_of_record
TN:
SF:build\utils\convertDataTypes.js
FN:4,(anonymous_0)
FN:5,(anonymous_1)
FN:6,(anonymous_2)
FNF:3
FNH:3
FNDA:9,(anonymous_0)
FNDA:2,(anonymous_1)
FNDA:2,(anonymous_2)
DA:2,3
DA:3,3
DA:4,3
DA:5,9
DA:6,2
DA:7,2
DA:8,0
DA:9,0
DA:10,0
DA:11,0
DA:15,2
DA:18,3
LF:12
LH:8
BRDA:7,0,0,0
BRDA:7,0,1,2
BRDA:9,1,0,0
BRDA:9,1,1,0
BRF:4
BRH:1
end_of_record
TN:
SF:build\utils\createHash.js
FN:2,(anonymous_0)
FN:3,adopt
FN:3,(anonymous_2)
FN:4,(anonymous_3)
FN:5,fulfilled
FN:6,rejected
FN:7,step
FN:11,(anonymous_7)
FN:12,(anonymous_8)
FN:13,(anonymous_9)
FN:14,verb
FN:14,(anonymous_11)
FN:15,step
FN:42,hashPassword
FN:43,(anonymous_14)
FN:45,(anonymous_15)
FN:62,verifyHash
FN:63,(anonymous_17)
FN:64,(anonymous_18)
FNF:19
FNH:13
FNDA:2,(anonymous_0)
FNDA:2,adopt
FNDA:0,(anonymous_2)
FNDA:2,(anonymous_3)
FNDA:2,fulfilled
FNDA:0,rejected
FNDA:4,step
FNDA:2,(anonymous_7)
FNDA:2,(anonymous_8)
FNDA:0,(anonymous_9)
FNDA:6,verb
FNDA:4,(anonymous_11)
FNDA:4,step
FNDA:2,hashPassword
FNDA:2,(anonymous_14)
FNDA:4,(anonymous_15)
FNDA:0,verifyHash
FNDA:0,(anonymous_17)
FNDA:0,(anonymous_18)
DA:2,3
DA:3,2
DA:4,2
DA:5,2
DA:6,0
DA:7,4
DA:8,2
DA:11,3
DA:12,2
DA:13,2
DA:14,6
DA:16,4
DA:17,10
DA:18,10
DA:19,10
DA:20,10
DA:21,4
DA:22,2
DA:23,0
DA:24,0
DA:26,4
DA:27,2
DA:28,2
DA:29,2
DA:30,2
DA:31,2
DA:33,4
DA:34,10
DA:35,2
DA:38,3
DA:39,3
DA:40,3
DA:41,3
DA:43,2
DA:45,2
DA:46,4
DA:48,2
DA:49,2
DA:51,2
DA:52,2
DA:54,0
DA:55,0
DA:56,0
DA:61,3
DA:63,0
DA:64,0
DA:65,0
DA:66,0
DA:68,0
DA:69,0
DA:72,0
DA:74,0
DA:79,3
LF:53
LH:39
BRDA:2,0,0,3
BRDA:2,0,1,0
BRDA:2,0,2,3
BRDA:3,1,0,2
BRDA:3,1,1,0
BRDA:4,2,0,2
BRDA:4,2,1,2
BRDA:7,3,0,2
BRDA:7,3,1,2
BRDA:8,4,0,2
BRDA:8,4,1,2
BRDA:11,5,0,3
BRDA:11,5,1,0
BRDA:11,5,2,3
BRDA:12,6,0,0
BRDA:12,6,1,2
BRDA:13,7,0,2
BRDA:13,7,1,2
BRDA:16,8,0,0
BRDA:16,8,1,4
BRDA:17,9,0,12
BRDA:17,9,1,2
BRDA:17,10,0,2
BRDA:17,10,1,0
BRDA:18,11,0,0
BRDA:18,11,1,10
BRDA:18,12,0,10
BRDA:18,12,1,0
BRDA:18,12,2,0
BRDA:18,13,0,0
BRDA:18,13,1,0
BRDA:18,14,0,0
BRDA:18,14,1,0
BRDA:18,15,0,0
BRDA:18,15,1,0
BRDA:18,16,0,0
BRDA:18,16,1,0
BRDA:19,17,0,0
BRDA:19,17,1,10
BRDA:20,18,0,4
BRDA:20,18,1,4
BRDA:20,18,2,2
BRDA:20,18,3,0
BRDA:20,18,4,0
BRDA:20,18,5,4
BRDA:26,19,0,2
BRDA:26,19,1,2
BRDA:26,20,0,4
BRDA:26,20,1,2
BRDA:26,20,2,2
BRDA:26,21,0,4
BRDA:26,21,1,2
BRDA:27,22,0,0
BRDA:27,22,1,2
BRDA:27,23,0,2
BRDA:27,23,1,0
BRDA:27,23,2,0
BRDA:27,23,3,0
BRDA:28,24,0,0
BRDA:28,24,1,2
BRDA:28,25,0,2
BRDA:28,25,1,0
BRDA:29,26,0,0
BRDA:29,26,1,2
BRDA:29,27,0,2
BRDA:29,27,1,2
BRDA:30,28,0,0
BRDA:30,28,1,2
BRDA:35,29,0,0
BRDA:35,29,1,2
BRDA:35,30,0,2
BRDA:35,30,1,0
BRDA:46,31,0,2
BRDA:46,31,1,2
BRDA:46,31,2,0
BRDA:46,31,3,0
BRDA:65,32,0,0
BRDA:65,32,1,0
BRDA:68,33,0,0
BRDA:68,33,1,0
BRF:80
BRH:44
end_of_record
TN:
SF:build\utils\logger.js
FNF:0
FNH:0
DA:2,3
DA:3,3
DA:4,3
DA:5,3
DA:16,3
LF:5
LH:5
BRF:0
BRH:0
end_of_record
TN:
SF:build\utils\rateLimiter.js
FN:2,(anonymous_0)
FNF:1
FNH:1
FNDA:3,(anonymous_0)
DA:2,3
DA:3,3
DA:5,3
DA:6,3
DA:7,3
DA:8,3
LF:6
LH:6
BRDA:2,0,0,3
BRDA:2,0,1,0
BRDA:2,0,2,3
BRDA:3,1,0,0
BRDA:3,1,1,3
BRDA:3,2,0,3
BRDA:3,2,1,3
BRF:7
BRH:5
end_of_record
TN:
SF:build\utils\resizeImages.js
FN:2,(anonymous_0)
FN:3,adopt
FN:3,(anonymous_2)
FN:4,(anonymous_3)
FN:5,fulfilled
FN:6,rejected
FN:7,step
FN:11,(anonymous_7)
FN:12,(anonymous_8)
FN:13,(anonymous_9)
FN:14,verb
FN:14,(anonymous_11)
FN:15,step
FN:38,(anonymous_13)
FN:44,resizeImages
FN:45,(anonymous_15)
FN:47,(anonymous_16)
FN:62,convertBase64
FN:63,(anonymous_18)
FN:65,(anonymous_19)
FNF:20
FNH:1
FNDA:0,(anonymous_0)
FNDA:0,adopt
FNDA:0,(anonymous_2)
FNDA:0,(anonymous_3)
FNDA:0,fulfilled
FNDA:0,rejected
FNDA:0,step
FNDA:0,(anonymous_7)
FNDA:0,(anonymous_8)
FNDA:0,(anonymous_9)
FNDA:0,verb
FNDA:0,(anonymous_11)
FNDA:0,step
FNDA:3,(anonymous_13)
FNDA:0,resizeImages
FNDA:0,(anonymous_15)
FNDA:0,(anonymous_16)
FNDA:0,convertBase64
FNDA:0,(anonymous_18)
FNDA:0,(anonymous_19)
DA:2,3
DA:3,0
DA:4,0
DA:5,0
DA:6,0
DA:7,0
DA:8,0
DA:11,3
DA:12,0
DA:13,0
DA:14,0
DA:16,0
DA:17,0
DA:18,0
DA:19,0
DA:20,0
DA:21,0
DA:22,0
DA:23,0
DA:24,0
DA:26,0
DA:27,0
DA:28,0
DA:29,0
DA:30,0
DA:31,0
DA:33,0
DA:34,0
DA:35,0
DA:38,3
DA:39,3
DA:41,3
DA:42,3
DA:43,3
DA:45,0
DA:47,0
DA:48,0
DA:50,0
DA:51,0
DA:56,0
DA:61,3
DA:63,0
DA:65,0
DA:66,0
DA:67,0
DA:71,3
LF:46
LH:9
BRDA:2,0,0,3
BRDA:2,0,1,0
BRDA:2,0,2,3
BRDA:3,1,0,0
BRDA:3,1,1,0
BRDA:4,2,0,0
BRDA:4,2,1,0
BRDA:7,3,0,0
BRDA:7,3,1,0
BRDA:8,4,0,0
BRDA:8,4,1,0
BRDA:11,5,0,3
BRDA:11,5,1,0
BRDA:11,5,2,3
BRDA:12,6,0,0
BRDA:12,6,1,0
BRDA:13,7,0,0
BRDA:13,7,1,0
BRDA:16,8,0,0
BRDA:16,8,1,0
BRDA:17,9,0,0
BRDA:17,9,1,0
BRDA:17,10,0,0
BRDA:17,10,1,0
BRDA:18,11,0,0
BRDA:18,11,1,0
BRDA:18,12,0,0
BRDA:18,12,1,0
BRDA:18,12,2,0
BRDA:18,13,0,0
BRDA:18,13,1,0
BRDA:18,14,0,0
BRDA:18,14,1,0
BRDA:18,15,0,0
BRDA:18,15,1,0
BRDA:18,16,0,0
BRDA:18,16,1,0
BRDA:19,17,0,0
BRDA:19,17,1,0
BRDA:20,18,0,0
BRDA:20,18,1,0
BRDA:20,18,2,0
BRDA:20,18,3,0
BRDA:20,18,4,0
BRDA:20,18,5,0
BRDA:26,19,0,0
BRDA:26,19,1,0
BRDA:26,20,0,0
BRDA:26,20,1,0
BRDA:26,20,2,0
BRDA:26,21,0,0
BRDA:26,21,1,0
BRDA:27,22,0,0
BRDA:27,22,1,0
BRDA:27,23,0,0
BRDA:27,23,1,0
BRDA:27,23,2,0
BRDA:27,23,3,0
BRDA:28,24,0,0
BRDA:28,24,1,0
BRDA:28,25,0,0
BRDA:28,25,1,0
BRDA:29,26,0,0
BRDA:29,26,1,0
BRDA:29,27,0,0
BRDA:29,27,1,0
BRDA:30,28,0,0
BRDA:30,28,1,0
BRDA:35,29,0,0
BRDA:35,29,1,0
BRDA:35,30,0,0
BRDA:35,30,1,0
BRDA:38,31,0,3
BRDA:38,31,1,0
BRDA:38,31,2,3
BRDA:39,32,0,0
BRDA:39,32,1,3
BRDA:39,33,0,3
BRDA:39,33,1,3
BRDA:48,34,0,0
BRDA:48,34,1,0
BRF:81
BRH:9
end_of_record
TN:
SF:build\utils\roleDefinition.js
FN:5,(anonymous_0)
FNF:1
FNH:1
FNDA:3,(anonymous_0)
DA:2,3
DA:3,3
DA:5,3
DA:6,3
DA:7,3
DA:8,3
LF:6
LH:6
BRDA:9,0,0,3
BRDA:9,0,1,3
BRF:2
BRH:2
end_of_record
TN:
SF:build\utils\sanitizeHtml.js
FN:4,sanitizeHtml
FNF:1
FNH:0
FNDA:0,sanitizeHtml
DA:2,3
DA:3,3
DA:5,0
DA:6,0
DA:7,0
DA:8,0
DA:9,0
DA:10,0
DA:11,0
DA:12,0
DA:13,0
DA:14,0
DA:15,0
DA:16,0
DA:17,0
DA:21,0
DA:22,0
DA:25,0
DA:26,0
DA:27,0
DA:28,0
DA:30,0
DA:31,0
DA:34,0
DA:35,0
DA:37,0
DA:38,0
DA:41,0
DA:42,0
DA:43,0
DA:44,0
DA:47,0
DA:48,0
DA:51,0
DA:53,0
DA:56,0
DA:57,0
DA:62,0
DA:63,0
DA:66,0
DA:67,0
DA:73,0
DA:74,0
DA:76,3
LF:44
LH:3
BRDA:13,0,0,0
BRDA:13,0,1,0
BRDA:14,1,0,0
BRDA:14,1,1,0
BRDA:25,2,0,0
BRDA:25,2,1,0
BRDA:26,3,0,0
BRDA:26,3,1,0
BRDA:30,4,0,0
BRDA:30,4,1,0
BRDA:34,5,0,0
BRDA:34,5,1,0
BRDA:37,6,0,0
BRDA:37,6,1,0
BRDA:41,7,0,0
BRDA:41,7,1,0
BRDA:43,8,0,0
BRDA:43,8,1,0
BRDA:47,9,0,0
BRDA:47,9,1,0
BRDA:56,10,0,0
BRDA:56,10,1,0
BRDA:62,11,0,0
BRDA:62,11,1,0
BRDA:66,12,0,0
BRDA:66,12,1,0
BRF:26
BRH:0
end_of_record
TN:
SF:build\utils\testConection.js
FN:2,(anonymous_0)
FN:3,adopt
FN:3,(anonymous_2)
FN:4,(anonymous_3)
FN:5,fulfilled
FN:6,rejected
FN:7,step
FN:11,(anonymous_7)
FN:12,(anonymous_8)
FN:13,(anonymous_9)
FN:14,verb
FN:14,(anonymous_11)
FN:15,step
FN:44,(anonymous_13)
FN:44,(anonymous_14)
FN:46,(anonymous_15)
FNF:16
FNH:13
FNDA:3,(anonymous_0)
FNDA:6,adopt
FNDA:0,(anonymous_2)
FNDA:3,(anonymous_3)
FNDA:6,fulfilled
FNDA:0,rejected
FNDA:9,step
FNDA:3,(anonymous_7)
FNDA:6,(anonymous_8)
FNDA:0,(anonymous_9)
FNDA:9,verb
FNDA:9,(anonymous_11)
FNDA:9,step
FNDA:3,(anonymous_13)
FNDA:3,(anonymous_14)
FNDA:9,(anonymous_15)
DA:2,3
DA:3,6
DA:4,3
DA:5,6
DA:6,0
DA:7,9
DA:8,3
DA:11,3
DA:12,6
DA:13,3
DA:14,9
DA:16,9
DA:17,21
DA:18,21
DA:19,21
DA:20,21
DA:21,9
DA:22,6
DA:23,0
DA:24,0
DA:26,6
DA:27,3
DA:28,3
DA:29,3
DA:30,3
DA:31,3
DA:33,9
DA:34,21
DA:35,3
DA:38,3
DA:39,3
DA:40,3
DA:41,3
DA:42,3
DA:43,3
DA:44,3
DA:46,3
DA:47,9
DA:49,3
DA:50,3
DA:52,3
DA:53,3
DA:55,3
DA:56,3
DA:58,0
DA:59,0
DA:60,0
DA:61,0
DA:62,0
DA:63,0
DA:64,0
DA:68,3
LF:52
LH:42
BRDA:2,0,0,3
BRDA:2,0,1,0
BRDA:2,0,2,3
BRDA:3,1,0,6
BRDA:3,1,1,0
BRDA:4,2,0,3
BRDA:4,2,1,3
BRDA:7,3,0,3
BRDA:7,3,1,6
BRDA:8,4,0,3
BRDA:8,4,1,3
BRDA:11,5,0,3
BRDA:11,5,1,0
BRDA:11,5,2,3
BRDA:12,6,0,0
BRDA:12,6,1,6
BRDA:13,7,0,3
BRDA:13,7,1,3
BRDA:16,8,0,0
BRDA:16,8,1,9
BRDA:17,9,0,24
BRDA:17,9,1,3
BRDA:17,10,0,3
BRDA:17,10,1,0
BRDA:18,11,0,0
BRDA:18,11,1,21
BRDA:18,12,0,21
BRDA:18,12,1,0
BRDA:18,12,2,0
BRDA:18,13,0,0
BRDA:18,13,1,0
BRDA:18,14,0,0
BRDA:18,14,1,0
BRDA:18,15,0,0
BRDA:18,15,1,0
BRDA:18,16,0,0
BRDA:18,16,1,0
BRDA:19,17,0,0
BRDA:19,17,1,21
BRDA:20,18,0,9
BRDA:20,18,1,9
BRDA:20,18,2,6
BRDA:20,18,3,0
BRDA:20,18,4,0
BRDA:20,18,5,6
BRDA:26,19,0,3
BRDA:26,19,1,3
BRDA:26,20,0,6
BRDA:26,20,1,3
BRDA:26,20,2,3
BRDA:26,21,0,6
BRDA:26,21,1,3
BRDA:27,22,0,0
BRDA:27,22,1,3
BRDA:27,23,0,3
BRDA:27,23,1,0
BRDA:27,23,2,0
BRDA:27,23,3,0
BRDA:28,24,0,0
BRDA:28,24,1,3
BRDA:28,25,0,3
BRDA:28,25,1,0
BRDA:29,26,0,0
BRDA:29,26,1,3
BRDA:29,27,0,3
BRDA:29,27,1,3
BRDA:30,28,0,0
BRDA:30,28,1,3
BRDA:35,29,0,0
BRDA:35,29,1,3
BRDA:35,30,0,3
BRDA:35,30,1,0
BRDA:47,31,0,3
BRDA:47,31,1,3
BRDA:47,31,2,3
BRDA:47,31,3,0
BRDA:47,31,4,0
BRF:77
BRH:45
end_of_record
TN:
SF:build\utils\swagger\swagger.js
FNF:0
FNH:0
DA:2,3
DA:3,3
DA:4,3
DA:5,3
DA:6,3
DA:7,3
DA:15,3
DA:16,3
LF:8
LH:8
BRF:0
BRH:0
end_of_record
