TN:
SF:build\app.js
FN:2,(anonymous_0)
FN:18,(anonymous_1)
FN:19,App
FN:30,(anonymous_3)
FN:31,(anonymous_4)
FN:35,(anonymous_5)
FN:37,(anonymous_6)
FN:42,(anonymous_7)
FNF:8
FNH:5
FNDA:3,(anonymous_0)
FNDA:1,(anonymous_1)
FNDA:1,App
FNDA:1,(anonymous_3)
FNDA:0,(anonymous_4)
FNDA:1,(anonymous_5)
FNDA:0,(anonymous_6)
FNDA:0,(anonymous_7)
DA:2,1
DA:3,3
DA:5,1
DA:6,1
DA:7,1
DA:8,1
DA:9,1
DA:10,1
DA:11,1
DA:12,1
DA:13,1
DA:14,1
DA:15,1
DA:16,1
DA:17,1
DA:18,1
DA:20,1
DA:21,1
DA:22,1
DA:23,1
DA:24,1
DA:25,1
DA:26,1
DA:27,1
DA:28,1
DA:30,1
DA:31,1
DA:32,0
DA:35,1
DA:36,1
DA:37,1
DA:38,0
DA:39,0
DA:42,1
DA:43,0
DA:49,0
DA:50,0
DA:52,0
DA:54,1
DA:56,1
LF:40
LH:33
BRDA:2,0,0,1
BRDA:2,0,1,0
BRDA:2,0,2,1
BRDA:3,1,0,0
BRDA:3,1,1,3
BRDA:3,2,0,3
BRDA:3,2,1,3
BRDA:49,3,0,0
BRDA:49,3,1,0
BRDA:49,4,0,0
BRDA:49,4,1,0
BRF:11
BRH:5
end_of_record
TN:
SF:build\server.js
FN:2,(anonymous_0)
FNF:1
FNH:1
FNDA:1,(anonymous_0)
DA:2,1
DA:3,1
DA:5,1
DA:6,1
DA:7,1
DA:8,1
DA:9,1
DA:10,1
DA:11,1
LF:9
LH:9
BRDA:2,0,0,1
BRDA:2,0,1,0
BRDA:2,0,2,1
BRDA:3,1,0,0
BRDA:3,1,1,1
BRDA:3,2,0,1
BRDA:3,2,1,1
BRDA:10,3,0,1
BRDA:10,3,1,0
BRF:9
BRH:6
end_of_record
TN:
SF:build\articles\article.controller.js
FN:2,(anonymous_0)
FN:8,(anonymous_1)
FN:11,(anonymous_2)
FN:12,(anonymous_3)
FN:14,(anonymous_4)
FN:15,adopt
FN:15,(anonymous_6)
FN:16,(anonymous_7)
FN:17,fulfilled
FN:18,rejected
FN:19,step
FN:23,(anonymous_11)
FN:24,(anonymous_12)
FN:25,(anonymous_13)
FN:26,verb
FN:26,(anonymous_15)
FN:27,step
FN:56,(anonymous_17)
FN:57,ArticleController
FN:60,(anonymous_19)
FN:61,(anonymous_20)
FN:62,(anonymous_21)
FN:64,(anonymous_22)
FN:65,(anonymous_23)
FN:72,(anonymous_24)
FN:74,(anonymous_25)
FN:75,(anonymous_26)
FN:79,(anonymous_27)
FN:81,(anonymous_28)
FN:84,(anonymous_29)
FN:88,(anonymous_30)
FN:90,(anonymous_31)
FN:93,(anonymous_32)
FN:97,(anonymous_33)
FN:99,(anonymous_34)
FN:102,(anonymous_35)
FN:106,(anonymous_36)
FN:108,(anonymous_37)
FN:109,(anonymous_38)
FN:113,(anonymous_39)
FN:115,(anonymous_40)
FN:116,(anonymous_41)
FN:120,(anonymous_42)
FN:121,(anonymous_43)
FN:121,(anonymous_44)
FN:126,(anonymous_45)
FN:127,(anonymous_46)
FN:127,(anonymous_47)
FN:132,(anonymous_48)
FN:134,(anonymous_49)
FN:135,(anonymous_50)
FN:139,(anonymous_51)
FN:141,(anonymous_52)
FN:142,(anonymous_53)
FN:146,(anonymous_54)
FN:148,(anonymous_55)
FN:149,(anonymous_56)
FN:153,(anonymous_57)
FN:154,(anonymous_58)
FN:155,(anonymous_59)
FN:157,(anonymous_60)
FN:158,(anonymous_61)
FN:165,(anonymous_62)
FN:166,(anonymous_63)
FN:167,(anonymous_64)
FN:169,(anonymous_65)
FN:170,(anonymous_66)
FN:177,(anonymous_67)
FN:178,(anonymous_68)
FN:179,(anonymous_69)
FN:181,(anonymous_70)
FN:182,(anonymous_71)
FN:189,(anonymous_72)
FN:191,(anonymous_73)
FN:192,(anonymous_74)
FN:196,(anonymous_75)
FN:197,(anonymous_76)
FN:199,(anonymous_77)
FNF:78
FNH:6
FNDA:1,(anonymous_0)
FNDA:1,(anonymous_1)
FNDA:1,(anonymous_2)
FNDA:1,(anonymous_3)
FNDA:0,(anonymous_4)
FNDA:0,adopt
FNDA:0,(anonymous_6)
FNDA:0,(anonymous_7)
FNDA:0,fulfilled
FNDA:0,rejected
FNDA:0,step
FNDA:0,(anonymous_11)
FNDA:0,(anonymous_12)
FNDA:0,(anonymous_13)
FNDA:0,verb
FNDA:0,(anonymous_15)
FNDA:0,step
FNDA:1,(anonymous_17)
FNDA:1,ArticleController
FNDA:0,(anonymous_19)
FNDA:0,(anonymous_20)
FNDA:0,(anonymous_21)
FNDA:0,(anonymous_22)
FNDA:0,(anonymous_23)
FNDA:0,(anonymous_24)
FNDA:0,(anonymous_25)
FNDA:0,(anonymous_26)
FNDA:0,(anonymous_27)
FNDA:0,(anonymous_28)
FNDA:0,(anonymous_29)
FNDA:0,(anonymous_30)
FNDA:0,(anonymous_31)
FNDA:0,(anonymous_32)
FNDA:0,(anonymous_33)
FNDA:0,(anonymous_34)
FNDA:0,(anonymous_35)
FNDA:0,(anonymous_36)
FNDA:0,(anonymous_37)
FNDA:0,(anonymous_38)
FNDA:0,(anonymous_39)
FNDA:0,(anonymous_40)
FNDA:0,(anonymous_41)
FNDA:0,(anonymous_42)
FNDA:0,(anonymous_43)
FNDA:0,(anonymous_44)
FNDA:0,(anonymous_45)
FNDA:0,(anonymous_46)
FNDA:0,(anonymous_47)
FNDA:0,(anonymous_48)
FNDA:0,(anonymous_49)
FNDA:0,(anonymous_50)
FNDA:0,(anonymous_51)
FNDA:0,(anonymous_52)
FNDA:0,(anonymous_53)
FNDA:0,(anonymous_54)
FNDA:0,(anonymous_55)
FNDA:0,(anonymous_56)
FNDA:0,(anonymous_57)
FNDA:0,(anonymous_58)
FNDA:0,(anonymous_59)
FNDA:0,(anonymous_60)
FNDA:0,(anonymous_61)
FNDA:0,(anonymous_62)
FNDA:0,(anonymous_63)
FNDA:0,(anonymous_64)
FNDA:0,(anonymous_65)
FNDA:0,(anonymous_66)
FNDA:0,(anonymous_67)
FNDA:0,(anonymous_68)
FNDA:0,(anonymous_69)
FNDA:0,(anonymous_70)
FNDA:0,(anonymous_71)
FNDA:0,(anonymous_72)
FNDA:0,(anonymous_73)
FNDA:0,(anonymous_74)
FNDA:0,(anonymous_75)
FNDA:0,(anonymous_76)
FNDA:0,(anonymous_77)
DA:2,1
DA:3,1
DA:4,1
DA:5,0
DA:6,1
DA:8,1
DA:9,1
DA:11,1
DA:12,1
DA:14,1
DA:15,0
DA:16,0
DA:17,0
DA:18,0
DA:19,0
DA:20,0
DA:23,1
DA:24,0
DA:25,0
DA:26,0
DA:28,0
DA:29,0
DA:30,0
DA:31,0
DA:32,0
DA:33,0
DA:34,0
DA:35,0
DA:36,0
DA:38,0
DA:39,0
DA:40,0
DA:41,0
DA:42,0
DA:43,0
DA:45,0
DA:46,0
DA:47,0
DA:50,1
DA:51,1
DA:52,1
DA:53,1
DA:54,1
DA:55,1
DA:56,1
DA:58,1
DA:60,1
DA:61,0
DA:62,0
DA:63,0
DA:64,0
DA:66,0
DA:68,0
DA:72,1
DA:73,0
DA:74,0
DA:76,0
DA:79,1
DA:80,0
DA:82,0
DA:85,0
DA:88,1
DA:89,0
DA:91,0
DA:94,0
DA:97,1
DA:98,0
DA:100,0
DA:103,0
DA:106,1
DA:107,0
DA:108,0
DA:110,0
DA:113,1
DA:114,0
DA:115,0
DA:117,0
DA:120,1
DA:121,0
DA:122,0
DA:123,0
DA:126,1
DA:127,0
DA:128,0
DA:129,0
DA:132,1
DA:133,0
DA:134,0
DA:136,0
DA:139,1
DA:140,0
DA:141,0
DA:143,0
DA:146,1
DA:147,0
DA:148,0
DA:150,0
DA:153,1
DA:154,0
DA:155,0
DA:156,0
DA:157,0
DA:159,0
DA:161,0
DA:165,1
DA:166,0
DA:167,0
DA:168,0
DA:169,0
DA:171,0
DA:173,0
DA:177,1
DA:178,0
DA:179,0
DA:180,0
DA:181,0
DA:183,0
DA:185,0
DA:189,1
DA:190,0
DA:191,0
DA:193,0
DA:196,1
DA:197,0
DA:199,0
DA:200,0
DA:202,0
DA:203,0
DA:205,0
DA:206,0
DA:207,0
DA:209,0
DA:210,0
DA:211,0
DA:212,0
DA:217,1
DA:222,1
LF:137
LH:37
BRDA:2,0,0,1
BRDA:2,0,1,0
BRDA:2,0,2,1
BRDA:3,1,0,1
BRDA:3,1,1,0
BRDA:3,2,0,0
BRDA:3,2,1,0
BRDA:4,3,0,1
BRDA:4,3,1,0
BRDA:4,4,0,1
BRDA:4,4,1,1
BRDA:5,5,0,0
BRDA:5,5,1,0
BRDA:5,6,0,0
BRDA:5,6,1,0
BRDA:5,7,0,0
BRDA:5,7,1,0
BRDA:5,8,0,0
BRDA:5,8,1,0
BRDA:6,9,0,1
BRDA:6,9,1,0
BRDA:6,9,2,0
BRDA:8,10,0,1
BRDA:8,10,1,0
BRDA:8,10,2,1
BRDA:9,11,0,1
BRDA:9,11,1,0
BRDA:9,12,0,1
BRDA:9,12,1,1
BRDA:11,13,0,1
BRDA:11,13,1,0
BRDA:11,13,2,1
BRDA:14,14,0,1
BRDA:14,14,1,0
BRDA:14,14,2,1
BRDA:15,15,0,0
BRDA:15,15,1,0
BRDA:16,16,0,0
BRDA:16,16,1,0
BRDA:19,17,0,0
BRDA:19,17,1,0
BRDA:20,18,0,0
BRDA:20,18,1,0
BRDA:23,19,0,1
BRDA:23,19,1,0
BRDA:23,19,2,1
BRDA:24,20,0,0
BRDA:24,20,1,0
BRDA:25,21,0,0
BRDA:25,21,1,0
BRDA:28,22,0,0
BRDA:28,22,1,0
BRDA:29,23,0,0
BRDA:29,23,1,0
BRDA:29,24,0,0
BRDA:29,24,1,0
BRDA:30,25,0,0
BRDA:30,25,1,0
BRDA:30,26,0,0
BRDA:30,26,1,0
BRDA:30,26,2,0
BRDA:30,27,0,0
BRDA:30,27,1,0
BRDA:30,28,0,0
BRDA:30,28,1,0
BRDA:30,29,0,0
BRDA:30,29,1,0
BRDA:30,30,0,0
BRDA:30,30,1,0
BRDA:31,31,0,0
BRDA:31,31,1,0
BRDA:32,32,0,0
BRDA:32,32,1,0
BRDA:32,32,2,0
BRDA:32,32,3,0
BRDA:32,32,4,0
BRDA:32,32,5,0
BRDA:38,33,0,0
BRDA:38,33,1,0
BRDA:38,34,0,0
BRDA:38,34,1,0
BRDA:38,34,2,0
BRDA:38,35,0,0
BRDA:38,35,1,0
BRDA:39,36,0,0
BRDA:39,36,1,0
BRDA:39,37,0,0
BRDA:39,37,1,0
BRDA:39,37,2,0
BRDA:39,37,3,0
BRDA:40,38,0,0
BRDA:40,38,1,0
BRDA:40,39,0,0
BRDA:40,39,1,0
BRDA:41,40,0,0
BRDA:41,40,1,0
BRDA:41,41,0,0
BRDA:41,41,1,0
BRDA:42,42,0,0
BRDA:42,42,1,0
BRDA:47,43,0,0
BRDA:47,43,1,0
BRDA:47,44,0,0
BRDA:47,44,1,0
BRDA:200,45,0,0
BRDA:200,45,1,0
BRDA:200,45,2,0
BRDA:200,45,3,0
BRF:108
BRH:18
end_of_record
TN:
SF:build\articles\article.facade.js
FN:2,(anonymous_0)
FN:3,(anonymous_1)
FN:13,(anonymous_2)
FN:19,(anonymous_3)
FN:22,(anonymous_4)
FN:23,(anonymous_5)
FN:25,(anonymous_6)
FN:26,adopt
FN:26,(anonymous_8)
FN:27,(anonymous_9)
FN:28,fulfilled
FN:29,rejected
FN:30,step
FN:34,(anonymous_13)
FN:35,(anonymous_14)
FN:36,(anonymous_15)
FN:37,verb
FN:37,(anonymous_17)
FN:38,step
FN:61,(anonymous_19)
FN:72,(anonymous_20)
FN:89,(anonymous_21)
FN:90,ArticleFacade
FN:93,(anonymous_23)
FN:94,(anonymous_24)
FN:96,(anonymous_25)
FN:112,(anonymous_26)
FN:113,(anonymous_27)
FN:115,(anonymous_28)
FN:125,(anonymous_29)
FN:134,(anonymous_30)
FN:135,(anonymous_31)
FN:137,(anonymous_32)
FN:153,(anonymous_33)
FN:154,(anonymous_34)
FN:156,(anonymous_35)
FN:173,(anonymous_36)
FN:174,(anonymous_37)
FN:176,(anonymous_38)
FN:195,(anonymous_39)
FN:196,(anonymous_40)
FN:198,(anonymous_41)
FN:212,(anonymous_42)
FN:213,(anonymous_43)
FN:215,(anonymous_44)
FN:223,(anonymous_45)
FN:232,(anonymous_46)
FN:233,(anonymous_47)
FN:235,(anonymous_48)
FN:264,(anonymous_49)
FN:265,(anonymous_50)
FN:267,(anonymous_51)
FN:302,(anonymous_52)
FN:303,(anonymous_53)
FN:305,(anonymous_54)
FN:318,(anonymous_55)
FN:319,(anonymous_56)
FN:321,(anonymous_57)
FN:336,(anonymous_58)
FN:337,(anonymous_59)
FN:339,(anonymous_60)
FN:359,(anonymous_61)
FN:369,(anonymous_62)
FN:370,(anonymous_63)
FN:372,(anonymous_64)
FN:382,(anonymous_65)
FN:391,(anonymous_66)
FN:392,(anonymous_67)
FN:395,(anonymous_68)
FN:404,(anonymous_69)
FN:405,(anonymous_70)
FN:407,(anonymous_71)
FN:426,(anonymous_72)
FN:427,(anonymous_73)
FN:429,(anonymous_74)
FN:448,(anonymous_75)
FN:449,(anonymous_76)
FN:451,(anonymous_77)
FN:461,(anonymous_78)
FN:462,(anonymous_79)
FN:464,(anonymous_80)
FNF:81
FNH:6
FNDA:0,(anonymous_0)
FNDA:0,(anonymous_1)
FNDA:1,(anonymous_2)
FNDA:1,(anonymous_3)
FNDA:1,(anonymous_4)
FNDA:1,(anonymous_5)
FNDA:0,(anonymous_6)
FNDA:0,adopt
FNDA:0,(anonymous_8)
FNDA:0,(anonymous_9)
FNDA:0,fulfilled
FNDA:0,rejected
FNDA:0,step
FNDA:0,(anonymous_13)
FNDA:0,(anonymous_14)
FNDA:0,(anonymous_15)
FNDA:0,verb
FNDA:0,(anonymous_17)
FNDA:0,step
FNDA:0,(anonymous_19)
FNDA:0,(anonymous_20)
FNDA:1,(anonymous_21)
FNDA:1,ArticleFacade
FNDA:0,(anonymous_23)
FNDA:0,(anonymous_24)
FNDA:0,(anonymous_25)
FNDA:0,(anonymous_26)
FNDA:0,(anonymous_27)
FNDA:0,(anonymous_28)
FNDA:0,(anonymous_29)
FNDA:0,(anonymous_30)
FNDA:0,(anonymous_31)
FNDA:0,(anonymous_32)
FNDA:0,(anonymous_33)
FNDA:0,(anonymous_34)
FNDA:0,(anonymous_35)
FNDA:0,(anonymous_36)
FNDA:0,(anonymous_37)
FNDA:0,(anonymous_38)
FNDA:0,(anonymous_39)
FNDA:0,(anonymous_40)
FNDA:0,(anonymous_41)
FNDA:0,(anonymous_42)
FNDA:0,(anonymous_43)
FNDA:0,(anonymous_44)
FNDA:0,(anonymous_45)
FNDA:0,(anonymous_46)
FNDA:0,(anonymous_47)
FNDA:0,(anonymous_48)
FNDA:0,(anonymous_49)
FNDA:0,(anonymous_50)
FNDA:0,(anonymous_51)
FNDA:0,(anonymous_52)
FNDA:0,(anonymous_53)
FNDA:0,(anonymous_54)
FNDA:0,(anonymous_55)
FNDA:0,(anonymous_56)
FNDA:0,(anonymous_57)
FNDA:0,(anonymous_58)
FNDA:0,(anonymous_59)
FNDA:0,(anonymous_60)
FNDA:0,(anonymous_61)
FNDA:0,(anonymous_62)
FNDA:0,(anonymous_63)
FNDA:0,(anonymous_64)
FNDA:0,(anonymous_65)
FNDA:0,(anonymous_66)
FNDA:0,(anonymous_67)
FNDA:0,(anonymous_68)
FNDA:0,(anonymous_69)
FNDA:0,(anonymous_70)
FNDA:0,(anonymous_71)
FNDA:0,(anonymous_72)
FNDA:0,(anonymous_73)
FNDA:0,(anonymous_74)
FNDA:0,(anonymous_75)
FNDA:0,(anonymous_76)
FNDA:0,(anonymous_77)
FNDA:0,(anonymous_78)
FNDA:0,(anonymous_79)
FNDA:0,(anonymous_80)
DA:2,1
DA:3,0
DA:4,0
DA:5,0
DA:6,0
DA:7,0
DA:9,0
DA:11,0
DA:13,1
DA:14,1
DA:15,1
DA:16,0
DA:17,1
DA:19,1
DA:20,1
DA:22,1
DA:23,1
DA:25,1
DA:26,0
DA:27,0
DA:28,0
DA:29,0
DA:30,0
DA:31,0
DA:34,1
DA:35,0
DA:36,0
DA:37,0
DA:39,0
DA:40,0
DA:41,0
DA:42,0
DA:43,0
DA:44,0
DA:45,0
DA:46,0
DA:47,0
DA:49,0
DA:50,0
DA:51,0
DA:52,0
DA:53,0
DA:54,0
DA:56,0
DA:57,0
DA:58,0
DA:61,1
DA:62,0
DA:63,0
DA:64,0
DA:65,0
DA:66,0
DA:67,0
DA:68,0
DA:70,0
DA:72,1
DA:73,0
DA:74,0
DA:75,0
DA:76,0
DA:79,0
DA:81,1
DA:82,1
DA:83,1
DA:84,1
DA:85,1
DA:86,1
DA:87,1
DA:88,1
DA:89,1
DA:91,1
DA:93,1
DA:94,0
DA:96,0
DA:97,0
DA:99,0
DA:100,0
DA:102,0
DA:103,0
DA:105,0
DA:106,0
DA:107,0
DA:112,1
DA:113,0
DA:115,0
DA:116,0
DA:118,0
DA:119,0
DA:121,0
DA:122,0
DA:123,0
DA:125,0
DA:126,0
DA:127,0
DA:129,0
DA:134,1
DA:135,0
DA:137,0
DA:138,0
DA:140,0
DA:141,0
DA:142,0
DA:144,0
DA:145,0
DA:146,0
DA:148,0
DA:153,1
DA:154,0
DA:156,0
DA:157,0
DA:159,0
DA:160,0
DA:161,0
DA:163,0
DA:164,0
DA:165,0
DA:168,0
DA:173,1
DA:174,0
DA:176,0
DA:177,0
DA:179,0
DA:180,0
DA:181,0
DA:183,0
DA:184,0
DA:186,0
DA:187,0
DA:188,0
DA:190,0
DA:195,1
DA:196,0
DA:198,0
DA:199,0
DA:201,0
DA:202,0
DA:204,0
DA:205,0
DA:207,0
DA:212,1
DA:213,0
DA:215,0
DA:216,0
DA:217,0
DA:219,0
DA:220,0
DA:221,0
DA:223,0
DA:224,0
DA:225,0
DA:227,0
DA:232,1
DA:233,0
DA:235,0
DA:236,0
DA:237,0
DA:239,0
DA:240,0
DA:241,0
DA:243,0
DA:244,0
DA:245,0
DA:247,0
DA:259,0
DA:264,1
DA:265,0
DA:267,0
DA:268,0
DA:270,0
DA:271,0
DA:273,0
DA:274,0
DA:275,0
DA:277,0
DA:278,0
DA:284,0
DA:285,0
DA:286,0
DA:287,0
DA:288,0
DA:289,0
DA:292,0
DA:295,0
DA:297,0
DA:302,1
DA:303,0
DA:305,0
DA:306,0
DA:307,0
DA:309,0
DA:310,0
DA:311,0
DA:313,0
DA:318,1
DA:319,0
DA:321,0
DA:322,0
DA:324,0
DA:325,0
DA:327,0
DA:328,0
DA:329,0
DA:331,0
DA:336,1
DA:337,0
DA:339,0
DA:340,0
DA:342,0
DA:343,0
DA:345,0
DA:346,0
DA:347,0
DA:349,0
DA:351,0
DA:352,0
DA:353,0
DA:355,0
DA:356,0
DA:357,0
DA:359,0
DA:360,0
DA:361,0
DA:363,0
DA:364,0
DA:369,1
DA:370,0
DA:372,0
DA:373,0
DA:375,0
DA:376,0
DA:378,0
DA:379,0
DA:380,0
DA:382,0
DA:383,0
DA:384,0
DA:386,0
DA:391,1
DA:392,0
DA:395,0
DA:396,0
DA:397,0
DA:398,0
DA:400,0
DA:404,1
DA:405,0
DA:407,0
DA:408,0
DA:410,0
DA:411,0
DA:413,0
DA:414,0
DA:415,0
DA:417,0
DA:418,0
DA:421,0
DA:426,1
DA:427,0
DA:429,0
DA:430,0
DA:432,0
DA:433,0
DA:435,0
DA:436,0
DA:437,0
DA:439,0
DA:440,0
DA:443,0
DA:448,1
DA:449,0
DA:451,0
DA:452,0
DA:454,0
DA:455,0
DA:456,0
DA:461,1
DA:462,0
DA:464,0
DA:465,0
DA:467,0
DA:468,0
DA:470,0
DA:471,0
DA:476,1
DA:481,1
LF:285
LH:43
BRDA:2,0,0,1
BRDA:2,0,1,0
BRDA:2,0,2,1
BRDA:3,1,0,0
BRDA:3,1,1,0
BRDA:6,2,0,0
BRDA:6,2,1,0
BRDA:13,3,0,1
BRDA:13,3,1,0
BRDA:13,3,2,1
BRDA:14,4,0,1
BRDA:14,4,1,0
BRDA:14,5,0,0
BRDA:14,5,1,0
BRDA:15,6,0,1
BRDA:15,6,1,0
BRDA:15,7,0,1
BRDA:15,7,1,1
BRDA:16,8,0,0
BRDA:16,8,1,0
BRDA:16,9,0,0
BRDA:16,9,1,0
BRDA:16,10,0,0
BRDA:16,10,1,0
BRDA:16,11,0,0
BRDA:16,11,1,0
BRDA:17,12,0,1
BRDA:17,12,1,0
BRDA:17,12,2,0
BRDA:19,13,0,1
BRDA:19,13,1,0
BRDA:19,13,2,1
BRDA:20,14,0,1
BRDA:20,14,1,0
BRDA:20,15,0,1
BRDA:20,15,1,1
BRDA:22,16,0,1
BRDA:22,16,1,0
BRDA:22,16,2,1
BRDA:25,17,0,1
BRDA:25,17,1,0
BRDA:25,17,2,1
BRDA:26,18,0,0
BRDA:26,18,1,0
BRDA:27,19,0,0
BRDA:27,19,1,0
BRDA:30,20,0,0
BRDA:30,20,1,0
BRDA:31,21,0,0
BRDA:31,21,1,0
BRDA:34,22,0,1
BRDA:34,22,1,0
BRDA:34,22,2,1
BRDA:35,23,0,0
BRDA:35,23,1,0
BRDA:36,24,0,0
BRDA:36,24,1,0
BRDA:39,25,0,0
BRDA:39,25,1,0
BRDA:40,26,0,0
BRDA:40,26,1,0
BRDA:40,27,0,0
BRDA:40,27,1,0
BRDA:41,28,0,0
BRDA:41,28,1,0
BRDA:41,29,0,0
BRDA:41,29,1,0
BRDA:41,29,2,0
BRDA:41,30,0,0
BRDA:41,30,1,0
BRDA:41,31,0,0
BRDA:41,31,1,0
BRDA:41,32,0,0
BRDA:41,32,1,0
BRDA:41,33,0,0
BRDA:41,33,1,0
BRDA:42,34,0,0
BRDA:42,34,1,0
BRDA:43,35,0,0
BRDA:43,35,1,0
BRDA:43,35,2,0
BRDA:43,35,3,0
BRDA:43,35,4,0
BRDA:43,35,5,0
BRDA:49,36,0,0
BRDA:49,36,1,0
BRDA:49,37,0,0
BRDA:49,37,1,0
BRDA:49,37,2,0
BRDA:49,38,0,0
BRDA:49,38,1,0
BRDA:50,39,0,0
BRDA:50,39,1,0
BRDA:50,40,0,0
BRDA:50,40,1,0
BRDA:50,40,2,0
BRDA:50,40,3,0
BRDA:51,41,0,0
BRDA:51,41,1,0
BRDA:51,42,0,0
BRDA:51,42,1,0
BRDA:52,43,0,0
BRDA:52,43,1,0
BRDA:52,44,0,0
BRDA:52,44,1,0
BRDA:53,45,0,0
BRDA:53,45,1,0
BRDA:58,46,0,0
BRDA:58,46,1,0
BRDA:58,47,0,0
BRDA:58,47,1,0
BRDA:61,48,0,1
BRDA:61,48,1,0
BRDA:61,48,2,1
BRDA:63,49,0,0
BRDA:63,49,1,0
BRDA:63,50,0,0
BRDA:63,50,1,0
BRDA:65,51,0,0
BRDA:65,51,1,0
BRDA:65,52,0,0
BRDA:65,52,1,0
BRDA:67,53,0,0
BRDA:67,53,1,0
BRDA:67,54,0,0
BRDA:67,54,1,0
BRDA:72,55,0,1
BRDA:72,55,1,0
BRDA:72,55,2,1
BRDA:73,56,0,0
BRDA:73,56,1,0
BRDA:73,57,0,0
BRDA:73,57,1,0
BRDA:74,58,0,0
BRDA:74,58,1,0
BRDA:74,59,0,0
BRDA:74,59,1,0
BRDA:75,60,0,0
BRDA:75,60,1,0
BRDA:79,61,0,0
BRDA:79,61,1,0
BRDA:97,62,0,0
BRDA:97,62,1,0
BRDA:97,62,2,0
BRDA:97,62,3,0
BRDA:116,63,0,0
BRDA:116,63,1,0
BRDA:122,64,0,0
BRDA:122,64,1,0
BRDA:138,65,0,0
BRDA:138,65,1,0
BRDA:145,66,0,0
BRDA:145,66,1,0
BRDA:157,67,0,0
BRDA:157,67,1,0
BRDA:164,68,0,0
BRDA:164,68,1,0
BRDA:177,69,0,0
BRDA:177,69,1,0
BRDA:180,70,0,0
BRDA:180,70,1,0
BRDA:187,71,0,0
BRDA:187,71,1,0
BRDA:199,72,0,0
BRDA:199,72,1,0
BRDA:204,73,0,0
BRDA:204,73,1,0
BRDA:216,74,0,0
BRDA:216,74,1,0
BRDA:220,75,0,0
BRDA:220,75,1,0
BRDA:236,76,0,0
BRDA:236,76,1,0
BRDA:240,77,0,0
BRDA:240,77,1,0
BRDA:268,78,0,0
BRDA:268,78,1,0
BRDA:274,79,0,0
BRDA:274,79,1,0
BRDA:288,80,0,0
BRDA:288,80,1,0
BRDA:306,81,0,0
BRDA:306,81,1,0
BRDA:310,82,0,0
BRDA:310,82,1,0
BRDA:322,83,0,0
BRDA:322,83,1,0
BRDA:328,84,0,0
BRDA:328,84,1,0
BRDA:340,85,0,0
BRDA:340,85,1,0
BRDA:340,85,2,0
BRDA:340,85,3,0
BRDA:342,86,0,0
BRDA:342,86,1,0
BRDA:346,87,0,0
BRDA:346,87,1,0
BRDA:352,88,0,0
BRDA:352,88,1,0
BRDA:352,89,0,0
BRDA:352,89,1,0
BRDA:356,90,0,0
BRDA:356,90,1,0
BRDA:373,91,0,0
BRDA:373,91,1,0
BRDA:379,92,0,0
BRDA:379,92,1,0
BRDA:379,93,0,0
BRDA:379,93,1,0
BRDA:384,94,0,0
BRDA:384,94,1,0
BRDA:384,95,0,0
BRDA:384,95,1,0
BRDA:384,96,0,0
BRDA:384,96,1,0
BRDA:384,97,0,0
BRDA:384,97,1,0
BRDA:384,98,0,0
BRDA:384,98,1,0
BRDA:384,99,0,0
BRDA:384,99,1,0
BRDA:408,100,0,0
BRDA:408,100,1,0
BRDA:410,101,0,0
BRDA:410,101,1,0
BRDA:414,102,0,0
BRDA:414,102,1,0
BRDA:430,103,0,0
BRDA:430,103,1,0
BRDA:432,104,0,0
BRDA:432,104,1,0
BRDA:436,105,0,0
BRDA:436,105,1,0
BRDA:452,106,0,0
BRDA:452,106,1,0
BRDA:465,107,0,0
BRDA:465,107,1,0
BRF:237
BRH:24
end_of_record
TN:
SF:build\articles\article.service.js
FN:2,(anonymous_0)
FN:3,(anonymous_1)
FN:13,(anonymous_2)
FN:19,(anonymous_3)
FN:22,(anonymous_4)
FN:23,(anonymous_5)
FN:25,(anonymous_6)
FN:26,adopt
FN:26,(anonymous_8)
FN:27,(anonymous_9)
FN:28,fulfilled
FN:29,rejected
FN:30,step
FN:34,(anonymous_13)
FN:35,(anonymous_14)
FN:36,(anonymous_15)
FN:37,verb
FN:37,(anonymous_17)
FN:38,step
FN:61,(anonymous_19)
FN:72,(anonymous_20)
FN:81,(anonymous_21)
FN:95,(anonymous_22)
FN:96,ArticleService
FN:100,(anonymous_24)
FN:101,(anonymous_25)
FN:102,(anonymous_26)
FN:110,(anonymous_27)
FN:111,(anonymous_28)
FN:112,(anonymous_29)
FN:128,(anonymous_30)
FN:129,(anonymous_31)
FN:132,(anonymous_32)
FN:163,(anonymous_33)
FN:164,(anonymous_34)
FN:166,(anonymous_35)
FN:208,(anonymous_36)
FN:209,(anonymous_37)
FN:211,(anonymous_38)
FN:274,(anonymous_39)
FN:275,(anonymous_40)
FN:277,(anonymous_41)
FN:300,(anonymous_42)
FN:301,(anonymous_43)
FN:303,(anonymous_44)
FN:343,(anonymous_45)
FN:344,(anonymous_46)
FN:346,(anonymous_47)
FN:371,(anonymous_48)
FN:372,(anonymous_49)
FN:374,(anonymous_50)
FN:395,(anonymous_51)
FN:396,(anonymous_52)
FN:398,(anonymous_53)
FN:431,(anonymous_54)
FN:432,(anonymous_55)
FN:434,(anonymous_56)
FN:457,(anonymous_57)
FN:458,(anonymous_58)
FN:460,(anonymous_59)
FN:484,(anonymous_60)
FN:485,(anonymous_61)
FN:487,(anonymous_62)
FN:517,(anonymous_63)
FN:518,(anonymous_64)
FN:520,(anonymous_65)
FN:524,(anonymous_66)
FN:566,(anonymous_67)
FN:593,(anonymous_68)
FN:603,(anonymous_69)
FN:604,(anonymous_70)
FN:606,(anonymous_71)
FN:609,(anonymous_72)
FN:629,(anonymous_73)
FN:633,(anonymous_74)
FN:634,(anonymous_75)
FN:636,(anonymous_76)
FN:667,(anonymous_77)
FN:668,(anonymous_78)
FN:670,(anonymous_79)
FN:700,(anonymous_80)
FN:701,(anonymous_81)
FN:703,(anonymous_82)
FN:731,(anonymous_83)
FN:740,(anonymous_84)
FN:741,(anonymous_85)
FN:743,(anonymous_86)
FN:813,(anonymous_87)
FN:814,(anonymous_88)
FN:816,(anonymous_89)
FNF:90
FNH:7
FNDA:0,(anonymous_0)
FNDA:0,(anonymous_1)
FNDA:1,(anonymous_2)
FNDA:1,(anonymous_3)
FNDA:2,(anonymous_4)
FNDA:2,(anonymous_5)
FNDA:0,(anonymous_6)
FNDA:0,adopt
FNDA:0,(anonymous_8)
FNDA:0,(anonymous_9)
FNDA:0,fulfilled
FNDA:0,rejected
FNDA:0,step
FNDA:0,(anonymous_13)
FNDA:0,(anonymous_14)
FNDA:0,(anonymous_15)
FNDA:0,verb
FNDA:0,(anonymous_17)
FNDA:0,step
FNDA:0,(anonymous_19)
FNDA:0,(anonymous_20)
FNDA:1,(anonymous_21)
FNDA:1,(anonymous_22)
FNDA:1,ArticleService
FNDA:0,(anonymous_24)
FNDA:0,(anonymous_25)
FNDA:0,(anonymous_26)
FNDA:0,(anonymous_27)
FNDA:0,(anonymous_28)
FNDA:0,(anonymous_29)
FNDA:0,(anonymous_30)
FNDA:0,(anonymous_31)
FNDA:0,(anonymous_32)
FNDA:0,(anonymous_33)
FNDA:0,(anonymous_34)
FNDA:0,(anonymous_35)
FNDA:0,(anonymous_36)
FNDA:0,(anonymous_37)
FNDA:0,(anonymous_38)
FNDA:0,(anonymous_39)
FNDA:0,(anonymous_40)
FNDA:0,(anonymous_41)
FNDA:0,(anonymous_42)
FNDA:0,(anonymous_43)
FNDA:0,(anonymous_44)
FNDA:0,(anonymous_45)
FNDA:0,(anonymous_46)
FNDA:0,(anonymous_47)
FNDA:0,(anonymous_48)
FNDA:0,(anonymous_49)
FNDA:0,(anonymous_50)
FNDA:0,(anonymous_51)
FNDA:0,(anonymous_52)
FNDA:0,(anonymous_53)
FNDA:0,(anonymous_54)
FNDA:0,(anonymous_55)
FNDA:0,(anonymous_56)
FNDA:0,(anonymous_57)
FNDA:0,(anonymous_58)
FNDA:0,(anonymous_59)
FNDA:0,(anonymous_60)
FNDA:0,(anonymous_61)
FNDA:0,(anonymous_62)
FNDA:0,(anonymous_63)
FNDA:0,(anonymous_64)
FNDA:0,(anonymous_65)
FNDA:0,(anonymous_66)
FNDA:0,(anonymous_67)
FNDA:0,(anonymous_68)
FNDA:0,(anonymous_69)
FNDA:0,(anonymous_70)
FNDA:0,(anonymous_71)
FNDA:0,(anonymous_72)
FNDA:0,(anonymous_73)
FNDA:0,(anonymous_74)
FNDA:0,(anonymous_75)
FNDA:0,(anonymous_76)
FNDA:0,(anonymous_77)
FNDA:0,(anonymous_78)
FNDA:0,(anonymous_79)
FNDA:0,(anonymous_80)
FNDA:0,(anonymous_81)
FNDA:0,(anonymous_82)
FNDA:0,(anonymous_83)
FNDA:0,(anonymous_84)
FNDA:0,(anonymous_85)
FNDA:0,(anonymous_86)
FNDA:0,(anonymous_87)
FNDA:0,(anonymous_88)
FNDA:0,(anonymous_89)
DA:2,1
DA:3,0
DA:4,0
DA:5,0
DA:6,0
DA:7,0
DA:9,0
DA:11,0
DA:13,1
DA:14,1
DA:15,1
DA:16,0
DA:17,1
DA:19,1
DA:20,1
DA:22,1
DA:23,2
DA:25,1
DA:26,0
DA:27,0
DA:28,0
DA:29,0
DA:30,0
DA:31,0
DA:34,1
DA:35,0
DA:36,0
DA:37,0
DA:39,0
DA:40,0
DA:41,0
DA:42,0
DA:43,0
DA:44,0
DA:45,0
DA:46,0
DA:47,0
DA:49,0
DA:50,0
DA:51,0
DA:52,0
DA:53,0
DA:54,0
DA:56,0
DA:57,0
DA:58,0
DA:61,1
DA:62,0
DA:63,0
DA:64,0
DA:65,0
DA:66,0
DA:67,0
DA:68,0
DA:70,0
DA:72,1
DA:73,0
DA:74,0
DA:75,0
DA:76,0
DA:79,0
DA:81,1
DA:82,1
DA:84,1
DA:85,1
DA:86,1
DA:87,1
DA:88,1
DA:89,1
DA:90,1
DA:91,1
DA:92,1
DA:93,1
DA:94,1
DA:95,1
DA:97,1
DA:98,1
DA:100,1
DA:101,0
DA:102,0
DA:103,0
DA:104,0
DA:105,0
DA:110,1
DA:111,0
DA:112,0
DA:113,0
DA:114,0
DA:123,0
DA:128,1
DA:129,0
DA:132,0
DA:133,0
DA:135,0
DA:136,0
DA:137,0
DA:138,0
DA:139,0
DA:144,0
DA:145,0
DA:146,0
DA:147,0
DA:148,0
DA:150,0
DA:155,0
DA:156,0
DA:157,0
DA:158,0
DA:163,1
DA:164,0
DA:166,0
DA:167,0
DA:169,0
DA:170,0
DA:172,0
DA:173,0
DA:174,0
DA:175,0
DA:177,0
DA:179,0
DA:180,0
DA:181,0
DA:183,0
DA:195,0
DA:196,0
DA:197,0
DA:199,0
DA:201,0
DA:202,0
DA:203,0
DA:208,1
DA:209,0
DA:211,0
DA:212,0
DA:214,0
DA:215,0
DA:221,0
DA:222,0
DA:223,0
DA:225,0
DA:226,0
DA:228,0
DA:229,0
DA:231,0
DA:232,0
DA:233,0
DA:235,0
DA:236,0
DA:242,0
DA:243,0
DA:244,0
DA:246,0
DA:253,0
DA:254,0
DA:256,0
DA:257,0
DA:258,0
DA:261,0
DA:263,0
DA:264,0
DA:265,0
DA:267,0
DA:268,0
DA:269,0
DA:274,1
DA:275,0
DA:277,0
DA:278,0
DA:280,0
DA:281,0
DA:287,0
DA:288,0
DA:289,0
DA:291,0
DA:293,0
DA:294,0
DA:295,0
DA:300,1
DA:301,0
DA:303,0
DA:304,0
DA:306,0
DA:307,0
DA:314,0
DA:315,0
DA:316,0
DA:317,0
DA:318,0
DA:319,0
DA:321,0
DA:322,0
DA:323,0
DA:325,0
DA:326,0
DA:328,0
DA:330,0
DA:331,0
DA:334,0
DA:336,0
DA:337,0
DA:338,0
DA:343,1
DA:344,0
DA:346,0
DA:347,0
DA:349,0
DA:350,0
DA:358,0
DA:359,0
DA:360,0
DA:362,0
DA:364,0
DA:365,0
DA:366,0
DA:371,1
DA:372,0
DA:374,0
DA:375,0
DA:377,0
DA:378,0
DA:382,0
DA:383,0
DA:384,0
DA:386,0
DA:388,0
DA:389,0
DA:390,0
DA:395,1
DA:396,0
DA:398,0
DA:399,0
DA:401,0
DA:402,0
DA:418,0
DA:419,0
DA:420,0
DA:422,0
DA:424,0
DA:425,0
DA:426,0
DA:431,1
DA:432,0
DA:434,0
DA:435,0
DA:437,0
DA:438,0
DA:444,0
DA:445,0
DA:446,0
DA:448,0
DA:450,0
DA:451,0
DA:452,0
DA:457,1
DA:458,0
DA:460,0
DA:461,0
DA:463,0
DA:464,0
DA:471,0
DA:472,0
DA:473,0
DA:475,0
DA:477,0
DA:478,0
DA:479,0
DA:484,1
DA:485,0
DA:487,0
DA:488,0
DA:490,0
DA:491,0
DA:492,0
DA:516,0
DA:517,0
DA:518,0
DA:520,0
DA:521,0
DA:522,0
DA:524,0
DA:525,0
DA:526,0
DA:527,0
DA:530,0
DA:532,0
DA:534,0
DA:535,0
DA:536,0
DA:537,0
DA:538,0
DA:540,0
DA:541,0
DA:542,0
DA:543,0
DA:544,0
DA:545,0
DA:546,0
DA:565,0
DA:566,0
DA:567,0
DA:568,0
DA:570,0
DA:572,0
DA:573,0
DA:574,0
DA:592,0
DA:593,0
DA:594,0
DA:595,0
DA:597,0
DA:598,0
DA:603,1
DA:604,0
DA:606,0
DA:607,0
DA:608,0
DA:609,0
DA:610,0
DA:611,0
DA:612,0
DA:615,0
DA:618,0
DA:619,0
DA:620,0
DA:621,0
DA:623,0
DA:624,0
DA:625,0
DA:626,0
DA:627,0
DA:629,0
DA:633,1
DA:634,0
DA:636,0
DA:637,0
DA:639,0
DA:640,0
DA:647,0
DA:648,0
DA:649,0
DA:651,0
DA:658,0
DA:660,0
DA:661,0
DA:662,0
DA:667,1
DA:668,0
DA:670,0
DA:671,0
DA:673,0
DA:674,0
DA:681,0
DA:682,0
DA:683,0
DA:685,0
DA:691,0
DA:693,0
DA:694,0
DA:695,0
DA:700,1
DA:701,0
DA:703,0
DA:704,0
DA:706,0
DA:707,0
DA:730,0
DA:731,0
DA:733,0
DA:734,0
DA:735,0
DA:740,1
DA:741,0
DA:743,0
DA:744,0
DA:746,0
DA:747,0
DA:748,0
DA:749,0
DA:754,0
DA:755,0
DA:756,0
DA:758,0
DA:769,0
DA:770,0
DA:775,0
DA:776,0
DA:777,0
DA:779,0
DA:780,0
DA:781,0
DA:795,0
DA:796,0
DA:797,0
DA:799,0
DA:800,0
DA:802,0
DA:803,0
DA:805,0
DA:806,0
DA:807,0
DA:808,0
DA:813,1
DA:814,0
DA:816,0
DA:817,0
DA:819,0
DA:820,0
DA:822,0
DA:823,0
DA:833,0
DA:834,0
DA:836,0
DA:837,0
DA:838,0
DA:843,1
DA:849,1
LF:416
LH:50
BRDA:2,0,0,1
BRDA:2,0,1,0
BRDA:2,0,2,1
BRDA:3,1,0,0
BRDA:3,1,1,0
BRDA:6,2,0,0
BRDA:6,2,1,0
BRDA:13,3,0,1
BRDA:13,3,1,0
BRDA:13,3,2,1
BRDA:14,4,0,1
BRDA:14,4,1,0
BRDA:14,5,0,0
BRDA:14,5,1,0
BRDA:15,6,0,1
BRDA:15,6,1,0
BRDA:15,7,0,1
BRDA:15,7,1,1
BRDA:16,8,0,0
BRDA:16,8,1,0
BRDA:16,9,0,0
BRDA:16,9,1,0
BRDA:16,10,0,0
BRDA:16,10,1,0
BRDA:16,11,0,0
BRDA:16,11,1,0
BRDA:17,12,0,1
BRDA:17,12,1,0
BRDA:17,12,2,0
BRDA:19,13,0,1
BRDA:19,13,1,0
BRDA:19,13,2,1
BRDA:20,14,0,1
BRDA:20,14,1,0
BRDA:20,15,0,1
BRDA:20,15,1,1
BRDA:22,16,0,1
BRDA:22,16,1,0
BRDA:22,16,2,1
BRDA:25,17,0,1
BRDA:25,17,1,0
BRDA:25,17,2,1
BRDA:26,18,0,0
BRDA:26,18,1,0
BRDA:27,19,0,0
BRDA:27,19,1,0
BRDA:30,20,0,0
BRDA:30,20,1,0
BRDA:31,21,0,0
BRDA:31,21,1,0
BRDA:34,22,0,1
BRDA:34,22,1,0
BRDA:34,22,2,1
BRDA:35,23,0,0
BRDA:35,23,1,0
BRDA:36,24,0,0
BRDA:36,24,1,0
BRDA:39,25,0,0
BRDA:39,25,1,0
BRDA:40,26,0,0
BRDA:40,26,1,0
BRDA:40,27,0,0
BRDA:40,27,1,0
BRDA:41,28,0,0
BRDA:41,28,1,0
BRDA:41,29,0,0
BRDA:41,29,1,0
BRDA:41,29,2,0
BRDA:41,30,0,0
BRDA:41,30,1,0
BRDA:41,31,0,0
BRDA:41,31,1,0
BRDA:41,32,0,0
BRDA:41,32,1,0
BRDA:41,33,0,0
BRDA:41,33,1,0
BRDA:42,34,0,0
BRDA:42,34,1,0
BRDA:43,35,0,0
BRDA:43,35,1,0
BRDA:43,35,2,0
BRDA:43,35,3,0
BRDA:43,35,4,0
BRDA:43,35,5,0
BRDA:49,36,0,0
BRDA:49,36,1,0
BRDA:49,37,0,0
BRDA:49,37,1,0
BRDA:49,37,2,0
BRDA:49,38,0,0
BRDA:49,38,1,0
BRDA:50,39,0,0
BRDA:50,39,1,0
BRDA:50,40,0,0
BRDA:50,40,1,0
BRDA:50,40,2,0
BRDA:50,40,3,0
BRDA:51,41,0,0
BRDA:51,41,1,0
BRDA:51,42,0,0
BRDA:51,42,1,0
BRDA:52,43,0,0
BRDA:52,43,1,0
BRDA:52,44,0,0
BRDA:52,44,1,0
BRDA:53,45,0,0
BRDA:53,45,1,0
BRDA:58,46,0,0
BRDA:58,46,1,0
BRDA:58,47,0,0
BRDA:58,47,1,0
BRDA:61,48,0,1
BRDA:61,48,1,0
BRDA:61,48,2,1
BRDA:63,49,0,0
BRDA:63,49,1,0
BRDA:63,50,0,0
BRDA:63,50,1,0
BRDA:65,51,0,0
BRDA:65,51,1,0
BRDA:65,52,0,0
BRDA:65,52,1,0
BRDA:67,53,0,0
BRDA:67,53,1,0
BRDA:67,54,0,0
BRDA:67,54,1,0
BRDA:72,55,0,1
BRDA:72,55,1,0
BRDA:72,55,2,1
BRDA:73,56,0,0
BRDA:73,56,1,0
BRDA:73,57,0,0
BRDA:73,57,1,0
BRDA:74,58,0,0
BRDA:74,58,1,0
BRDA:74,59,0,0
BRDA:74,59,1,0
BRDA:75,60,0,0
BRDA:75,60,1,0
BRDA:79,61,0,0
BRDA:79,61,1,0
BRDA:81,62,0,1
BRDA:81,62,1,0
BRDA:81,62,2,1
BRDA:82,63,0,0
BRDA:82,63,1,1
BRDA:82,64,0,1
BRDA:82,64,1,1
BRDA:103,65,0,0
BRDA:103,65,1,0
BRDA:113,66,0,0
BRDA:113,66,1,0
BRDA:133,67,0,0
BRDA:133,67,1,0
BRDA:133,67,2,0
BRDA:133,67,3,0
BRDA:147,68,0,0
BRDA:147,68,1,0
BRDA:147,69,0,0
BRDA:147,69,1,0
BRDA:167,70,0,0
BRDA:167,70,1,0
BRDA:167,70,2,0
BRDA:167,70,3,0
BRDA:167,70,4,0
BRDA:167,70,5,0
BRDA:173,71,0,0
BRDA:173,71,1,0
BRDA:173,72,0,0
BRDA:173,72,1,0
BRDA:180,73,0,0
BRDA:180,73,1,0
BRDA:196,74,0,0
BRDA:196,74,1,0
BRDA:212,75,0,0
BRDA:212,75,1,0
BRDA:212,75,2,0
BRDA:212,75,3,0
BRDA:212,75,4,0
BRDA:212,75,5,0
BRDA:212,75,6,0
BRDA:212,75,7,0
BRDA:212,75,8,0
BRDA:212,75,9,0
BRDA:212,75,10,0
BRDA:212,75,11,0
BRDA:222,76,0,0
BRDA:222,76,1,0
BRDA:225,77,0,0
BRDA:225,77,1,0
BRDA:231,78,0,0
BRDA:231,78,1,0
BRDA:243,79,0,0
BRDA:243,79,1,0
BRDA:278,80,0,0
BRDA:278,80,1,0
BRDA:278,80,2,0
BRDA:278,80,3,0
BRDA:288,81,0,0
BRDA:288,81,1,0
BRDA:304,82,0,0
BRDA:304,82,1,0
BRDA:304,82,2,0
BRDA:304,82,3,0
BRDA:304,82,4,0
BRDA:304,82,5,0
BRDA:318,83,0,0
BRDA:318,83,1,0
BRDA:330,84,0,0
BRDA:330,84,1,0
BRDA:347,85,0,0
BRDA:347,85,1,0
BRDA:347,85,2,0
BRDA:347,85,3,0
BRDA:359,86,0,0
BRDA:359,86,1,0
BRDA:375,87,0,0
BRDA:375,87,1,0
BRDA:375,87,2,0
BRDA:375,87,3,0
BRDA:383,88,0,0
BRDA:383,88,1,0
BRDA:399,89,0,0
BRDA:399,89,1,0
BRDA:399,89,2,0
BRDA:399,89,3,0
BRDA:419,90,0,0
BRDA:419,90,1,0
BRDA:419,91,0,0
BRDA:419,91,1,0
BRDA:435,92,0,0
BRDA:435,92,1,0
BRDA:435,92,2,0
BRDA:435,92,3,0
BRDA:445,93,0,0
BRDA:445,93,1,0
BRDA:461,94,0,0
BRDA:461,94,1,0
BRDA:461,94,2,0
BRDA:461,94,3,0
BRDA:472,95,0,0
BRDA:472,95,1,0
BRDA:488,96,0,0
BRDA:488,96,1,0
BRDA:488,96,2,0
BRDA:488,96,3,0
BRDA:488,96,4,0
BRDA:488,96,5,0
BRDA:488,96,6,0
BRDA:488,96,7,0
BRDA:526,97,0,0
BRDA:526,97,1,0
BRDA:540,98,0,0
BRDA:540,98,1,0
BRDA:611,99,0,0
BRDA:611,99,1,0
BRDA:637,100,0,0
BRDA:637,100,1,0
BRDA:637,100,2,0
BRDA:637,100,3,0
BRDA:637,100,4,0
BRDA:648,101,0,0
BRDA:648,101,1,0
BRDA:671,102,0,0
BRDA:671,102,1,0
BRDA:671,102,2,0
BRDA:671,102,3,0
BRDA:671,102,4,0
BRDA:682,103,0,0
BRDA:682,103,1,0
BRDA:704,104,0,0
BRDA:704,104,1,0
BRDA:704,104,2,0
BRDA:704,104,3,0
BRDA:744,105,0,0
BRDA:744,105,1,0
BRDA:744,105,2,0
BRDA:744,105,3,0
BRDA:744,105,4,0
BRDA:744,105,5,0
BRDA:744,105,6,0
BRDA:744,105,7,0
BRDA:744,105,8,0
BRDA:744,105,9,0
BRDA:755,106,0,0
BRDA:755,106,1,0
BRDA:779,107,0,0
BRDA:779,107,1,0
BRDA:817,108,0,0
BRDA:817,108,1,0
BRDA:817,108,2,0
BRDA:817,108,3,0
BRDA:817,108,4,0
BRF:293
BRH:29
end_of_record
TN:
SF:build\auth\jwtServices.js
FN:2,(anonymous_0)
FN:11,(anonymous_1)
FN:23,(anonymous_2)
FN:24,(anonymous_3)
FN:29,(anonymous_4)
FN:46,(anonymous_5)
FN:47,(anonymous_6)
FN:51,(anonymous_7)
FN:64,(anonymous_8)
FN:73,(anonymous_9)
FN:75,(anonymous_10)
FNF:11
FNH:3
FNDA:1,(anonymous_0)
FNDA:0,(anonymous_1)
FNDA:7,(anonymous_2)
FNDA:0,(anonymous_3)
FNDA:0,(anonymous_4)
FNDA:3,(anonymous_5)
FNDA:0,(anonymous_6)
FNDA:0,(anonymous_7)
FNDA:0,(anonymous_8)
FNDA:0,(anonymous_9)
FNDA:0,(anonymous_10)
DA:2,1
DA:3,1
DA:5,1
DA:6,1
DA:7,1
DA:8,1
DA:9,1
DA:10,1
DA:11,1
DA:12,0
DA:13,0
DA:18,0
DA:19,0
DA:20,0
DA:22,1
DA:23,1
DA:24,7
DA:25,0
DA:27,0
DA:28,0
DA:29,0
DA:30,0
DA:31,0
DA:32,0
DA:33,0
DA:36,0
DA:37,0
DA:40,0
DA:41,0
DA:45,1
DA:46,1
DA:47,3
DA:48,0
DA:49,0
DA:50,0
DA:51,0
DA:52,0
DA:53,0
DA:54,0
DA:55,0
DA:56,0
DA:58,0
DA:59,0
DA:63,1
DA:64,1
DA:65,0
DA:69,0
DA:70,0
DA:72,1
DA:73,1
DA:75,0
DA:76,0
DA:77,0
DA:80,0
DA:82,1
LF:55
LH:20
BRDA:2,0,0,1
BRDA:2,0,1,0
BRDA:2,0,2,1
BRDA:3,1,0,0
BRDA:3,1,1,1
BRDA:3,2,0,1
BRDA:3,2,1,1
BRDA:27,3,0,0
BRDA:27,3,1,0
BRDA:30,4,0,0
BRDA:30,4,1,0
BRDA:32,5,0,0
BRDA:32,5,1,0
BRDA:36,6,0,0
BRDA:36,6,1,0
BRDA:36,7,0,0
BRDA:36,7,1,0
BRDA:36,7,2,0
BRDA:49,8,0,0
BRDA:49,8,1,0
BRDA:52,9,0,0
BRDA:52,9,1,0
BRDA:54,10,0,0
BRDA:54,10,1,0
BRDA:76,11,0,0
BRDA:76,11,1,0
BRF:26
BRH:5
end_of_record
TN:
SF:build\aws\addS3.js
FN:2,(anonymous_0)
FN:3,adopt
FN:3,(anonymous_2)
FN:4,(anonymous_3)
FN:5,fulfilled
FN:6,rejected
FN:7,step
FN:11,(anonymous_7)
FN:12,(anonymous_8)
FN:13,(anonymous_9)
FN:14,verb
FN:14,(anonymous_11)
FN:15,step
FN:45,(anonymous_13)
FN:45,(anonymous_14)
FN:47,(anonymous_15)
FNF:16
FNH:0
FNDA:0,(anonymous_0)
FNDA:0,adopt
FNDA:0,(anonymous_2)
FNDA:0,(anonymous_3)
FNDA:0,fulfilled
FNDA:0,rejected
FNDA:0,step
FNDA:0,(anonymous_7)
FNDA:0,(anonymous_8)
FNDA:0,(anonymous_9)
FNDA:0,verb
FNDA:0,(anonymous_11)
FNDA:0,step
FNDA:0,(anonymous_13)
FNDA:0,(anonymous_14)
FNDA:0,(anonymous_15)
DA:2,1
DA:3,0
DA:4,0
DA:5,0
DA:6,0
DA:7,0
DA:8,0
DA:11,1
DA:12,0
DA:13,0
DA:14,0
DA:16,0
DA:17,0
DA:18,0
DA:19,0
DA:20,0
DA:21,0
DA:22,0
DA:23,0
DA:24,0
DA:26,0
DA:27,0
DA:28,0
DA:29,0
DA:30,0
DA:31,0
DA:33,0
DA:34,0
DA:35,0
DA:38,1
DA:39,1
DA:41,1
DA:42,1
DA:43,1
DA:44,1
DA:45,1
DA:47,0
DA:48,0
DA:50,0
DA:51,0
DA:52,0
DA:57,0
DA:59,0
DA:60,0
DA:62,0
DA:63,0
DA:64,0
DA:66,0
DA:67,0
DA:68,0
DA:69,0
DA:73,1
LF:52
LH:10
BRDA:2,0,0,1
BRDA:2,0,1,0
BRDA:2,0,2,1
BRDA:3,1,0,0
BRDA:3,1,1,0
BRDA:4,2,0,0
BRDA:4,2,1,0
BRDA:7,3,0,0
BRDA:7,3,1,0
BRDA:8,4,0,0
BRDA:8,4,1,0
BRDA:11,5,0,1
BRDA:11,5,1,0
BRDA:11,5,2,1
BRDA:12,6,0,0
BRDA:12,6,1,0
BRDA:13,7,0,0
BRDA:13,7,1,0
BRDA:16,8,0,0
BRDA:16,8,1,0
BRDA:17,9,0,0
BRDA:17,9,1,0
BRDA:17,10,0,0
BRDA:17,10,1,0
BRDA:18,11,0,0
BRDA:18,11,1,0
BRDA:18,12,0,0
BRDA:18,12,1,0
BRDA:18,12,2,0
BRDA:18,13,0,0
BRDA:18,13,1,0
BRDA:18,14,0,0
BRDA:18,14,1,0
BRDA:18,15,0,0
BRDA:18,15,1,0
BRDA:18,16,0,0
BRDA:18,16,1,0
BRDA:19,17,0,0
BRDA:19,17,1,0
BRDA:20,18,0,0
BRDA:20,18,1,0
BRDA:20,18,2,0
BRDA:20,18,3,0
BRDA:20,18,4,0
BRDA:20,18,5,0
BRDA:26,19,0,0
BRDA:26,19,1,0
BRDA:26,20,0,0
BRDA:26,20,1,0
BRDA:26,20,2,0
BRDA:26,21,0,0
BRDA:26,21,1,0
BRDA:27,22,0,0
BRDA:27,22,1,0
BRDA:27,23,0,0
BRDA:27,23,1,0
BRDA:27,23,2,0
BRDA:27,23,3,0
BRDA:28,24,0,0
BRDA:28,24,1,0
BRDA:28,25,0,0
BRDA:28,25,1,0
BRDA:29,26,0,0
BRDA:29,26,1,0
BRDA:29,27,0,0
BRDA:29,27,1,0
BRDA:30,28,0,0
BRDA:30,28,1,0
BRDA:35,29,0,0
BRDA:35,29,1,0
BRDA:35,30,0,0
BRDA:35,30,1,0
BRDA:48,31,0,0
BRDA:48,31,1,0
BRDA:48,31,2,0
BRDA:48,31,3,0
BRDA:48,31,4,0
BRF:77
BRH:4
end_of_record
TN:
SF:build\aws\s3Instance.js
FN:5,(anonymous_0)
FN:6,S3Singleton
FN:8,(anonymous_2)
FNF:3
FNH:2
FNDA:1,(anonymous_0)
FNDA:0,S3Singleton
FNDA:1,(anonymous_2)
DA:2,1
DA:3,1
DA:4,1
DA:5,1
DA:8,1
DA:9,1
DA:10,1
DA:11,1
DA:13,1
DA:15,1
DA:17,1
LF:11
LH:11
BRDA:9,0,0,1
BRDA:9,0,1,0
BRF:2
BRH:1
end_of_record
TN:
SF:build\db\databaseService.js
FN:2,(anonymous_0)
FN:8,(anonymous_1)
FN:18,(anonymous_2)
FN:19,DatabaseService
FN:23,(anonymous_4)
FN:29,(anonymous_5)
FNF:6
FNH:5
FNDA:1,(anonymous_0)
FNDA:1,(anonymous_1)
FNDA:1,(anonymous_2)
FNDA:4,DatabaseService
FNDA:0,(anonymous_4)
FNDA:4,(anonymous_5)
DA:2,1
DA:3,1
DA:4,1
DA:5,0
DA:6,1
DA:8,1
DA:9,1
DA:11,1
DA:12,1
DA:13,1
DA:14,1
DA:15,1
DA:16,1
DA:18,1
DA:20,4
DA:22,1
DA:23,1
DA:24,0
DA:25,0
DA:27,0
DA:29,1
DA:30,4
DA:33,1
DA:34,1
DA:38,1
LF:25
LH:21
BRDA:2,0,0,1
BRDA:2,0,1,0
BRDA:2,0,2,1
BRDA:3,1,0,1
BRDA:3,1,1,0
BRDA:3,2,0,0
BRDA:3,2,1,0
BRDA:4,3,0,1
BRDA:4,3,1,0
BRDA:4,4,0,1
BRDA:4,4,1,1
BRDA:5,5,0,0
BRDA:5,5,1,0
BRDA:5,6,0,0
BRDA:5,6,1,0
BRDA:5,7,0,0
BRDA:5,7,1,0
BRDA:5,8,0,0
BRDA:5,8,1,0
BRDA:6,9,0,1
BRDA:6,9,1,0
BRDA:6,9,2,0
BRDA:8,10,0,1
BRDA:8,10,1,0
BRDA:8,10,2,1
BRDA:9,11,0,1
BRDA:9,11,1,0
BRDA:9,12,0,1
BRDA:9,12,1,1
BRDA:24,13,0,0
BRDA:24,13,1,0
BRF:31
BRH:12
end_of_record
TN:
SF:build\errors\database.errors.js
FN:2,(anonymous_0)
FN:3,(anonymous_1)
FN:5,(anonymous_2)
FN:6,(anonymous_3)
FN:9,(anonymous_4)
FN:13,__
FN:20,(anonymous_6)
FN:22,DatabaseErrors
FNF:8
FNH:5
FNDA:1,(anonymous_0)
FNDA:1,(anonymous_1)
FNDA:0,(anonymous_2)
FNDA:0,(anonymous_3)
FNDA:1,(anonymous_4)
FNDA:1,__
FNDA:1,(anonymous_6)
FNDA:0,DatabaseErrors
DA:2,1
DA:3,1
DA:4,1
DA:5,0
DA:6,0
DA:7,1
DA:9,1
DA:10,1
DA:11,0
DA:12,1
DA:13,1
DA:14,1
DA:17,1
DA:18,1
DA:19,1
DA:20,1
DA:21,1
DA:23,0
DA:24,0
DA:25,0
DA:27,1
DA:29,1
LF:22
LH:16
BRDA:2,0,0,1
BRDA:2,0,1,0
BRDA:2,0,2,1
BRDA:4,1,0,1
BRDA:4,1,1,0
BRDA:4,1,2,0
BRDA:4,1,3,0
BRDA:6,2,0,0
BRDA:6,2,1,0
BRDA:10,3,0,0
BRDA:10,3,1,1
BRDA:10,4,0,1
BRDA:10,4,1,0
BRDA:14,5,0,0
BRDA:14,5,1,1
BRDA:23,6,0,0
BRDA:23,6,1,0
BRF:17
BRH:6
end_of_record
TN:
SF:build\middleware\dataValidation\schemas.js
FN:10,(anonymous_0)
FN:37,(anonymous_1)
FNF:2
FNH:0
FNDA:0,(anonymous_0)
FNDA:0,(anonymous_1)
DA:2,1
DA:3,1
DA:4,1
DA:5,1
DA:10,0
DA:16,1
DA:20,1
DA:23,1
DA:28,1
DA:37,0
LF:10
LH:8
BRDA:10,0,0,0
BRDA:10,0,1,0
BRDA:10,0,2,0
BRF:3
BRH:0
end_of_record
TN:
SF:build\middleware\dataValidation\zodValidation.js
FN:5,(anonymous_0)
FN:6,(anonymous_1)
FNF:2
FNH:1
FNDA:6,(anonymous_0)
FNDA:0,(anonymous_1)
DA:2,1
DA:3,1
DA:4,1
DA:5,1
DA:6,6
DA:7,0
DA:8,0
DA:9,0
DA:12,0
DA:13,0
DA:14,0
DA:18,1
LF:12
LH:6
BRF:0
BRH:0
end_of_record
TN:
SF:build\routes\article.routes.js
FN:2,(anonymous_0)
FN:8,(anonymous_1)
FN:11,(anonymous_2)
FN:12,(anonymous_3)
FN:24,(anonymous_4)
FN:25,ArticleRouter
FN:29,(anonymous_6)
FN:32,(anonymous_7)
FN:36,(anonymous_8)
FN:39,(anonymous_9)
FN:42,(anonymous_10)
FN:45,(anonymous_11)
FN:48,(anonymous_12)
FN:51,(anonymous_13)
FN:54,(anonymous_14)
FN:55,(anonymous_15)
FN:56,(anonymous_16)
FN:57,(anonymous_17)
FN:58,(anonymous_18)
FN:61,(anonymous_19)
FN:64,(anonymous_20)
FN:65,(anonymous_21)
FN:66,(anonymous_22)
FN:67,(anonymous_23)
FNF:24
FNH:7
FNDA:1,(anonymous_0)
FNDA:1,(anonymous_1)
FNDA:1,(anonymous_2)
FNDA:1,(anonymous_3)
FNDA:1,(anonymous_4)
FNDA:1,ArticleRouter
FNDA:1,(anonymous_6)
FNDA:0,(anonymous_7)
FNDA:0,(anonymous_8)
FNDA:0,(anonymous_9)
FNDA:0,(anonymous_10)
FNDA:0,(anonymous_11)
FNDA:0,(anonymous_12)
FNDA:0,(anonymous_13)
FNDA:0,(anonymous_14)
FNDA:0,(anonymous_15)
FNDA:0,(anonymous_16)
FNDA:0,(anonymous_17)
FNDA:0,(anonymous_18)
FNDA:0,(anonymous_19)
FNDA:0,(anonymous_20)
FNDA:0,(anonymous_21)
FNDA:0,(anonymous_22)
FNDA:0,(anonymous_23)
DA:2,1
DA:3,1
DA:4,1
DA:5,0
DA:6,1
DA:8,1
DA:9,1
DA:11,1
DA:12,1
DA:14,1
DA:15,1
DA:16,1
DA:17,1
DA:18,1
DA:19,1
DA:20,1
DA:21,1
DA:22,1
DA:23,1
DA:24,1
DA:26,1
DA:27,1
DA:29,1
DA:30,1
DA:32,1
DA:33,0
DA:36,1
DA:37,0
DA:39,1
DA:40,0
DA:42,1
DA:43,0
DA:45,1
DA:46,0
DA:48,1
DA:49,0
DA:51,1
DA:52,0
DA:54,1
DA:55,1
DA:56,1
DA:57,1
DA:58,1
DA:59,0
DA:61,1
DA:62,0
DA:64,1
DA:65,1
DA:66,1
DA:67,1
DA:68,1
DA:70,1
DA:75,1
LF:53
LH:43
BRDA:2,0,0,1
BRDA:2,0,1,0
BRDA:2,0,2,1
BRDA:3,1,0,1
BRDA:3,1,1,0
BRDA:3,2,0,0
BRDA:3,2,1,0
BRDA:4,3,0,1
BRDA:4,3,1,0
BRDA:4,4,0,1
BRDA:4,4,1,1
BRDA:5,5,0,0
BRDA:5,5,1,0
BRDA:5,6,0,0
BRDA:5,6,1,0
BRDA:5,7,0,0
BRDA:5,7,1,0
BRDA:5,8,0,0
BRDA:5,8,1,0
BRDA:6,9,0,1
BRDA:6,9,1,0
BRDA:6,9,2,0
BRDA:8,10,0,1
BRDA:8,10,1,0
BRDA:8,10,2,1
BRDA:9,11,0,1
BRDA:9,11,1,0
BRDA:9,12,0,1
BRDA:9,12,1,1
BRDA:11,13,0,1
BRDA:11,13,1,0
BRDA:11,13,2,1
BRF:32
BRH:14
end_of_record
TN:
SF:build\routes\index.js
FNF:0
FNH:0
DA:2,1
DA:3,1
DA:4,1
DA:5,1
DA:6,1
DA:7,1
DA:8,1
DA:9,1
DA:10,1
DA:11,1
DA:12,1
LF:11
LH:11
BRF:0
BRH:0
end_of_record
TN:
SF:build\routes\user.routes.js
FN:2,(anonymous_0)
FN:8,(anonymous_1)
FN:11,(anonymous_2)
FN:12,(anonymous_3)
FN:26,(anonymous_4)
FN:27,UserRouter
FN:31,(anonymous_6)
FN:33,(anonymous_7)
FN:33,(anonymous_8)
FN:36,(anonymous_9)
FN:38,(anonymous_10)
FN:39,(anonymous_11)
FN:40,(anonymous_12)
FN:41,(anonymous_13)
FN:44,(anonymous_14)
FN:48,(anonymous_15)
FN:49,(anonymous_16)
FN:50,(anonymous_17)
FN:52,(anonymous_18)
FN:53,(anonymous_19)
FN:54,(anonymous_20)
FN:55,(anonymous_21)
FN:56,(anonymous_22)
FN:57,(anonymous_23)
FN:58,(anonymous_24)
FNF:25
FNH:7
FNDA:1,(anonymous_0)
FNDA:1,(anonymous_1)
FNDA:1,(anonymous_2)
FNDA:1,(anonymous_3)
FNDA:1,(anonymous_4)
FNDA:1,UserRouter
FNDA:1,(anonymous_6)
FNDA:0,(anonymous_7)
FNDA:0,(anonymous_8)
FNDA:0,(anonymous_9)
FNDA:0,(anonymous_10)
FNDA:0,(anonymous_11)
FNDA:0,(anonymous_12)
FNDA:0,(anonymous_13)
FNDA:0,(anonymous_14)
FNDA:0,(anonymous_15)
FNDA:0,(anonymous_16)
FNDA:0,(anonymous_17)
FNDA:0,(anonymous_18)
FNDA:0,(anonymous_19)
FNDA:0,(anonymous_20)
FNDA:0,(anonymous_21)
FNDA:0,(anonymous_22)
FNDA:0,(anonymous_23)
FNDA:0,(anonymous_24)
DA:2,1
DA:3,1
DA:4,1
DA:5,0
DA:6,1
DA:8,1
DA:9,1
DA:11,1
DA:12,1
DA:14,1
DA:15,1
DA:16,1
DA:17,1
DA:19,1
DA:20,1
DA:21,1
DA:22,1
DA:23,1
DA:24,1
DA:25,1
DA:26,1
DA:28,1
DA:29,1
DA:31,1
DA:32,1
DA:33,1
DA:34,0
DA:36,1
DA:38,1
DA:39,1
DA:40,1
DA:41,1
DA:42,0
DA:44,1
DA:45,0
DA:48,1
DA:49,1
DA:50,1
DA:52,1
DA:53,1
DA:54,1
DA:55,1
DA:56,1
DA:57,1
DA:58,1
DA:59,1
DA:61,1
DA:66,1
LF:48
LH:44
BRDA:2,0,0,1
BRDA:2,0,1,0
BRDA:2,0,2,1
BRDA:3,1,0,1
BRDA:3,1,1,0
BRDA:3,2,0,0
BRDA:3,2,1,0
BRDA:4,3,0,1
BRDA:4,3,1,0
BRDA:4,4,0,1
BRDA:4,4,1,1
BRDA:5,5,0,0
BRDA:5,5,1,0
BRDA:5,6,0,0
BRDA:5,6,1,0
BRDA:5,7,0,0
BRDA:5,7,1,0
BRDA:5,8,0,0
BRDA:5,8,1,0
BRDA:6,9,0,1
BRDA:6,9,1,0
BRDA:6,9,2,0
BRDA:8,10,0,1
BRDA:8,10,1,0
BRDA:8,10,2,1
BRDA:9,11,0,1
BRDA:9,11,1,0
BRDA:9,12,0,1
BRDA:9,12,1,1
BRDA:11,13,0,1
BRDA:11,13,1,0
BRDA:11,13,2,1
BRF:32
BRH:14
end_of_record
TN:
SF:build\user\user.controller.js
FN:2,(anonymous_0)
FN:8,(anonymous_1)
FN:11,(anonymous_2)
FN:12,(anonymous_3)
FN:14,(anonymous_4)
FN:15,adopt
FN:15,(anonymous_6)
FN:16,(anonymous_7)
FN:17,fulfilled
FN:18,rejected
FN:19,step
FN:23,(anonymous_11)
FN:24,(anonymous_12)
FN:25,(anonymous_13)
FN:26,verb
FN:26,(anonymous_15)
FN:27,step
FN:58,(anonymous_17)
FN:59,UserController
FN:63,(anonymous_19)
FN:63,(anonymous_20)
FN:66,(anonymous_21)
FN:86,(anonymous_22)
FN:86,(anonymous_23)
FN:88,(anonymous_24)
FN:107,(anonymous_25)
FN:107,(anonymous_26)
FN:109,(anonymous_27)
FN:128,(anonymous_28)
FN:129,(anonymous_29)
FN:129,(anonymous_30)
FN:134,(anonymous_31)
FN:135,(anonymous_32)
FN:135,(anonymous_33)
FN:140,(anonymous_34)
FN:143,(anonymous_35)
FN:146,(anonymous_36)
FN:148,(anonymous_37)
FN:149,(anonymous_38)
FN:149,(anonymous_39)
FN:154,(anonymous_40)
FN:155,(anonymous_41)
FN:155,(anonymous_42)
FN:161,(anonymous_43)
FN:162,(anonymous_44)
FN:162,(anonymous_45)
FN:167,(anonymous_46)
FN:168,(anonymous_47)
FN:168,(anonymous_48)
FN:173,(anonymous_49)
FN:175,(anonymous_50)
FN:176,(anonymous_51)
FN:180,(anonymous_52)
FN:182,(anonymous_53)
FN:183,(anonymous_54)
FN:187,(anonymous_55)
FN:189,(anonymous_56)
FN:190,(anonymous_57)
FN:194,(anonymous_58)
FN:196,(anonymous_59)
FN:197,(anonymous_60)
FN:201,(anonymous_61)
FN:202,(anonymous_62)
FN:204,(anonymous_63)
FN:217,(anonymous_64)
FN:218,(anonymous_65)
FN:220,(anonymous_66)
FNF:67
FNH:6
FNDA:1,(anonymous_0)
FNDA:1,(anonymous_1)
FNDA:1,(anonymous_2)
FNDA:1,(anonymous_3)
FNDA:0,(anonymous_4)
FNDA:0,adopt
FNDA:0,(anonymous_6)
FNDA:0,(anonymous_7)
FNDA:0,fulfilled
FNDA:0,rejected
FNDA:0,step
FNDA:0,(anonymous_11)
FNDA:0,(anonymous_12)
FNDA:0,(anonymous_13)
FNDA:0,verb
FNDA:0,(anonymous_15)
FNDA:0,step
FNDA:1,(anonymous_17)
FNDA:1,UserController
FNDA:0,(anonymous_19)
FNDA:0,(anonymous_20)
FNDA:0,(anonymous_21)
FNDA:0,(anonymous_22)
FNDA:0,(anonymous_23)
FNDA:0,(anonymous_24)
FNDA:0,(anonymous_25)
FNDA:0,(anonymous_26)
FNDA:0,(anonymous_27)
FNDA:0,(anonymous_28)
FNDA:0,(anonymous_29)
FNDA:0,(anonymous_30)
FNDA:0,(anonymous_31)
FNDA:0,(anonymous_32)
FNDA:0,(anonymous_33)
FNDA:0,(anonymous_34)
FNDA:0,(anonymous_35)
FNDA:0,(anonymous_36)
FNDA:0,(anonymous_37)
FNDA:0,(anonymous_38)
FNDA:0,(anonymous_39)
FNDA:0,(anonymous_40)
FNDA:0,(anonymous_41)
FNDA:0,(anonymous_42)
FNDA:0,(anonymous_43)
FNDA:0,(anonymous_44)
FNDA:0,(anonymous_45)
FNDA:0,(anonymous_46)
FNDA:0,(anonymous_47)
FNDA:0,(anonymous_48)
FNDA:0,(anonymous_49)
FNDA:0,(anonymous_50)
FNDA:0,(anonymous_51)
FNDA:0,(anonymous_52)
FNDA:0,(anonymous_53)
FNDA:0,(anonymous_54)
FNDA:0,(anonymous_55)
FNDA:0,(anonymous_56)
FNDA:0,(anonymous_57)
FNDA:0,(anonymous_58)
FNDA:0,(anonymous_59)
FNDA:0,(anonymous_60)
FNDA:0,(anonymous_61)
FNDA:0,(anonymous_62)
FNDA:0,(anonymous_63)
FNDA:0,(anonymous_64)
FNDA:0,(anonymous_65)
FNDA:0,(anonymous_66)
DA:2,1
DA:3,1
DA:4,1
DA:5,0
DA:6,1
DA:8,1
DA:9,1
DA:11,1
DA:12,1
DA:14,1
DA:15,0
DA:16,0
DA:17,0
DA:18,0
DA:19,0
DA:20,0
DA:23,1
DA:24,0
DA:25,0
DA:26,0
DA:28,0
DA:29,0
DA:30,0
DA:31,0
DA:32,0
DA:33,0
DA:34,0
DA:35,0
DA:36,0
DA:38,0
DA:39,0
DA:40,0
DA:41,0
DA:42,0
DA:43,0
DA:45,0
DA:46,0
DA:47,0
DA:50,1
DA:51,1
DA:52,1
DA:53,1
DA:55,1
DA:56,1
DA:58,1
DA:60,1
DA:61,1
DA:63,1
DA:66,0
DA:67,0
DA:69,0
DA:70,0
DA:71,0
DA:72,0
DA:74,0
DA:75,0
DA:76,0
DA:78,0
DA:79,0
DA:80,0
DA:81,0
DA:82,0
DA:86,1
DA:88,0
DA:89,0
DA:91,0
DA:92,0
DA:93,0
DA:95,0
DA:96,0
DA:97,0
DA:99,0
DA:100,0
DA:101,0
DA:102,0
DA:103,0
DA:107,1
DA:109,0
DA:110,0
DA:112,0
DA:113,0
DA:115,0
DA:116,0
DA:117,0
DA:119,0
DA:120,0
DA:121,0
DA:122,0
DA:123,0
DA:128,1
DA:129,0
DA:130,0
DA:131,0
DA:134,1
DA:135,0
DA:136,0
DA:140,1
DA:143,0
DA:144,0
DA:145,0
DA:146,0
DA:148,1
DA:149,0
DA:150,0
DA:151,0
DA:154,1
DA:155,0
DA:156,0
DA:157,0
DA:161,1
DA:162,0
DA:163,0
DA:164,0
DA:167,1
DA:168,0
DA:169,0
DA:170,0
DA:173,1
DA:174,0
DA:175,0
DA:177,0
DA:180,1
DA:181,0
DA:182,0
DA:184,0
DA:187,1
DA:188,0
DA:189,0
DA:191,0
DA:194,1
DA:195,0
DA:196,0
DA:198,0
DA:201,1
DA:202,0
DA:204,0
DA:205,0
DA:207,0
DA:208,0
DA:210,0
DA:211,0
DA:212,0
DA:217,1
DA:218,0
DA:220,0
DA:221,0
DA:223,0
DA:224,0
DA:226,0
DA:227,0
DA:228,0
DA:233,1
DA:238,1
LF:153
LH:37
BRDA:2,0,0,1
BRDA:2,0,1,0
BRDA:2,0,2,1
BRDA:3,1,0,1
BRDA:3,1,1,0
BRDA:3,2,0,0
BRDA:3,2,1,0
BRDA:4,3,0,1
BRDA:4,3,1,0
BRDA:4,4,0,1
BRDA:4,4,1,1
BRDA:5,5,0,0
BRDA:5,5,1,0
BRDA:5,6,0,0
BRDA:5,6,1,0
BRDA:5,7,0,0
BRDA:5,7,1,0
BRDA:5,8,0,0
BRDA:5,8,1,0
BRDA:6,9,0,1
BRDA:6,9,1,0
BRDA:6,9,2,0
BRDA:8,10,0,1
BRDA:8,10,1,0
BRDA:8,10,2,1
BRDA:9,11,0,1
BRDA:9,11,1,0
BRDA:9,12,0,1
BRDA:9,12,1,1
BRDA:11,13,0,1
BRDA:11,13,1,0
BRDA:11,13,2,1
BRDA:14,14,0,1
BRDA:14,14,1,0
BRDA:14,14,2,1
BRDA:15,15,0,0
BRDA:15,15,1,0
BRDA:16,16,0,0
BRDA:16,16,1,0
BRDA:19,17,0,0
BRDA:19,17,1,0
BRDA:20,18,0,0
BRDA:20,18,1,0
BRDA:23,19,0,1
BRDA:23,19,1,0
BRDA:23,19,2,1
BRDA:24,20,0,0
BRDA:24,20,1,0
BRDA:25,21,0,0
BRDA:25,21,1,0
BRDA:28,22,0,0
BRDA:28,22,1,0
BRDA:29,23,0,0
BRDA:29,23,1,0
BRDA:29,24,0,0
BRDA:29,24,1,0
BRDA:30,25,0,0
BRDA:30,25,1,0
BRDA:30,26,0,0
BRDA:30,26,1,0
BRDA:30,26,2,0
BRDA:30,27,0,0
BRDA:30,27,1,0
BRDA:30,28,0,0
BRDA:30,28,1,0
BRDA:30,29,0,0
BRDA:30,29,1,0
BRDA:30,30,0,0
BRDA:30,30,1,0
BRDA:31,31,0,0
BRDA:31,31,1,0
BRDA:32,32,0,0
BRDA:32,32,1,0
BRDA:32,32,2,0
BRDA:32,32,3,0
BRDA:32,32,4,0
BRDA:32,32,5,0
BRDA:38,33,0,0
BRDA:38,33,1,0
BRDA:38,34,0,0
BRDA:38,34,1,0
BRDA:38,34,2,0
BRDA:38,35,0,0
BRDA:38,35,1,0
BRDA:39,36,0,0
BRDA:39,36,1,0
BRDA:39,37,0,0
BRDA:39,37,1,0
BRDA:39,37,2,0
BRDA:39,37,3,0
BRDA:40,38,0,0
BRDA:40,38,1,0
BRDA:40,39,0,0
BRDA:40,39,1,0
BRDA:41,40,0,0
BRDA:41,40,1,0
BRDA:41,41,0,0
BRDA:41,41,1,0
BRDA:42,42,0,0
BRDA:42,42,1,0
BRDA:47,43,0,0
BRDA:47,43,1,0
BRDA:47,44,0,0
BRDA:47,44,1,0
BRDA:67,45,0,0
BRDA:67,45,1,0
BRDA:67,45,2,0
BRDA:67,45,3,0
BRDA:89,46,0,0
BRDA:89,46,1,0
BRDA:89,46,2,0
BRDA:89,46,3,0
BRDA:110,47,0,0
BRDA:110,47,1,0
BRDA:110,47,2,0
BRDA:110,47,3,0
BRDA:205,48,0,0
BRDA:205,48,1,0
BRDA:221,49,0,0
BRDA:221,49,1,0
BRF:120
BRH:18
end_of_record
TN:
SF:build\user\user.facade.js
FN:2,(anonymous_0)
FN:8,(anonymous_1)
FN:11,(anonymous_2)
FN:12,(anonymous_3)
FN:14,(anonymous_4)
FN:15,adopt
FN:15,(anonymous_6)
FN:16,(anonymous_7)
FN:17,fulfilled
FN:18,rejected
FN:19,step
FN:23,(anonymous_11)
FN:24,(anonymous_12)
FN:25,(anonymous_13)
FN:26,verb
FN:26,(anonymous_15)
FN:27,step
FN:57,(anonymous_17)
FN:58,UserFacade
FN:61,(anonymous_19)
FN:62,(anonymous_20)
FN:64,(anonymous_21)
FN:94,(anonymous_22)
FN:95,(anonymous_23)
FN:97,(anonymous_24)
FN:111,(anonymous_25)
FN:112,(anonymous_26)
FN:114,(anonymous_27)
FN:127,(anonymous_28)
FN:128,(anonymous_29)
FN:130,(anonymous_30)
FN:143,(anonymous_31)
FN:144,(anonymous_32)
FN:146,(anonymous_33)
FN:159,(anonymous_34)
FN:160,(anonymous_35)
FN:162,(anonymous_36)
FN:172,(anonymous_37)
FN:173,(anonymous_38)
FN:174,(anonymous_39)
FN:193,(anonymous_40)
FN:194,(anonymous_41)
FN:196,(anonymous_42)
FN:206,(anonymous_43)
FN:207,(anonymous_44)
FN:208,(anonymous_45)
FN:228,(anonymous_46)
FN:229,(anonymous_47)
FN:231,(anonymous_48)
FN:261,(anonymous_49)
FN:262,(anonymous_50)
FN:264,(anonymous_51)
FN:283,(anonymous_52)
FN:284,(anonymous_53)
FN:286,(anonymous_54)
FN:300,(anonymous_55)
FN:301,(anonymous_56)
FN:303,(anonymous_57)
FN:316,(anonymous_58)
FN:317,(anonymous_59)
FN:319,(anonymous_60)
FN:334,(anonymous_61)
FN:335,(anonymous_62)
FN:337,(anonymous_63)
FN:353,(anonymous_64)
FN:354,(anonymous_65)
FN:356,(anonymous_66)
FN:372,(anonymous_67)
FN:373,(anonymous_68)
FN:375,(anonymous_69)
FN:391,(anonymous_70)
FN:392,(anonymous_71)
FN:394,(anonymous_72)
FNF:73
FNH:6
FNDA:1,(anonymous_0)
FNDA:1,(anonymous_1)
FNDA:1,(anonymous_2)
FNDA:1,(anonymous_3)
FNDA:0,(anonymous_4)
FNDA:0,adopt
FNDA:0,(anonymous_6)
FNDA:0,(anonymous_7)
FNDA:0,fulfilled
FNDA:0,rejected
FNDA:0,step
FNDA:0,(anonymous_11)
FNDA:0,(anonymous_12)
FNDA:0,(anonymous_13)
FNDA:0,verb
FNDA:0,(anonymous_15)
FNDA:0,step
FNDA:1,(anonymous_17)
FNDA:1,UserFacade
FNDA:0,(anonymous_19)
FNDA:0,(anonymous_20)
FNDA:0,(anonymous_21)
FNDA:0,(anonymous_22)
FNDA:0,(anonymous_23)
FNDA:0,(anonymous_24)
FNDA:0,(anonymous_25)
FNDA:0,(anonymous_26)
FNDA:0,(anonymous_27)
FNDA:0,(anonymous_28)
FNDA:0,(anonymous_29)
FNDA:0,(anonymous_30)
FNDA:0,(anonymous_31)
FNDA:0,(anonymous_32)
FNDA:0,(anonymous_33)
FNDA:0,(anonymous_34)
FNDA:0,(anonymous_35)
FNDA:0,(anonymous_36)
FNDA:0,(anonymous_37)
FNDA:0,(anonymous_38)
FNDA:0,(anonymous_39)
FNDA:0,(anonymous_40)
FNDA:0,(anonymous_41)
FNDA:0,(anonymous_42)
FNDA:0,(anonymous_43)
FNDA:0,(anonymous_44)
FNDA:0,(anonymous_45)
FNDA:0,(anonymous_46)
FNDA:0,(anonymous_47)
FNDA:0,(anonymous_48)
FNDA:0,(anonymous_49)
FNDA:0,(anonymous_50)
FNDA:0,(anonymous_51)
FNDA:0,(anonymous_52)
FNDA:0,(anonymous_53)
FNDA:0,(anonymous_54)
FNDA:0,(anonymous_55)
FNDA:0,(anonymous_56)
FNDA:0,(anonymous_57)
FNDA:0,(anonymous_58)
FNDA:0,(anonymous_59)
FNDA:0,(anonymous_60)
FNDA:0,(anonymous_61)
FNDA:0,(anonymous_62)
FNDA:0,(anonymous_63)
FNDA:0,(anonymous_64)
FNDA:0,(anonymous_65)
FNDA:0,(anonymous_66)
FNDA:0,(anonymous_67)
FNDA:0,(anonymous_68)
FNDA:0,(anonymous_69)
FNDA:0,(anonymous_70)
FNDA:0,(anonymous_71)
FNDA:0,(anonymous_72)
DA:2,1
DA:3,1
DA:4,1
DA:5,0
DA:6,1
DA:8,1
DA:9,1
DA:11,1
DA:12,1
DA:14,1
DA:15,0
DA:16,0
DA:17,0
DA:18,0
DA:19,0
DA:20,0
DA:23,1
DA:24,0
DA:25,0
DA:26,0
DA:28,0
DA:29,0
DA:30,0
DA:31,0
DA:32,0
DA:33,0
DA:34,0
DA:35,0
DA:36,0
DA:38,0
DA:39,0
DA:40,0
DA:41,0
DA:42,0
DA:43,0
DA:45,0
DA:46,0
DA:47,0
DA:50,1
DA:51,1
DA:52,1
DA:53,1
DA:54,1
DA:55,1
DA:56,1
DA:57,1
DA:59,1
DA:61,1
DA:62,0
DA:64,0
DA:65,0
DA:67,0
DA:68,0
DA:70,0
DA:71,0
DA:72,0
DA:74,0
DA:75,0
DA:79,0
DA:81,0
DA:82,0
DA:83,0
DA:85,0
DA:86,0
DA:87,0
DA:94,1
DA:95,0
DA:97,0
DA:98,0
DA:100,0
DA:101,0
DA:103,0
DA:104,0
DA:106,0
DA:111,1
DA:112,0
DA:114,0
DA:115,0
DA:116,0
DA:118,0
DA:119,0
DA:120,0
DA:122,0
DA:127,1
DA:128,0
DA:130,0
DA:131,0
DA:132,0
DA:134,0
DA:135,0
DA:136,0
DA:138,0
DA:143,1
DA:144,0
DA:146,0
DA:147,0
DA:148,0
DA:150,0
DA:151,0
DA:152,0
DA:154,0
DA:159,1
DA:160,0
DA:162,0
DA:163,0
DA:164,0
DA:166,0
DA:167,0
DA:168,0
DA:170,0
DA:171,0
DA:172,0
DA:173,0
DA:174,0
DA:175,0
DA:188,0
DA:193,1
DA:194,0
DA:196,0
DA:197,0
DA:198,0
DA:200,0
DA:201,0
DA:202,0
DA:204,0
DA:205,0
DA:206,0
DA:207,0
DA:208,0
DA:209,0
DA:222,0
DA:228,1
DA:229,0
DA:231,0
DA:232,0
DA:234,0
DA:235,0
DA:237,0
DA:238,0
DA:239,0
DA:241,0
DA:242,0
DA:243,0
DA:245,0
DA:247,0
DA:248,0
DA:250,0
DA:251,0
DA:253,0
DA:254,0
DA:255,0
DA:256,0
DA:261,1
DA:262,0
DA:264,0
DA:265,0
DA:266,0
DA:271,0
DA:272,0
DA:273,0
DA:275,0
DA:277,0
DA:278,0
DA:283,1
DA:284,0
DA:286,0
DA:287,0
DA:288,0
DA:290,0
DA:291,0
DA:292,0
DA:294,0
DA:300,1
DA:301,0
DA:303,0
DA:304,0
DA:305,0
DA:307,0
DA:308,0
DA:309,0
DA:311,0
DA:316,1
DA:317,0
DA:319,0
DA:320,0
DA:322,0
DA:323,0
DA:325,0
DA:326,0
DA:327,0
DA:329,0
DA:334,1
DA:335,0
DA:337,0
DA:338,0
DA:340,0
DA:341,0
DA:343,0
DA:344,0
DA:346,0
DA:347,0
DA:348,0
DA:353,1
DA:354,0
DA:356,0
DA:357,0
DA:359,0
DA:360,0
DA:362,0
DA:363,0
DA:365,0
DA:366,0
DA:367,0
DA:372,1
DA:373,0
DA:375,0
DA:376,0
DA:378,0
DA:379,0
DA:381,0
DA:382,0
DA:384,0
DA:385,0
DA:386,0
DA:391,1
DA:392,0
DA:394,0
DA:395,0
DA:397,0
DA:398,0
DA:400,0
DA:401,0
DA:403,0
DA:404,0
DA:405,0
DA:410,1
DA:415,1
LF:237
LH:37
BRDA:2,0,0,1
BRDA:2,0,1,0
BRDA:2,0,2,1
BRDA:3,1,0,1
BRDA:3,1,1,0
BRDA:3,2,0,0
BRDA:3,2,1,0
BRDA:4,3,0,1
BRDA:4,3,1,0
BRDA:4,4,0,1
BRDA:4,4,1,1
BRDA:5,5,0,0
BRDA:5,5,1,0
BRDA:5,6,0,0
BRDA:5,6,1,0
BRDA:5,7,0,0
BRDA:5,7,1,0
BRDA:5,8,0,0
BRDA:5,8,1,0
BRDA:6,9,0,1
BRDA:6,9,1,0
BRDA:6,9,2,0
BRDA:8,10,0,1
BRDA:8,10,1,0
BRDA:8,10,2,1
BRDA:9,11,0,1
BRDA:9,11,1,0
BRDA:9,12,0,1
BRDA:9,12,1,1
BRDA:11,13,0,1
BRDA:11,13,1,0
BRDA:11,13,2,1
BRDA:14,14,0,1
BRDA:14,14,1,0
BRDA:14,14,2,1
BRDA:15,15,0,0
BRDA:15,15,1,0
BRDA:16,16,0,0
BRDA:16,16,1,0
BRDA:19,17,0,0
BRDA:19,17,1,0
BRDA:20,18,0,0
BRDA:20,18,1,0
BRDA:23,19,0,1
BRDA:23,19,1,0
BRDA:23,19,2,1
BRDA:24,20,0,0
BRDA:24,20,1,0
BRDA:25,21,0,0
BRDA:25,21,1,0
BRDA:28,22,0,0
BRDA:28,22,1,0
BRDA:29,23,0,0
BRDA:29,23,1,0
BRDA:29,24,0,0
BRDA:29,24,1,0
BRDA:30,25,0,0
BRDA:30,25,1,0
BRDA:30,26,0,0
BRDA:30,26,1,0
BRDA:30,26,2,0
BRDA:30,27,0,0
BRDA:30,27,1,0
BRDA:30,28,0,0
BRDA:30,28,1,0
BRDA:30,29,0,0
BRDA:30,29,1,0
BRDA:30,30,0,0
BRDA:30,30,1,0
BRDA:31,31,0,0
BRDA:31,31,1,0
BRDA:32,32,0,0
BRDA:32,32,1,0
BRDA:32,32,2,0
BRDA:32,32,3,0
BRDA:32,32,4,0
BRDA:32,32,5,0
BRDA:38,33,0,0
BRDA:38,33,1,0
BRDA:38,34,0,0
BRDA:38,34,1,0
BRDA:38,34,2,0
BRDA:38,35,0,0
BRDA:38,35,1,0
BRDA:39,36,0,0
BRDA:39,36,1,0
BRDA:39,37,0,0
BRDA:39,37,1,0
BRDA:39,37,2,0
BRDA:39,37,3,0
BRDA:40,38,0,0
BRDA:40,38,1,0
BRDA:40,39,0,0
BRDA:40,39,1,0
BRDA:41,40,0,0
BRDA:41,40,1,0
BRDA:41,41,0,0
BRDA:41,41,1,0
BRDA:42,42,0,0
BRDA:42,42,1,0
BRDA:47,43,0,0
BRDA:47,43,1,0
BRDA:47,44,0,0
BRDA:47,44,1,0
BRDA:65,45,0,0
BRDA:65,45,1,0
BRDA:67,46,0,0
BRDA:67,46,1,0
BRDA:71,47,0,0
BRDA:71,47,1,0
BRDA:82,48,0,0
BRDA:82,48,1,0
BRDA:98,49,0,0
BRDA:98,49,1,0
BRDA:103,50,0,0
BRDA:103,50,1,0
BRDA:115,51,0,0
BRDA:115,51,1,0
BRDA:119,52,0,0
BRDA:119,52,1,0
BRDA:131,53,0,0
BRDA:131,53,1,0
BRDA:135,54,0,0
BRDA:135,54,1,0
BRDA:147,55,0,0
BRDA:147,55,1,0
BRDA:151,56,0,0
BRDA:151,56,1,0
BRDA:163,57,0,0
BRDA:163,57,1,0
BRDA:167,58,0,0
BRDA:167,58,1,0
BRDA:197,59,0,0
BRDA:197,59,1,0
BRDA:201,60,0,0
BRDA:201,60,1,0
BRDA:232,61,0,0
BRDA:232,61,1,0
BRDA:232,61,2,0
BRDA:232,61,3,0
BRDA:232,61,4,0
BRDA:238,62,0,0
BRDA:238,62,1,0
BRDA:241,63,0,0
BRDA:241,63,1,0
BRDA:241,64,0,0
BRDA:241,64,1,0
BRDA:242,65,0,0
BRDA:242,65,1,0
BRDA:242,66,0,0
BRDA:242,66,1,0
BRDA:265,67,0,0
BRDA:265,67,1,0
BRDA:265,67,2,0
BRDA:272,68,0,0
BRDA:272,68,1,0
BRDA:287,69,0,0
BRDA:287,69,1,0
BRDA:291,70,0,0
BRDA:291,70,1,0
BRDA:304,71,0,0
BRDA:304,71,1,0
BRDA:308,72,0,0
BRDA:308,72,1,0
BRDA:320,73,0,0
BRDA:320,73,1,0
BRDA:326,74,0,0
BRDA:326,74,1,0
BRDA:338,75,0,0
BRDA:338,75,1,0
BRDA:338,75,2,0
BRDA:338,75,3,0
BRDA:357,76,0,0
BRDA:357,76,1,0
BRDA:357,76,2,0
BRDA:357,76,3,0
BRDA:376,77,0,0
BRDA:376,77,1,0
BRDA:376,77,2,0
BRDA:376,77,3,0
BRDA:395,78,0,0
BRDA:395,78,1,0
BRDA:395,78,2,0
BRDA:395,78,3,0
BRF:184
BRH:18
end_of_record
TN:
SF:build\user\user.service.js
FN:2,(anonymous_0)
FN:3,(anonymous_1)
FN:13,(anonymous_2)
FN:19,(anonymous_3)
FN:22,(anonymous_4)
FN:23,(anonymous_5)
FN:25,(anonymous_6)
FN:26,adopt
FN:26,(anonymous_8)
FN:27,(anonymous_9)
FN:28,fulfilled
FN:29,rejected
FN:30,step
FN:34,(anonymous_13)
FN:35,(anonymous_14)
FN:36,(anonymous_15)
FN:37,verb
FN:37,(anonymous_17)
FN:38,step
FN:70,(anonymous_19)
FN:71,UserService
FN:74,(anonymous_21)
FN:75,(anonymous_22)
FN:77,(anonymous_23)
FN:151,(anonymous_24)
FN:152,(anonymous_25)
FN:153,(anonymous_26)
FN:159,(anonymous_27)
FN:172,(anonymous_28)
FN:173,(anonymous_29)
FN:175,(anonymous_30)
FN:189,(anonymous_31)
FN:200,(anonymous_32)
FN:201,(anonymous_33)
FN:203,(anonymous_34)
FN:227,(anonymous_35)
FN:228,(anonymous_36)
FN:230,(anonymous_37)
FN:247,(anonymous_38)
FN:248,(anonymous_39)
FN:250,(anonymous_40)
FN:273,(anonymous_41)
FN:274,(anonymous_42)
FN:275,(anonymous_43)
FN:283,(anonymous_44)
FN:284,(anonymous_45)
FN:286,(anonymous_46)
FN:316,(anonymous_47)
FN:317,(anonymous_48)
FN:319,(anonymous_49)
FN:375,(anonymous_50)
FN:376,(anonymous_51)
FN:378,(anonymous_52)
FN:417,(anonymous_53)
FN:418,(anonymous_54)
FN:420,(anonymous_55)
FN:457,(anonymous_56)
FN:458,(anonymous_57)
FN:460,(anonymous_58)
FN:487,(anonymous_59)
FN:488,(anonymous_60)
FN:490,(anonymous_61)
FN:527,(anonymous_62)
FN:528,(anonymous_63)
FN:530,(anonymous_64)
FN:553,(anonymous_65)
FN:554,(anonymous_66)
FN:556,(anonymous_67)
FN:580,(anonymous_68)
FN:581,(anonymous_69)
FN:583,(anonymous_70)
FN:598,(anonymous_71)
FN:599,(anonymous_72)
FN:601,(anonymous_73)
FN:647,(anonymous_74)
FN:648,(anonymous_75)
FN:650,(anonymous_76)
FN:696,(anonymous_77)
FN:697,(anonymous_78)
FN:699,(anonymous_79)
FN:723,(anonymous_80)
FN:732,(anonymous_81)
FN:733,(anonymous_82)
FN:735,(anonymous_83)
FN:759,(anonymous_84)
FNF:85
FNH:6
FNDA:0,(anonymous_0)
FNDA:0,(anonymous_1)
FNDA:1,(anonymous_2)
FNDA:1,(anonymous_3)
FNDA:1,(anonymous_4)
FNDA:1,(anonymous_5)
FNDA:0,(anonymous_6)
FNDA:0,adopt
FNDA:0,(anonymous_8)
FNDA:0,(anonymous_9)
FNDA:0,fulfilled
FNDA:0,rejected
FNDA:0,step
FNDA:0,(anonymous_13)
FNDA:0,(anonymous_14)
FNDA:0,(anonymous_15)
FNDA:0,verb
FNDA:0,(anonymous_17)
FNDA:0,step
FNDA:1,(anonymous_19)
FNDA:2,UserService
FNDA:0,(anonymous_21)
FNDA:0,(anonymous_22)
FNDA:0,(anonymous_23)
FNDA:0,(anonymous_24)
FNDA:0,(anonymous_25)
FNDA:0,(anonymous_26)
FNDA:0,(anonymous_27)
FNDA:0,(anonymous_28)
FNDA:0,(anonymous_29)
FNDA:0,(anonymous_30)
FNDA:0,(anonymous_31)
FNDA:0,(anonymous_32)
FNDA:0,(anonymous_33)
FNDA:0,(anonymous_34)
FNDA:0,(anonymous_35)
FNDA:0,(anonymous_36)
FNDA:0,(anonymous_37)
FNDA:0,(anonymous_38)
FNDA:0,(anonymous_39)
FNDA:0,(anonymous_40)
FNDA:0,(anonymous_41)
FNDA:0,(anonymous_42)
FNDA:0,(anonymous_43)
FNDA:0,(anonymous_44)
FNDA:0,(anonymous_45)
FNDA:0,(anonymous_46)
FNDA:0,(anonymous_47)
FNDA:0,(anonymous_48)
FNDA:0,(anonymous_49)
FNDA:0,(anonymous_50)
FNDA:0,(anonymous_51)
FNDA:0,(anonymous_52)
FNDA:0,(anonymous_53)
FNDA:0,(anonymous_54)
FNDA:0,(anonymous_55)
FNDA:0,(anonymous_56)
FNDA:0,(anonymous_57)
FNDA:0,(anonymous_58)
FNDA:0,(anonymous_59)
FNDA:0,(anonymous_60)
FNDA:0,(anonymous_61)
FNDA:0,(anonymous_62)
FNDA:0,(anonymous_63)
FNDA:0,(anonymous_64)
FNDA:0,(anonymous_65)
FNDA:0,(anonymous_66)
FNDA:0,(anonymous_67)
FNDA:0,(anonymous_68)
FNDA:0,(anonymous_69)
FNDA:0,(anonymous_70)
FNDA:0,(anonymous_71)
FNDA:0,(anonymous_72)
FNDA:0,(anonymous_73)
FNDA:0,(anonymous_74)
FNDA:0,(anonymous_75)
FNDA:0,(anonymous_76)
FNDA:0,(anonymous_77)
FNDA:0,(anonymous_78)
FNDA:0,(anonymous_79)
FNDA:0,(anonymous_80)
FNDA:0,(anonymous_81)
FNDA:0,(anonymous_82)
FNDA:0,(anonymous_83)
FNDA:0,(anonymous_84)
DA:2,1
DA:3,0
DA:4,0
DA:5,0
DA:6,0
DA:7,0
DA:9,0
DA:11,0
DA:13,1
DA:14,1
DA:15,1
DA:16,0
DA:17,1
DA:19,1
DA:20,1
DA:22,1
DA:23,1
DA:25,1
DA:26,0
DA:27,0
DA:28,0
DA:29,0
DA:30,0
DA:31,0
DA:34,1
DA:35,0
DA:36,0
DA:37,0
DA:39,0
DA:40,0
DA:41,0
DA:42,0
DA:43,0
DA:44,0
DA:45,0
DA:46,0
DA:47,0
DA:49,0
DA:50,0
DA:51,0
DA:52,0
DA:53,0
DA:54,0
DA:56,0
DA:57,0
DA:58,0
DA:61,1
DA:62,1
DA:63,1
DA:64,1
DA:65,1
DA:66,1
DA:67,1
DA:68,1
DA:69,1
DA:70,1
DA:72,2
DA:74,1
DA:75,0
DA:77,0
DA:78,0
DA:80,0
DA:81,0
DA:87,0
DA:88,0
DA:89,0
DA:91,0
DA:97,0
DA:98,0
DA:104,0
DA:105,0
DA:128,0
DA:129,0
DA:131,0
DA:132,0
DA:133,0
DA:144,0
DA:145,0
DA:146,0
DA:151,1
DA:152,0
DA:153,0
DA:154,0
DA:155,0
DA:160,0
DA:161,0
DA:164,0
DA:167,0
DA:172,1
DA:173,0
DA:175,0
DA:176,0
DA:177,0
DA:179,0
DA:180,0
DA:190,0
DA:193,0
DA:195,0
DA:200,1
DA:201,0
DA:203,0
DA:204,0
DA:206,0
DA:207,0
DA:209,0
DA:210,0
DA:211,0
DA:213,0
DA:214,0
DA:215,0
DA:217,0
DA:218,0
DA:220,0
DA:221,0
DA:222,0
DA:227,1
DA:228,0
DA:230,0
DA:231,0
DA:232,0
DA:238,0
DA:239,0
DA:240,0
DA:242,0
DA:247,1
DA:248,0
DA:250,0
DA:251,0
DA:253,0
DA:254,0
DA:260,0
DA:261,0
DA:262,0
DA:264,0
DA:266,0
DA:267,0
DA:268,0
DA:273,1
DA:274,0
DA:275,0
DA:276,0
DA:277,0
DA:278,0
DA:283,1
DA:284,0
DA:286,0
DA:287,0
DA:289,0
DA:290,0
DA:294,0
DA:295,0
DA:303,0
DA:304,0
DA:305,0
DA:307,0
DA:309,0
DA:310,0
DA:311,0
DA:316,1
DA:317,0
DA:319,0
DA:320,0
DA:322,0
DA:323,0
DA:352,0
DA:353,0
DA:361,0
DA:362,0
DA:363,0
DA:365,0
DA:367,0
DA:368,0
DA:369,0
DA:375,1
DA:376,0
DA:378,0
DA:379,0
DA:381,0
DA:382,0
DA:388,0
DA:389,0
DA:390,0
DA:392,0
DA:407,0
DA:408,0
DA:410,0
DA:411,0
DA:412,0
DA:417,1
DA:418,0
DA:420,0
DA:421,0
DA:423,0
DA:424,0
DA:425,0
DA:431,0
DA:432,0
DA:433,0
DA:435,0
DA:437,0
DA:438,0
DA:447,0
DA:448,0
DA:450,0
DA:451,0
DA:452,0
DA:457,1
DA:458,0
DA:460,0
DA:461,0
DA:463,0
DA:464,0
DA:465,0
DA:467,0
DA:468,0
DA:469,0
DA:471,0
DA:473,0
DA:474,0
DA:475,0
DA:477,0
DA:479,0
DA:480,0
DA:481,0
DA:487,1
DA:488,0
DA:490,0
DA:491,0
DA:493,0
DA:494,0
DA:501,0
DA:502,0
DA:503,0
DA:504,0
DA:505,0
DA:506,0
DA:508,0
DA:509,0
DA:510,0
DA:512,0
DA:514,0
DA:515,0
DA:518,0
DA:520,0
DA:521,0
DA:522,0
DA:527,1
DA:528,0
DA:530,0
DA:531,0
DA:533,0
DA:534,0
DA:540,0
DA:541,0
DA:542,0
DA:544,0
DA:546,0
DA:547,0
DA:548,0
DA:553,1
DA:554,0
DA:556,0
DA:557,0
DA:559,0
DA:560,0
DA:567,0
DA:568,0
DA:569,0
DA:571,0
DA:573,0
DA:574,0
DA:575,0
DA:580,1
DA:581,0
DA:583,0
DA:584,0
DA:585,0
DA:592,0
DA:593,0
DA:598,1
DA:599,0
DA:601,0
DA:602,0
DA:604,0
DA:605,0
DA:611,0
DA:612,0
DA:613,0
DA:615,0
DA:621,0
DA:622,0
DA:623,0
DA:625,0
DA:627,0
DA:628,0
DA:630,0
DA:637,0
DA:638,0
DA:640,0
DA:641,0
DA:642,0
DA:647,1
DA:648,0
DA:650,0
DA:651,0
DA:653,0
DA:654,0
DA:660,0
DA:661,0
DA:662,0
DA:664,0
DA:666,0
DA:667,0
DA:669,0
DA:675,0
DA:676,0
DA:677,0
DA:679,0
DA:686,0
DA:687,0
DA:689,0
DA:690,0
DA:691,0
DA:696,1
DA:697,0
DA:699,0
DA:700,0
DA:702,0
DA:703,0
DA:704,0
DA:722,0
DA:723,0
DA:725,0
DA:726,0
DA:727,0
DA:732,1
DA:733,0
DA:735,0
DA:736,0
DA:738,0
DA:739,0
DA:740,0
DA:758,0
DA:759,0
DA:761,0
DA:762,0
DA:763,0
DA:768,1
DA:773,1
LF:349
LH:44
BRDA:2,0,0,1
BRDA:2,0,1,0
BRDA:2,0,2,1
BRDA:3,1,0,0
BRDA:3,1,1,0
BRDA:6,2,0,0
BRDA:6,2,1,0
BRDA:13,3,0,1
BRDA:13,3,1,0
BRDA:13,3,2,1
BRDA:14,4,0,1
BRDA:14,4,1,0
BRDA:14,5,0,0
BRDA:14,5,1,0
BRDA:15,6,0,1
BRDA:15,6,1,0
BRDA:15,7,0,1
BRDA:15,7,1,1
BRDA:16,8,0,0
BRDA:16,8,1,0
BRDA:16,9,0,0
BRDA:16,9,1,0
BRDA:16,10,0,0
BRDA:16,10,1,0
BRDA:16,11,0,0
BRDA:16,11,1,0
BRDA:17,12,0,1
BRDA:17,12,1,0
BRDA:17,12,2,0
BRDA:19,13,0,1
BRDA:19,13,1,0
BRDA:19,13,2,1
BRDA:20,14,0,1
BRDA:20,14,1,0
BRDA:20,15,0,1
BRDA:20,15,1,1
BRDA:22,16,0,1
BRDA:22,16,1,0
BRDA:22,16,2,1
BRDA:25,17,0,1
BRDA:25,17,1,0
BRDA:25,17,2,1
BRDA:26,18,0,0
BRDA:26,18,1,0
BRDA:27,19,0,0
BRDA:27,19,1,0
BRDA:30,20,0,0
BRDA:30,20,1,0
BRDA:31,21,0,0
BRDA:31,21,1,0
BRDA:34,22,0,1
BRDA:34,22,1,0
BRDA:34,22,2,1
BRDA:35,23,0,0
BRDA:35,23,1,0
BRDA:36,24,0,0
BRDA:36,24,1,0
BRDA:39,25,0,0
BRDA:39,25,1,0
BRDA:40,26,0,0
BRDA:40,26,1,0
BRDA:40,27,0,0
BRDA:40,27,1,0
BRDA:41,28,0,0
BRDA:41,28,1,0
BRDA:41,29,0,0
BRDA:41,29,1,0
BRDA:41,29,2,0
BRDA:41,30,0,0
BRDA:41,30,1,0
BRDA:41,31,0,0
BRDA:41,31,1,0
BRDA:41,32,0,0
BRDA:41,32,1,0
BRDA:41,33,0,0
BRDA:41,33,1,0
BRDA:42,34,0,0
BRDA:42,34,1,0
BRDA:43,35,0,0
BRDA:43,35,1,0
BRDA:43,35,2,0
BRDA:43,35,3,0
BRDA:43,35,4,0
BRDA:43,35,5,0
BRDA:49,36,0,0
BRDA:49,36,1,0
BRDA:49,37,0,0
BRDA:49,37,1,0
BRDA:49,37,2,0
BRDA:49,38,0,0
BRDA:49,38,1,0
BRDA:50,39,0,0
BRDA:50,39,1,0
BRDA:50,40,0,0
BRDA:50,40,1,0
BRDA:50,40,2,0
BRDA:50,40,3,0
BRDA:51,41,0,0
BRDA:51,41,1,0
BRDA:51,42,0,0
BRDA:51,42,1,0
BRDA:52,43,0,0
BRDA:52,43,1,0
BRDA:52,44,0,0
BRDA:52,44,1,0
BRDA:53,45,0,0
BRDA:53,45,1,0
BRDA:58,46,0,0
BRDA:58,46,1,0
BRDA:58,47,0,0
BRDA:58,47,1,0
BRDA:78,48,0,0
BRDA:78,48,1,0
BRDA:78,48,2,0
BRDA:78,48,3,0
BRDA:78,48,4,0
BRDA:78,48,5,0
BRDA:78,48,6,0
BRDA:78,48,7,0
BRDA:88,49,0,0
BRDA:88,49,1,0
BRDA:132,50,0,0
BRDA:132,50,1,0
BRDA:154,51,0,0
BRDA:154,51,1,0
BRDA:176,52,0,0
BRDA:176,52,1,0
BRDA:176,52,2,0
BRDA:204,53,0,0
BRDA:204,53,1,0
BRDA:204,53,2,0
BRDA:204,53,3,0
BRDA:204,53,4,0
BRDA:214,54,0,0
BRDA:214,54,1,0
BRDA:231,55,0,0
BRDA:231,55,1,0
BRDA:239,56,0,0
BRDA:239,56,1,0
BRDA:251,57,0,0
BRDA:251,57,1,0
BRDA:251,57,2,0
BRDA:251,57,3,0
BRDA:261,58,0,0
BRDA:261,58,1,0
BRDA:276,59,0,0
BRDA:276,59,1,0
BRDA:287,60,0,0
BRDA:287,60,1,0
BRDA:287,60,2,0
BRDA:287,60,3,0
BRDA:287,60,4,0
BRDA:304,61,0,0
BRDA:304,61,1,0
BRDA:304,62,0,0
BRDA:304,62,1,0
BRDA:320,63,0,0
BRDA:320,63,1,0
BRDA:320,63,2,0
BRDA:320,63,3,0
BRDA:320,63,4,0
BRDA:362,64,0,0
BRDA:362,64,1,0
BRDA:362,65,0,0
BRDA:362,65,1,0
BRDA:362,65,2,0
BRDA:379,66,0,0
BRDA:379,66,1,0
BRDA:379,66,2,0
BRDA:379,66,3,0
BRDA:379,66,4,0
BRDA:389,67,0,0
BRDA:389,67,1,0
BRDA:397,68,0,0
BRDA:397,68,1,0
BRDA:398,69,0,0
BRDA:398,69,1,0
BRDA:399,70,0,0
BRDA:399,70,1,0
BRDA:400,71,0,0
BRDA:400,71,1,0
BRDA:401,72,0,0
BRDA:401,72,1,0
BRDA:402,73,0,0
BRDA:402,73,1,0
BRDA:403,74,0,0
BRDA:403,74,1,0
BRDA:421,75,0,0
BRDA:421,75,1,0
BRDA:421,75,2,0
BRDA:421,75,3,0
BRDA:421,75,4,0
BRDA:421,75,5,0
BRDA:432,76,0,0
BRDA:432,76,1,0
BRDA:461,77,0,0
BRDA:461,77,1,0
BRDA:461,77,2,0
BRDA:461,77,3,0
BRDA:461,77,4,0
BRDA:468,78,0,0
BRDA:468,78,1,0
BRDA:474,79,0,0
BRDA:474,79,1,0
BRDA:491,80,0,0
BRDA:491,80,1,0
BRDA:491,80,2,0
BRDA:491,80,3,0
BRDA:491,80,4,0
BRDA:505,81,0,0
BRDA:505,81,1,0
BRDA:514,82,0,0
BRDA:514,82,1,0
BRDA:531,83,0,0
BRDA:531,83,1,0
BRDA:531,83,2,0
BRDA:531,83,3,0
BRDA:541,84,0,0
BRDA:541,84,1,0
BRDA:557,85,0,0
BRDA:557,85,1,0
BRDA:557,85,2,0
BRDA:557,85,3,0
BRDA:568,86,0,0
BRDA:568,86,1,0
BRDA:584,87,0,0
BRDA:584,87,1,0
BRDA:602,88,0,0
BRDA:602,88,1,0
BRDA:602,88,2,0
BRDA:602,88,3,0
BRDA:602,88,4,0
BRDA:602,88,5,0
BRDA:602,88,6,0
BRDA:612,89,0,0
BRDA:612,89,1,0
BRDA:622,90,0,0
BRDA:622,90,1,0
BRDA:627,91,0,0
BRDA:627,91,1,0
BRDA:651,92,0,0
BRDA:651,92,1,0
BRDA:651,92,2,0
BRDA:651,92,3,0
BRDA:651,92,4,0
BRDA:651,92,5,0
BRDA:651,92,6,0
BRDA:661,93,0,0
BRDA:661,93,1,0
BRDA:666,94,0,0
BRDA:666,94,1,0
BRDA:676,95,0,0
BRDA:676,95,1,0
BRDA:700,96,0,0
BRDA:700,96,1,0
BRDA:700,96,2,0
BRDA:700,96,3,0
BRDA:736,97,0,0
BRDA:736,97,1,0
BRDA:736,97,2,0
BRDA:736,97,3,0
BRF:261
BRH:20
end_of_record
TN:
SF:build\utils\convertDataTypes.js
FN:4,(anonymous_0)
FN:5,(anonymous_1)
FN:6,(anonymous_2)
FNF:3
FNH:1
FNDA:3,(anonymous_0)
FNDA:0,(anonymous_1)
FNDA:0,(anonymous_2)
DA:2,1
DA:3,1
DA:4,1
DA:5,3
DA:6,0
DA:7,0
DA:8,0
DA:9,0
DA:10,0
DA:11,0
DA:15,0
DA:18,1
LF:12
LH:5
BRDA:7,0,0,0
BRDA:7,0,1,0
BRDA:9,1,0,0
BRDA:9,1,1,0
BRF:4
BRH:0
end_of_record
TN:
SF:build\utils\createHash.js
FN:2,(anonymous_0)
FN:3,adopt
FN:3,(anonymous_2)
FN:4,(anonymous_3)
FN:5,fulfilled
FN:6,rejected
FN:7,step
FN:11,(anonymous_7)
FN:12,(anonymous_8)
FN:13,(anonymous_9)
FN:14,verb
FN:14,(anonymous_11)
FN:15,step
FN:42,hashPassword
FN:43,(anonymous_14)
FN:45,(anonymous_15)
FN:62,verifyHash
FN:63,(anonymous_17)
FN:64,(anonymous_18)
FNF:19
FNH:0
FNDA:0,(anonymous_0)
FNDA:0,adopt
FNDA:0,(anonymous_2)
FNDA:0,(anonymous_3)
FNDA:0,fulfilled
FNDA:0,rejected
FNDA:0,step
FNDA:0,(anonymous_7)
FNDA:0,(anonymous_8)
FNDA:0,(anonymous_9)
FNDA:0,verb
FNDA:0,(anonymous_11)
FNDA:0,step
FNDA:0,hashPassword
FNDA:0,(anonymous_14)
FNDA:0,(anonymous_15)
FNDA:0,verifyHash
FNDA:0,(anonymous_17)
FNDA:0,(anonymous_18)
DA:2,1
DA:3,0
DA:4,0
DA:5,0
DA:6,0
DA:7,0
DA:8,0
DA:11,1
DA:12,0
DA:13,0
DA:14,0
DA:16,0
DA:17,0
DA:18,0
DA:19,0
DA:20,0
DA:21,0
DA:22,0
DA:23,0
DA:24,0
DA:26,0
DA:27,0
DA:28,0
DA:29,0
DA:30,0
DA:31,0
DA:33,0
DA:34,0
DA:35,0
DA:38,1
DA:39,1
DA:40,1
DA:41,1
DA:43,0
DA:45,0
DA:46,0
DA:48,0
DA:49,0
DA:51,0
DA:52,0
DA:54,0
DA:55,0
DA:56,0
DA:61,1
DA:63,0
DA:64,0
DA:65,0
DA:66,0
DA:68,0
DA:69,0
DA:72,0
DA:74,0
DA:79,1
LF:53
LH:8
BRDA:2,0,0,1
BRDA:2,0,1,0
BRDA:2,0,2,1
BRDA:3,1,0,0
BRDA:3,1,1,0
BRDA:4,2,0,0
BRDA:4,2,1,0
BRDA:7,3,0,0
BRDA:7,3,1,0
BRDA:8,4,0,0
BRDA:8,4,1,0
BRDA:11,5,0,1
BRDA:11,5,1,0
BRDA:11,5,2,1
BRDA:12,6,0,0
BRDA:12,6,1,0
BRDA:13,7,0,0
BRDA:13,7,1,0
BRDA:16,8,0,0
BRDA:16,8,1,0
BRDA:17,9,0,0
BRDA:17,9,1,0
BRDA:17,10,0,0
BRDA:17,10,1,0
BRDA:18,11,0,0
BRDA:18,11,1,0
BRDA:18,12,0,0
BRDA:18,12,1,0
BRDA:18,12,2,0
BRDA:18,13,0,0
BRDA:18,13,1,0
BRDA:18,14,0,0
BRDA:18,14,1,0
BRDA:18,15,0,0
BRDA:18,15,1,0
BRDA:18,16,0,0
BRDA:18,16,1,0
BRDA:19,17,0,0
BRDA:19,17,1,0
BRDA:20,18,0,0
BRDA:20,18,1,0
BRDA:20,18,2,0
BRDA:20,18,3,0
BRDA:20,18,4,0
BRDA:20,18,5,0
BRDA:26,19,0,0
BRDA:26,19,1,0
BRDA:26,20,0,0
BRDA:26,20,1,0
BRDA:26,20,2,0
BRDA:26,21,0,0
BRDA:26,21,1,0
BRDA:27,22,0,0
BRDA:27,22,1,0
BRDA:27,23,0,0
BRDA:27,23,1,0
BRDA:27,23,2,0
BRDA:27,23,3,0
BRDA:28,24,0,0
BRDA:28,24,1,0
BRDA:28,25,0,0
BRDA:28,25,1,0
BRDA:29,26,0,0
BRDA:29,26,1,0
BRDA:29,27,0,0
BRDA:29,27,1,0
BRDA:30,28,0,0
BRDA:30,28,1,0
BRDA:35,29,0,0
BRDA:35,29,1,0
BRDA:35,30,0,0
BRDA:35,30,1,0
BRDA:46,31,0,0
BRDA:46,31,1,0
BRDA:46,31,2,0
BRDA:46,31,3,0
BRDA:65,32,0,0
BRDA:65,32,1,0
BRDA:68,33,0,0
BRDA:68,33,1,0
BRF:80
BRH:4
end_of_record
TN:
SF:build\utils\logger.js
FNF:0
FNH:0
DA:2,1
DA:3,1
DA:4,1
DA:5,1
DA:16,1
LF:5
LH:5
BRF:0
BRH:0
end_of_record
TN:
SF:build\utils\rateLimiter.js
FN:2,(anonymous_0)
FNF:1
FNH:1
FNDA:1,(anonymous_0)
DA:2,1
DA:3,1
DA:5,1
DA:6,1
DA:7,1
DA:8,1
LF:6
LH:6
BRDA:2,0,0,1
BRDA:2,0,1,0
BRDA:2,0,2,1
BRDA:3,1,0,0
BRDA:3,1,1,1
BRDA:3,2,0,1
BRDA:3,2,1,1
BRF:7
BRH:5
end_of_record
TN:
SF:build\utils\resizeImages.js
FN:2,(anonymous_0)
FN:3,adopt
FN:3,(anonymous_2)
FN:4,(anonymous_3)
FN:5,fulfilled
FN:6,rejected
FN:7,step
FN:11,(anonymous_7)
FN:12,(anonymous_8)
FN:13,(anonymous_9)
FN:14,verb
FN:14,(anonymous_11)
FN:15,step
FN:38,(anonymous_13)
FN:44,resizeImages
FN:45,(anonymous_15)
FN:47,(anonymous_16)
FN:62,convertBase64
FN:63,(anonymous_18)
FN:65,(anonymous_19)
FNF:20
FNH:1
FNDA:0,(anonymous_0)
FNDA:0,adopt
FNDA:0,(anonymous_2)
FNDA:0,(anonymous_3)
FNDA:0,fulfilled
FNDA:0,rejected
FNDA:0,step
FNDA:0,(anonymous_7)
FNDA:0,(anonymous_8)
FNDA:0,(anonymous_9)
FNDA:0,verb
FNDA:0,(anonymous_11)
FNDA:0,step
FNDA:1,(anonymous_13)
FNDA:0,resizeImages
FNDA:0,(anonymous_15)
FNDA:0,(anonymous_16)
FNDA:0,convertBase64
FNDA:0,(anonymous_18)
FNDA:0,(anonymous_19)
DA:2,1
DA:3,0
DA:4,0
DA:5,0
DA:6,0
DA:7,0
DA:8,0
DA:11,1
DA:12,0
DA:13,0
DA:14,0
DA:16,0
DA:17,0
DA:18,0
DA:19,0
DA:20,0
DA:21,0
DA:22,0
DA:23,0
DA:24,0
DA:26,0
DA:27,0
DA:28,0
DA:29,0
DA:30,0
DA:31,0
DA:33,0
DA:34,0
DA:35,0
DA:38,1
DA:39,1
DA:41,1
DA:42,1
DA:43,1
DA:45,0
DA:47,0
DA:48,0
DA:50,0
DA:51,0
DA:56,0
DA:61,1
DA:63,0
DA:65,0
DA:66,0
DA:67,0
DA:71,1
LF:46
LH:9
BRDA:2,0,0,1
BRDA:2,0,1,0
BRDA:2,0,2,1
BRDA:3,1,0,0
BRDA:3,1,1,0
BRDA:4,2,0,0
BRDA:4,2,1,0
BRDA:7,3,0,0
BRDA:7,3,1,0
BRDA:8,4,0,0
BRDA:8,4,1,0
BRDA:11,5,0,1
BRDA:11,5,1,0
BRDA:11,5,2,1
BRDA:12,6,0,0
BRDA:12,6,1,0
BRDA:13,7,0,0
BRDA:13,7,1,0
BRDA:16,8,0,0
BRDA:16,8,1,0
BRDA:17,9,0,0
BRDA:17,9,1,0
BRDA:17,10,0,0
BRDA:17,10,1,0
BRDA:18,11,0,0
BRDA:18,11,1,0
BRDA:18,12,0,0
BRDA:18,12,1,0
BRDA:18,12,2,0
BRDA:18,13,0,0
BRDA:18,13,1,0
BRDA:18,14,0,0
BRDA:18,14,1,0
BRDA:18,15,0,0
BRDA:18,15,1,0
BRDA:18,16,0,0
BRDA:18,16,1,0
BRDA:19,17,0,0
BRDA:19,17,1,0
BRDA:20,18,0,0
BRDA:20,18,1,0
BRDA:20,18,2,0
BRDA:20,18,3,0
BRDA:20,18,4,0
BRDA:20,18,5,0
BRDA:26,19,0,0
BRDA:26,19,1,0
BRDA:26,20,0,0
BRDA:26,20,1,0
BRDA:26,20,2,0
BRDA:26,21,0,0
BRDA:26,21,1,0
BRDA:27,22,0,0
BRDA:27,22,1,0
BRDA:27,23,0,0
BRDA:27,23,1,0
BRDA:27,23,2,0
BRDA:27,23,3,0
BRDA:28,24,0,0
BRDA:28,24,1,0
BRDA:28,25,0,0
BRDA:28,25,1,0
BRDA:29,26,0,0
BRDA:29,26,1,0
BRDA:29,27,0,0
BRDA:29,27,1,0
BRDA:30,28,0,0
BRDA:30,28,1,0
BRDA:35,29,0,0
BRDA:35,29,1,0
BRDA:35,30,0,0
BRDA:35,30,1,0
BRDA:38,31,0,1
BRDA:38,31,1,0
BRDA:38,31,2,1
BRDA:39,32,0,0
BRDA:39,32,1,1
BRDA:39,33,0,1
BRDA:39,33,1,1
BRDA:48,34,0,0
BRDA:48,34,1,0
BRF:81
BRH:9
end_of_record
TN:
SF:build\utils\roleDefinition.js
FN:5,(anonymous_0)
FNF:1
FNH:1
FNDA:1,(anonymous_0)
DA:2,1
DA:3,1
DA:5,1
DA:6,1
DA:7,1
DA:8,1
LF:6
LH:6
BRDA:9,0,0,1
BRDA:9,0,1,1
BRF:2
BRH:2
end_of_record
TN:
SF:build\utils\sanitizeHtml.js
FN:4,sanitizeHtml
FNF:1
FNH:0
FNDA:0,sanitizeHtml
DA:2,1
DA:3,1
DA:5,0
DA:6,0
DA:7,0
DA:8,0
DA:9,0
DA:10,0
DA:11,0
DA:12,0
DA:13,0
DA:14,0
DA:15,0
DA:16,0
DA:20,0
DA:21,0
DA:24,0
DA:25,0
DA:26,0
DA:27,0
DA:29,0
DA:30,0
DA:31,0
DA:32,0
DA:35,0
DA:36,0
DA:39,0
DA:41,0
DA:44,0
DA:48,0
DA:49,0
DA:52,0
DA:57,0
DA:58,0
DA:60,1
LF:35
LH:3
BRDA:12,0,0,0
BRDA:12,0,1,0
BRDA:13,1,0,0
BRDA:13,1,1,0
BRDA:24,2,0,0
BRDA:24,2,1,0
BRDA:25,3,0,0
BRDA:25,3,1,0
BRDA:29,4,0,0
BRDA:29,4,1,0
BRDA:31,5,0,0
BRDA:31,5,1,0
BRDA:35,6,0,0
BRDA:35,6,1,0
BRDA:48,7,0,0
BRDA:48,7,1,0
BRF:16
BRH:0
end_of_record
TN:
SF:build\utils\testConection.js
FN:2,(anonymous_0)
FN:3,adopt
FN:3,(anonymous_2)
FN:4,(anonymous_3)
FN:5,fulfilled
FN:6,rejected
FN:7,step
FN:11,(anonymous_7)
FN:12,(anonymous_8)
FN:13,(anonymous_9)
FN:14,verb
FN:14,(anonymous_11)
FN:15,step
FN:44,(anonymous_13)
FN:44,(anonymous_14)
FN:46,(anonymous_15)
FNF:16
FNH:11
FNDA:1,(anonymous_0)
FNDA:1,adopt
FNDA:0,(anonymous_2)
FNDA:1,(anonymous_3)
FNDA:0,fulfilled
FNDA:0,rejected
FNDA:1,step
FNDA:1,(anonymous_7)
FNDA:0,(anonymous_8)
FNDA:0,(anonymous_9)
FNDA:3,verb
FNDA:1,(anonymous_11)
FNDA:1,step
FNDA:1,(anonymous_13)
FNDA:1,(anonymous_14)
FNDA:1,(anonymous_15)
DA:2,1
DA:3,1
DA:4,1
DA:5,0
DA:6,0
DA:7,1
DA:8,1
DA:11,1
DA:12,1
DA:13,1
DA:14,3
DA:16,1
DA:17,2
DA:18,2
DA:19,2
DA:20,2
DA:21,1
DA:22,1
DA:23,0
DA:24,0
DA:26,0
DA:27,0
DA:28,0
DA:29,0
DA:30,0
DA:31,0
DA:33,1
DA:34,2
DA:35,0
DA:38,1
DA:39,1
DA:40,1
DA:41,1
DA:42,1
DA:43,1
DA:44,1
DA:46,1
DA:47,1
DA:49,1
DA:50,1
DA:52,0
DA:53,0
DA:55,0
DA:56,0
DA:58,0
DA:59,0
DA:60,0
DA:61,0
DA:62,0
DA:63,0
DA:64,0
DA:68,1
LF:52
LH:30
BRDA:2,0,0,1
BRDA:2,0,1,0
BRDA:2,0,2,1
BRDA:3,1,0,1
BRDA:3,1,1,0
BRDA:4,2,0,1
BRDA:4,2,1,1
BRDA:7,3,0,0
BRDA:7,3,1,1
BRDA:8,4,0,1
BRDA:8,4,1,1
BRDA:11,5,0,1
BRDA:11,5,1,0
BRDA:11,5,2,1
BRDA:12,6,0,0
BRDA:12,6,1,0
BRDA:13,7,0,1
BRDA:13,7,1,1
BRDA:16,8,0,0
BRDA:16,8,1,1
BRDA:17,9,0,2
BRDA:17,9,1,1
BRDA:17,10,0,1
BRDA:17,10,1,0
BRDA:18,11,0,0
BRDA:18,11,1,2
BRDA:18,12,0,2
BRDA:18,12,1,0
BRDA:18,12,2,0
BRDA:18,13,0,0
BRDA:18,13,1,0
BRDA:18,14,0,0
BRDA:18,14,1,0
BRDA:18,15,0,0
BRDA:18,15,1,0
BRDA:18,16,0,0
BRDA:18,16,1,0
BRDA:19,17,0,0
BRDA:19,17,1,2
BRDA:20,18,0,1
BRDA:20,18,1,1
BRDA:20,18,2,1
BRDA:20,18,3,0
BRDA:20,18,4,0
BRDA:20,18,5,0
BRDA:26,19,0,0
BRDA:26,19,1,0
BRDA:26,20,0,0
BRDA:26,20,1,0
BRDA:26,20,2,0
BRDA:26,21,0,0
BRDA:26,21,1,0
BRDA:27,22,0,0
BRDA:27,22,1,0
BRDA:27,23,0,0
BRDA:27,23,1,0
BRDA:27,23,2,0
BRDA:27,23,3,0
BRDA:28,24,0,0
BRDA:28,24,1,0
BRDA:28,25,0,0
BRDA:28,25,1,0
BRDA:29,26,0,0
BRDA:29,26,1,0
BRDA:29,27,0,0
BRDA:29,27,1,0
BRDA:30,28,0,0
BRDA:30,28,1,0
BRDA:35,29,0,0
BRDA:35,29,1,0
BRDA:35,30,0,0
BRDA:35,30,1,0
BRDA:47,31,0,1
BRDA:47,31,1,0
BRDA:47,31,2,0
BRDA:47,31,3,0
BRDA:47,31,4,0
BRF:77
BRH:23
end_of_record
TN:
SF:build\utils\swagger\swagger.js
FNF:0
FNH:0
DA:2,1
DA:3,1
DA:4,1
DA:5,1
DA:6,1
DA:7,1
DA:15,1
DA:16,1
LF:8
LH:8
BRF:0
BRH:0
end_of_record
